Directory 'output/2c-1f-avg' created.
___________________________________________________________________________________________________________

Executing experiment 2c-1f run 1...
___________________________________________________________________________________________________________

##############    EXECUTION PARAMETERS    #############
#######################################################
../input/small/30-0.02.csv
30-0.02-2c
2c-1f
2000
#######################################################
Connection established.
maxProcsBefore:  2 maxProcsNow:  2  numCPU:  2
rows: ------------>  79918
TotalExecutionTime, 3m26.634666213s , 206634666 μs, 206634 ms , 206.634666213 s
Finish Program
Connection closed.
___________________________________________________________________________________________________________

Executing experiment 2c-1f run 2...
___________________________________________________________________________________________________________

##############    EXECUTION PARAMETERS    #############
#######################################################
../input/small/30-0.02.csv
30-0.02-2c
2c-1f
2000
#######################################################
Connection established.
maxProcsBefore:  2 maxProcsNow:  2  numCPU:  2
rows: ------------>  79918
TotalExecutionTime, 3m13.247455613s , 193247455 μs, 193247 ms , 193.247455613 s
Finish Program
Connection closed.
___________________________________________________________________________________________________________

Executing experiment 2c-1f run 3...
___________________________________________________________________________________________________________

##############    EXECUTION PARAMETERS    #############
#######################################################
../input/small/30-0.02.csv
30-0.02-2c
2c-1f
2000
#######################################################
Connection established.
maxProcsBefore:  2 maxProcsNow:  2  numCPU:  2
rows: ------------>  79918
TotalExecutionTime, 3m28.180685352s , 208180685 μs, 208180 ms , 208.180685352 s
Finish Program
Connection closed.
___________________________________________________________________________________________________________

Executing experiment 2c-1f run 4...
___________________________________________________________________________________________________________

##############    EXECUTION PARAMETERS    #############
#######################################################
../input/small/30-0.02.csv
30-0.02-2c
2c-1f
2000
#######################################################
Connection established.
maxProcsBefore:  2 maxProcsNow:  2  numCPU:  2
rows: ------------>  79918
TotalExecutionTime, 3m17.617947336s , 197617947 μs, 197617 ms , 197.617947336 s
Finish Program
Connection closed.
___________________________________________________________________________________________________________

Executing experiment 2c-1f run 5...
___________________________________________________________________________________________________________

##############    EXECUTION PARAMETERS    #############
#######################################################
../input/small/30-0.02.csv
30-0.02-2c
2c-1f
2000
#######################################################
Connection established.
maxProcsBefore:  2 maxProcsNow:  2  numCPU:  2
rows: ------------>  79918
TotalExecutionTime, 3m13.905416029s , 193905416 μs, 193905 ms , 193.905416029 s
Finish Program
Connection closed.
___________________________________________________________________________________________________________

Executing experiment 2c-1f run 6...
___________________________________________________________________________________________________________

##############    EXECUTION PARAMETERS    #############
#######################################################
../input/small/30-0.02.csv
30-0.02-2c
2c-1f
2000
#######################################################
Connection established.
maxProcsBefore:  2 maxProcsNow:  2  numCPU:  2
rows: ------------>  79918
TotalExecutionTime, 3m23.869967248s , 203869967 μs, 203869 ms , 203.869967248 s
Finish Program
Connection closed.
___________________________________________________________________________________________________________

Executing experiment 2c-1f run 7...
___________________________________________________________________________________________________________

##############    EXECUTION PARAMETERS    #############
#######################################################
../input/small/30-0.02.csv
30-0.02-2c
2c-1f
2000
#######################################################
Connection established.
maxProcsBefore:  2 maxProcsNow:  2  numCPU:  2
rows: ------------>  79918
TotalExecutionTime, 3m29.079484997s , 209079484 μs, 209079 ms , 209.079484997 s
Finish Program
Connection closed.
___________________________________________________________________________________________________________

Executing experiment 2c-1f run 8...
___________________________________________________________________________________________________________

##############    EXECUTION PARAMETERS    #############
#######################################################
../input/small/30-0.02.csv
30-0.02-2c
2c-1f
2000
#######################################################
Connection established.
maxProcsBefore:  2 maxProcsNow:  2  numCPU:  2
rows: ------------>  79918
TotalExecutionTime, 3m15.878769319s , 195878769 μs, 195878 ms , 195.878769319 s
Finish Program
Connection closed.
___________________________________________________________________________________________________________

Executing experiment 2c-1f run 9...
___________________________________________________________________________________________________________

##############    EXECUTION PARAMETERS    #############
#######################################################
../input/small/30-0.02.csv
30-0.02-2c
2c-1f
2000
#######################################################
Connection established.
maxProcsBefore:  2 maxProcsNow:  2  numCPU:  2
rows: ------------>  79918
TotalExecutionTime, 3m26.750325692s , 206750325 μs, 206750 ms , 206.750325692 s
Finish Program
Connection closed.
___________________________________________________________________________________________________________

Executing experiment 2c-1f run 10...
___________________________________________________________________________________________________________

##############    EXECUTION PARAMETERS    #############
#######################################################
../input/small/30-0.02.csv
30-0.02-2c
2c-1f
2000
#######################################################
Connection established.
maxProcsBefore:  2 maxProcsNow:  2  numCPU:  2
rows: ------------>  79918
TotalExecutionTime, 3m26.809844312s , 206809844 μs, 206809 ms , 206.809844312 s
Finish Program
Connection closed.
Directory 'output/2c-2f-avg' created.
___________________________________________________________________________________________________________

Executing experiment 2c-2f run 1...
___________________________________________________________________________________________________________

##############    EXECUTION PARAMETERS    #############
#######################################################
../input/small/30-0.02.csv
30-0.02-2c
2c-2f
1000
#######################################################
Connection established.
maxProcsBefore:  2 maxProcsNow:  2  numCPU:  2
rows: ------------>  79918
TotalExecutionTime, 1m50.082346466s , 110082346 μs, 110082 ms , 110.082346466 s
Finish Program
Connection closed.
___________________________________________________________________________________________________________

Executing experiment 2c-2f run 2...
___________________________________________________________________________________________________________

##############    EXECUTION PARAMETERS    #############
#######################################################
../input/small/30-0.02.csv
30-0.02-2c
2c-2f
1000
#######################################################
Connection established.
maxProcsBefore:  2 maxProcsNow:  2  numCPU:  2
rows: ------------>  79918
TotalExecutionTime, 1m51.141220706s , 111141220 μs, 111141 ms , 111.141220706 s
Finish Program
Connection closed.
___________________________________________________________________________________________________________

Executing experiment 2c-2f run 3...
___________________________________________________________________________________________________________

##############    EXECUTION PARAMETERS    #############
#######################################################
../input/small/30-0.02.csv
30-0.02-2c
2c-2f
1000
#######################################################
Connection established.
maxProcsBefore:  2 maxProcsNow:  2  numCPU:  2
rows: ------------>  79918
TotalExecutionTime, 1m59.689223846s , 119689223 μs, 119689 ms , 119.689223846 s
Finish Program
Connection closed.
___________________________________________________________________________________________________________

Executing experiment 2c-2f run 4...
___________________________________________________________________________________________________________

##############    EXECUTION PARAMETERS    #############
#######################################################
../input/small/30-0.02.csv
30-0.02-2c
2c-2f
1000
#######################################################
Connection established.
maxProcsBefore:  2 maxProcsNow:  2  numCPU:  2
rows: ------------>  79918
TotalExecutionTime, 1m50.93804195s , 110938041 μs, 110938 ms , 110.93804195 s
Finish Program
Connection closed.
___________________________________________________________________________________________________________

Executing experiment 2c-2f run 5...
___________________________________________________________________________________________________________

##############    EXECUTION PARAMETERS    #############
#######################################################
../input/small/30-0.02.csv
30-0.02-2c
2c-2f
1000
#######################################################
Connection established.
maxProcsBefore:  2 maxProcsNow:  2  numCPU:  2
rows: ------------>  79918
TotalExecutionTime, 1m49.757220897s , 109757220 μs, 109757 ms , 109.757220897 s
Finish Program
Connection closed.
___________________________________________________________________________________________________________

Executing experiment 2c-2f run 6...
___________________________________________________________________________________________________________

##############    EXECUTION PARAMETERS    #############
#######################################################
../input/small/30-0.02.csv
30-0.02-2c
2c-2f
1000
#######################################################
Connection established.
maxProcsBefore:  2 maxProcsNow:  2  numCPU:  2
rows: ------------>  79918
TotalExecutionTime, 1m50.045372509s , 110045372 μs, 110045 ms , 110.045372509 s
Finish Program
Connection closed.
___________________________________________________________________________________________________________

Executing experiment 2c-2f run 7...
___________________________________________________________________________________________________________

##############    EXECUTION PARAMETERS    #############
#######################################################
../input/small/30-0.02.csv
30-0.02-2c
2c-2f
1000
#######################################################
Connection established.
maxProcsBefore:  2 maxProcsNow:  2  numCPU:  2
rows: ------------>  79918
TotalExecutionTime, 1m54.191569339s , 114191569 μs, 114191 ms , 114.191569339 s
Finish Program
Connection closed.
___________________________________________________________________________________________________________

Executing experiment 2c-2f run 8...
___________________________________________________________________________________________________________

##############    EXECUTION PARAMETERS    #############
#######################################################
../input/small/30-0.02.csv
30-0.02-2c
2c-2f
1000
#######################################################
Connection established.
maxProcsBefore:  2 maxProcsNow:  2  numCPU:  2
rows: ------------>  79918
TotalExecutionTime, 1m53.787930708s , 113787930 μs, 113787 ms , 113.787930708 s
Finish Program
Connection closed.
___________________________________________________________________________________________________________

Executing experiment 2c-2f run 9...
___________________________________________________________________________________________________________

##############    EXECUTION PARAMETERS    #############
#######################################################
../input/small/30-0.02.csv
30-0.02-2c
2c-2f
1000
#######################################################
Connection established.
maxProcsBefore:  2 maxProcsNow:  2  numCPU:  2
rows: ------------>  79918
TotalExecutionTime, 1m48.532774589s , 108532774 μs, 108532 ms , 108.532774589 s
Finish Program
Connection closed.
___________________________________________________________________________________________________________

Executing experiment 2c-2f run 10...
___________________________________________________________________________________________________________

##############    EXECUTION PARAMETERS    #############
#######################################################
../input/small/30-0.02.csv
30-0.02-2c
2c-2f
1000
#######################################################
Connection established.
maxProcsBefore:  2 maxProcsNow:  2  numCPU:  2
rows: ------------>  79918
TotalExecutionTime, 1m56.617402355s , 116617402 μs, 116617 ms , 116.617402355 s
Finish Program
Connection closed.
Directory 'output/2c-5f-avg' created.
___________________________________________________________________________________________________________

Executing experiment 2c-5f run 1...
___________________________________________________________________________________________________________

##############    EXECUTION PARAMETERS    #############
#######################################################
../input/small/30-0.02.csv
30-0.02-2c
2c-5f
400
#######################################################
Connection established.
maxProcsBefore:  2 maxProcsNow:  2  numCPU:  2
rows: ------------>  79918
TotalExecutionTime, 39.076399272s , 39076399 μs, 39076 ms , 39.076399272 s
Finish Program
Connection closed.
___________________________________________________________________________________________________________

Executing experiment 2c-5f run 2...
___________________________________________________________________________________________________________

##############    EXECUTION PARAMETERS    #############
#######################################################
../input/small/30-0.02.csv
30-0.02-2c
2c-5f
400
#######################################################
Connection established.
maxProcsBefore:  2 maxProcsNow:  2  numCPU:  2
rows: ------------>  79918
TotalExecutionTime, 41.07708899s , 41077088 μs, 41077 ms , 41.07708899 s
Finish Program
Connection closed.
___________________________________________________________________________________________________________

Executing experiment 2c-5f run 3...
___________________________________________________________________________________________________________

##############    EXECUTION PARAMETERS    #############
#######################################################
../input/small/30-0.02.csv
30-0.02-2c
2c-5f
400
#######################################################
Connection established.
maxProcsBefore:  2 maxProcsNow:  2  numCPU:  2
rows: ------------>  79918
TotalExecutionTime, 39.88102761s , 39881027 μs, 39881 ms , 39.88102761 s
Finish Program
Connection closed.
___________________________________________________________________________________________________________

Executing experiment 2c-5f run 4...
___________________________________________________________________________________________________________

##############    EXECUTION PARAMETERS    #############
#######################################################
../input/small/30-0.02.csv
30-0.02-2c
2c-5f
400
#######################################################
Connection established.
maxProcsBefore:  2 maxProcsNow:  2  numCPU:  2
rows: ------------>  79918
TotalExecutionTime, 39.920730544s , 39920730 μs, 39920 ms , 39.920730544 s
Finish Program
Connection closed.
___________________________________________________________________________________________________________

Executing experiment 2c-5f run 5...
___________________________________________________________________________________________________________

##############    EXECUTION PARAMETERS    #############
#######################################################
../input/small/30-0.02.csv
30-0.02-2c
2c-5f
400
#######################################################
Connection established.
maxProcsBefore:  2 maxProcsNow:  2  numCPU:  2
rows: ------------>  79918
TotalExecutionTime, 41.506880733s , 41506880 μs, 41506 ms , 41.506880733 s
Finish Program
Connection closed.
___________________________________________________________________________________________________________

Executing experiment 2c-5f run 6...
___________________________________________________________________________________________________________

##############    EXECUTION PARAMETERS    #############
#######################################################
../input/small/30-0.02.csv
30-0.02-2c
2c-5f
400
#######################################################
Connection established.
maxProcsBefore:  2 maxProcsNow:  2  numCPU:  2
rows: ------------>  79918
TotalExecutionTime, 38.871583107s , 38871583 μs, 38871 ms , 38.871583107 s
Finish Program
Connection closed.
___________________________________________________________________________________________________________

Executing experiment 2c-5f run 7...
___________________________________________________________________________________________________________

##############    EXECUTION PARAMETERS    #############
#######################################################
../input/small/30-0.02.csv
30-0.02-2c
2c-5f
400
#######################################################
Connection established.
maxProcsBefore:  2 maxProcsNow:  2  numCPU:  2
rows: ------------>  79918
TotalExecutionTime, 38.512386756s , 38512386 μs, 38512 ms , 38.512386756 s
Finish Program
Connection closed.
___________________________________________________________________________________________________________

Executing experiment 2c-5f run 8...
___________________________________________________________________________________________________________

##############    EXECUTION PARAMETERS    #############
#######################################################
../input/small/30-0.02.csv
30-0.02-2c
2c-5f
400
#######################################################
Connection established.
maxProcsBefore:  2 maxProcsNow:  2  numCPU:  2
rows: ------------>  79918
TotalExecutionTime, 39.445843528s , 39445843 μs, 39445 ms , 39.445843528 s
Finish Program
Connection closed.
___________________________________________________________________________________________________________

Executing experiment 2c-5f run 9...
___________________________________________________________________________________________________________

##############    EXECUTION PARAMETERS    #############
#######################################################
../input/small/30-0.02.csv
30-0.02-2c
2c-5f
400
#######################################################
Connection established.
maxProcsBefore:  2 maxProcsNow:  2  numCPU:  2
rows: ------------>  79918
TotalExecutionTime, 40.634174237s , 40634174 μs, 40634 ms , 40.634174237 s
Finish Program
Connection closed.
___________________________________________________________________________________________________________

Executing experiment 2c-5f run 10...
___________________________________________________________________________________________________________

##############    EXECUTION PARAMETERS    #############
#######################################################
../input/small/30-0.02.csv
30-0.02-2c
2c-5f
400
#######################################################
Connection established.
maxProcsBefore:  2 maxProcsNow:  2  numCPU:  2
rows: ------------>  79918
TotalExecutionTime, 38.964759267s , 38964759 μs, 38964 ms , 38.964759267 s
Finish Program
Connection closed.
Directory 'output/2c-10f-avg' created.
___________________________________________________________________________________________________________

Executing experiment 2c-10f run 1...
___________________________________________________________________________________________________________

##############    EXECUTION PARAMETERS    #############
#######################################################
../input/small/30-0.02.csv
30-0.02-2c
2c-10f
200
#######################################################
Connection established.
maxProcsBefore:  2 maxProcsNow:  2  numCPU:  2
rows: ------------>  79918
TotalExecutionTime, 25.742019544s , 25742019 μs, 25742 ms , 25.742019544 s
Finish Program
Connection closed.
___________________________________________________________________________________________________________

Executing experiment 2c-10f run 2...
___________________________________________________________________________________________________________

##############    EXECUTION PARAMETERS    #############
#######################################################
../input/small/30-0.02.csv
30-0.02-2c
2c-10f
200
#######################################################
Connection established.
maxProcsBefore:  2 maxProcsNow:  2  numCPU:  2
rows: ------------>  79918
TotalExecutionTime, 25.882459992s , 25882459 μs, 25882 ms , 25.882459992 s
Finish Program
Connection closed.
___________________________________________________________________________________________________________

Executing experiment 2c-10f run 3...
___________________________________________________________________________________________________________

##############    EXECUTION PARAMETERS    #############
#######################################################
../input/small/30-0.02.csv
30-0.02-2c
2c-10f
200
#######################################################
Connection established.
maxProcsBefore:  2 maxProcsNow:  2  numCPU:  2
rows: ------------>  79918
TotalExecutionTime, 24.53704923s , 24537049 μs, 24537 ms , 24.53704923 s
Finish Program
Connection closed.
___________________________________________________________________________________________________________

Executing experiment 2c-10f run 4...
___________________________________________________________________________________________________________

##############    EXECUTION PARAMETERS    #############
#######################################################
../input/small/30-0.02.csv
30-0.02-2c
2c-10f
200
#######################################################
Connection established.
maxProcsBefore:  2 maxProcsNow:  2  numCPU:  2
rows: ------------>  79918
TotalExecutionTime, 25.747015698s , 25747015 μs, 25747 ms , 25.747015698 s
Finish Program
Connection closed.
___________________________________________________________________________________________________________

Executing experiment 2c-10f run 5...
___________________________________________________________________________________________________________

##############    EXECUTION PARAMETERS    #############
#######################################################
../input/small/30-0.02.csv
30-0.02-2c
2c-10f
200
#######################################################
Connection established.
maxProcsBefore:  2 maxProcsNow:  2  numCPU:  2
rows: ------------>  79918
TotalExecutionTime, 25.289761175s , 25289761 μs, 25289 ms , 25.289761175 s
Finish Program
Connection closed.
___________________________________________________________________________________________________________

Executing experiment 2c-10f run 6...
___________________________________________________________________________________________________________

##############    EXECUTION PARAMETERS    #############
#######################################################
../input/small/30-0.02.csv
30-0.02-2c
2c-10f
200
#######################################################
Connection established.
maxProcsBefore:  2 maxProcsNow:  2  numCPU:  2
rows: ------------>  79918
TotalExecutionTime, 23.928081431s , 23928081 μs, 23928 ms , 23.928081431 s
Finish Program
Connection closed.
___________________________________________________________________________________________________________

Executing experiment 2c-10f run 7...
___________________________________________________________________________________________________________

##############    EXECUTION PARAMETERS    #############
#######################################################
../input/small/30-0.02.csv
30-0.02-2c
2c-10f
200
#######################################################
Connection established.
maxProcsBefore:  2 maxProcsNow:  2  numCPU:  2
rows: ------------>  79918
TotalExecutionTime, 24.755614367s , 24755614 μs, 24755 ms , 24.755614367 s
Finish Program
Connection closed.
___________________________________________________________________________________________________________

Executing experiment 2c-10f run 8...
___________________________________________________________________________________________________________

##############    EXECUTION PARAMETERS    #############
#######################################################
../input/small/30-0.02.csv
30-0.02-2c
2c-10f
200
#######################################################
Connection established.
maxProcsBefore:  2 maxProcsNow:  2  numCPU:  2
rows: ------------>  79918
TotalExecutionTime, 24.995110684s , 24995110 μs, 24995 ms , 24.995110684 s
Finish Program
Connection closed.
___________________________________________________________________________________________________________

Executing experiment 2c-10f run 9...
___________________________________________________________________________________________________________

##############    EXECUTION PARAMETERS    #############
#######################################################
../input/small/30-0.02.csv
30-0.02-2c
2c-10f
200
#######################################################
Connection established.
maxProcsBefore:  2 maxProcsNow:  2  numCPU:  2
rows: ------------>  79918
TotalExecutionTime, 24.332687923s , 24332687 μs, 24332 ms , 24.332687923 s
Finish Program
Connection closed.
___________________________________________________________________________________________________________

Executing experiment 2c-10f run 10...
___________________________________________________________________________________________________________

##############    EXECUTION PARAMETERS    #############
#######################################################
../input/small/30-0.02.csv
30-0.02-2c
2c-10f
200
#######################################################
Connection established.
maxProcsBefore:  2 maxProcsNow:  2  numCPU:  2
rows: ------------>  79918
TotalExecutionTime, 24.684969109s , 24684969 μs, 24684 ms , 24.684969109 s
Finish Program
Connection closed.
Directory 'output/2c-20f-avg' created.
___________________________________________________________________________________________________________

Executing experiment 2c-20f run 1...
___________________________________________________________________________________________________________

##############    EXECUTION PARAMETERS    #############
#######################################################
../input/small/30-0.02.csv
30-0.02-2c
2c-20f
100
#######################################################
Connection established.
maxProcsBefore:  2 maxProcsNow:  2  numCPU:  2
rows: ------------>  79918
TotalExecutionTime, 20.135628782s , 20135628 μs, 20135 ms , 20.135628782 s
Finish Program
Connection closed.
___________________________________________________________________________________________________________

Executing experiment 2c-20f run 2...
___________________________________________________________________________________________________________

##############    EXECUTION PARAMETERS    #############
#######################################################
../input/small/30-0.02.csv
30-0.02-2c
2c-20f
100
#######################################################
Connection established.
maxProcsBefore:  2 maxProcsNow:  2  numCPU:  2
rows: ------------>  79918
TotalExecutionTime, 20.21234524s , 20212345 μs, 20212 ms , 20.21234524 s
Finish Program
Connection closed.
___________________________________________________________________________________________________________

Executing experiment 2c-20f run 3...
___________________________________________________________________________________________________________

##############    EXECUTION PARAMETERS    #############
#######################################################
../input/small/30-0.02.csv
30-0.02-2c
2c-20f
100
#######################################################
Connection established.
maxProcsBefore:  2 maxProcsNow:  2  numCPU:  2
rows: ------------>  79918
TotalExecutionTime, 21.566139494s , 21566139 μs, 21566 ms , 21.566139494 s
Finish Program
Connection closed.
___________________________________________________________________________________________________________

Executing experiment 2c-20f run 4...
___________________________________________________________________________________________________________

##############    EXECUTION PARAMETERS    #############
#######################################################
../input/small/30-0.02.csv
30-0.02-2c
2c-20f
100
#######################################################
Connection established.
maxProcsBefore:  2 maxProcsNow:  2  numCPU:  2
rows: ------------>  79918
TotalExecutionTime, 19.774781358s , 19774781 μs, 19774 ms , 19.774781358 s
Finish Program
Connection closed.
___________________________________________________________________________________________________________

Executing experiment 2c-20f run 5...
___________________________________________________________________________________________________________

##############    EXECUTION PARAMETERS    #############
#######################################################
../input/small/30-0.02.csv
30-0.02-2c
2c-20f
100
#######################################################
Connection established.
maxProcsBefore:  2 maxProcsNow:  2  numCPU:  2
rows: ------------>  79918
TotalExecutionTime, 20.753381368s , 20753381 μs, 20753 ms , 20.753381368 s
Finish Program
Connection closed.
___________________________________________________________________________________________________________

Executing experiment 2c-20f run 6...
___________________________________________________________________________________________________________

##############    EXECUTION PARAMETERS    #############
#######################################################
../input/small/30-0.02.csv
30-0.02-2c
2c-20f
100
#######################################################
Connection established.
maxProcsBefore:  2 maxProcsNow:  2  numCPU:  2
rows: ------------>  79918
TotalExecutionTime, 19.364533849s , 19364533 μs, 19364 ms , 19.364533849 s
Finish Program
Connection closed.
___________________________________________________________________________________________________________

Executing experiment 2c-20f run 7...
___________________________________________________________________________________________________________

##############    EXECUTION PARAMETERS    #############
#######################################################
../input/small/30-0.02.csv
30-0.02-2c
2c-20f
100
#######################################################
Connection established.
maxProcsBefore:  2 maxProcsNow:  2  numCPU:  2
rows: ------------>  79918
TotalExecutionTime, 20.563173986s , 20563173 μs, 20563 ms , 20.563173986 s
Finish Program
Connection closed.
___________________________________________________________________________________________________________

Executing experiment 2c-20f run 8...
___________________________________________________________________________________________________________

##############    EXECUTION PARAMETERS    #############
#######################################################
../input/small/30-0.02.csv
30-0.02-2c
2c-20f
100
#######################################################
Connection established.
maxProcsBefore:  2 maxProcsNow:  2  numCPU:  2
rows: ------------>  79918
TotalExecutionTime, 20.783359772s , 20783359 μs, 20783 ms , 20.783359772 s
Finish Program
Connection closed.
___________________________________________________________________________________________________________

Executing experiment 2c-20f run 9...
___________________________________________________________________________________________________________

##############    EXECUTION PARAMETERS    #############
#######################################################
../input/small/30-0.02.csv
30-0.02-2c
2c-20f
100
#######################################################
Connection established.
maxProcsBefore:  2 maxProcsNow:  2  numCPU:  2
rows: ------------>  79918
TotalExecutionTime, 19.979294923s , 19979294 μs, 19979 ms , 19.979294923 s
Finish Program
Connection closed.
___________________________________________________________________________________________________________

Executing experiment 2c-20f run 10...
___________________________________________________________________________________________________________

##############    EXECUTION PARAMETERS    #############
#######################################################
../input/small/30-0.02.csv
30-0.02-2c
2c-20f
100
#######################################################
Connection established.
maxProcsBefore:  2 maxProcsNow:  2  numCPU:  2
rows: ------------>  79918
TotalExecutionTime, 20.870570993s , 20870570 μs, 20870 ms , 20.870570993 s
Finish Program
Connection closed.
Directory 'output/2c-40f-avg' created.
___________________________________________________________________________________________________________

Executing experiment 2c-40f run 1...
___________________________________________________________________________________________________________

##############    EXECUTION PARAMETERS    #############
#######################################################
../input/small/30-0.02.csv
30-0.02-2c
2c-40f
50
#######################################################
Connection established.
maxProcsBefore:  2 maxProcsNow:  2  numCPU:  2
rows: ------------>  79918
TotalExecutionTime, 18.41058347s , 18410583 μs, 18410 ms , 18.41058347 s
Finish Program
Connection closed.
___________________________________________________________________________________________________________

Executing experiment 2c-40f run 2...
___________________________________________________________________________________________________________

##############    EXECUTION PARAMETERS    #############
#######################################################
../input/small/30-0.02.csv
30-0.02-2c
2c-40f
50
#######################################################
Connection established.
maxProcsBefore:  2 maxProcsNow:  2  numCPU:  2
rows: ------------>  79918
TotalExecutionTime, 18.709466749s , 18709466 μs, 18709 ms , 18.709466749 s
Finish Program
Connection closed.
___________________________________________________________________________________________________________

Executing experiment 2c-40f run 3...
___________________________________________________________________________________________________________

##############    EXECUTION PARAMETERS    #############
#######################################################
../input/small/30-0.02.csv
30-0.02-2c
2c-40f
50
#######################################################
Connection established.
maxProcsBefore:  2 maxProcsNow:  2  numCPU:  2
rows: ------------>  79918
TotalExecutionTime, 17.627520125s , 17627520 μs, 17627 ms , 17.627520125 s
Finish Program
Connection closed.
___________________________________________________________________________________________________________

Executing experiment 2c-40f run 4...
___________________________________________________________________________________________________________

##############    EXECUTION PARAMETERS    #############
#######################################################
../input/small/30-0.02.csv
30-0.02-2c
2c-40f
50
#######################################################
Connection established.
maxProcsBefore:  2 maxProcsNow:  2  numCPU:  2
rows: ------------>  79918
TotalExecutionTime, 18.268157784s , 18268157 μs, 18268 ms , 18.268157784 s
Finish Program
Connection closed.
___________________________________________________________________________________________________________

Executing experiment 2c-40f run 5...
___________________________________________________________________________________________________________

##############    EXECUTION PARAMETERS    #############
#######################################################
../input/small/30-0.02.csv
30-0.02-2c
2c-40f
50
#######################################################
Connection established.
maxProcsBefore:  2 maxProcsNow:  2  numCPU:  2
rows: ------------>  79918
TotalExecutionTime, 18.425142238s , 18425142 μs, 18425 ms , 18.425142238 s
Finish Program
Connection closed.
___________________________________________________________________________________________________________

Executing experiment 2c-40f run 6...
___________________________________________________________________________________________________________

##############    EXECUTION PARAMETERS    #############
#######################################################
../input/small/30-0.02.csv
30-0.02-2c
2c-40f
50
#######################################################
Connection established.
maxProcsBefore:  2 maxProcsNow:  2  numCPU:  2
rows: ------------>  79918
TotalExecutionTime, 18.705715114s , 18705715 μs, 18705 ms , 18.705715114 s
Finish Program
Connection closed.
___________________________________________________________________________________________________________

Executing experiment 2c-40f run 7...
___________________________________________________________________________________________________________

##############    EXECUTION PARAMETERS    #############
#######################################################
../input/small/30-0.02.csv
30-0.02-2c
2c-40f
50
#######################################################
Connection established.
maxProcsBefore:  2 maxProcsNow:  2  numCPU:  2
rows: ------------>  79918
TotalExecutionTime, 18.931121595s , 18931121 μs, 18931 ms , 18.931121595 s
Finish Program
Connection closed.
___________________________________________________________________________________________________________

Executing experiment 2c-40f run 8...
___________________________________________________________________________________________________________

##############    EXECUTION PARAMETERS    #############
#######################################################
../input/small/30-0.02.csv
30-0.02-2c
2c-40f
50
#######################################################
Connection established.
maxProcsBefore:  2 maxProcsNow:  2  numCPU:  2
rows: ------------>  79918
TotalExecutionTime, 18.260453926s , 18260453 μs, 18260 ms , 18.260453926 s
Finish Program
Connection closed.
___________________________________________________________________________________________________________

Executing experiment 2c-40f run 9...
___________________________________________________________________________________________________________

##############    EXECUTION PARAMETERS    #############
#######################################################
../input/small/30-0.02.csv
30-0.02-2c
2c-40f
50
#######################################################
Connection established.
maxProcsBefore:  2 maxProcsNow:  2  numCPU:  2
rows: ------------>  79918
TotalExecutionTime, 18.499056563s , 18499056 μs, 18499 ms , 18.499056563 s
Finish Program
Connection closed.
___________________________________________________________________________________________________________

Executing experiment 2c-40f run 10...
___________________________________________________________________________________________________________

##############    EXECUTION PARAMETERS    #############
#######################################################
../input/small/30-0.02.csv
30-0.02-2c
2c-40f
50
#######################################################
Connection established.
maxProcsBefore:  2 maxProcsNow:  2  numCPU:  2
rows: ------------>  79918
TotalExecutionTime, 18.490735859s , 18490735 μs, 18490 ms , 18.490735859 s
Finish Program
Connection closed.
Directory 'output/2c-100f-avg' created.
___________________________________________________________________________________________________________

Executing experiment 2c-100f run 1...
___________________________________________________________________________________________________________

##############    EXECUTION PARAMETERS    #############
#######################################################
../input/small/30-0.02.csv
30-0.02-2c
2c-100f
20
#######################################################
Connection established.
maxProcsBefore:  2 maxProcsNow:  2  numCPU:  2
rows: ------------>  79918
TotalExecutionTime, 17.728115601s , 17728115 μs, 17728 ms , 17.728115601 s
Finish Program
Connection closed.
___________________________________________________________________________________________________________

Executing experiment 2c-100f run 2...
___________________________________________________________________________________________________________

##############    EXECUTION PARAMETERS    #############
#######################################################
../input/small/30-0.02.csv
30-0.02-2c
2c-100f
20
#######################################################
Connection established.
maxProcsBefore:  2 maxProcsNow:  2  numCPU:  2
rows: ------------>  79918
TotalExecutionTime, 17.233246505s , 17233246 μs, 17233 ms , 17.233246505 s
Finish Program
Connection closed.
___________________________________________________________________________________________________________

Executing experiment 2c-100f run 3...
___________________________________________________________________________________________________________

##############    EXECUTION PARAMETERS    #############
#######################################################
../input/small/30-0.02.csv
30-0.02-2c
2c-100f
20
#######################################################
Connection established.
maxProcsBefore:  2 maxProcsNow:  2  numCPU:  2
rows: ------------>  79918
TotalExecutionTime, 17.329353885s , 17329353 μs, 17329 ms , 17.329353885 s
Finish Program
Connection closed.
___________________________________________________________________________________________________________

Executing experiment 2c-100f run 4...
___________________________________________________________________________________________________________

##############    EXECUTION PARAMETERS    #############
#######################################################
../input/small/30-0.02.csv
30-0.02-2c
2c-100f
20
#######################################################
Connection established.
maxProcsBefore:  2 maxProcsNow:  2  numCPU:  2
rows: ------------>  79918
TotalExecutionTime, 17.932501678s , 17932501 μs, 17932 ms , 17.932501678 s
Finish Program
Connection closed.
___________________________________________________________________________________________________________

Executing experiment 2c-100f run 5...
___________________________________________________________________________________________________________

##############    EXECUTION PARAMETERS    #############
#######################################################
../input/small/30-0.02.csv
30-0.02-2c
2c-100f
20
#######################################################
Connection established.
maxProcsBefore:  2 maxProcsNow:  2  numCPU:  2
rows: ------------>  79918
TotalExecutionTime, 17.589385155s , 17589385 μs, 17589 ms , 17.589385155 s
Finish Program
Connection closed.
___________________________________________________________________________________________________________

Executing experiment 2c-100f run 6...
___________________________________________________________________________________________________________

##############    EXECUTION PARAMETERS    #############
#######################################################
../input/small/30-0.02.csv
30-0.02-2c
2c-100f
20
#######################################################
Connection established.
maxProcsBefore:  2 maxProcsNow:  2  numCPU:  2
rows: ------------>  79918
TotalExecutionTime, 17.091055765s , 17091055 μs, 17091 ms , 17.091055765 s
Finish Program
Connection closed.
___________________________________________________________________________________________________________

Executing experiment 2c-100f run 7...
___________________________________________________________________________________________________________

##############    EXECUTION PARAMETERS    #############
#######################################################
../input/small/30-0.02.csv
30-0.02-2c
2c-100f
20
#######################################################
Connection established.
maxProcsBefore:  2 maxProcsNow:  2  numCPU:  2
rows: ------------>  79918
TotalExecutionTime, 18.003436463s , 18003436 μs, 18003 ms , 18.003436463 s
Finish Program
Connection closed.
___________________________________________________________________________________________________________

Executing experiment 2c-100f run 8...
___________________________________________________________________________________________________________

##############    EXECUTION PARAMETERS    #############
#######################################################
../input/small/30-0.02.csv
30-0.02-2c
2c-100f
20
#######################################################
Connection established.
maxProcsBefore:  2 maxProcsNow:  2  numCPU:  2
rows: ------------>  79918
TotalExecutionTime, 17.024588493s , 17024588 μs, 17024 ms , 17.024588493 s
Finish Program
Connection closed.
___________________________________________________________________________________________________________

Executing experiment 2c-100f run 9...
___________________________________________________________________________________________________________

##############    EXECUTION PARAMETERS    #############
#######################################################
../input/small/30-0.02.csv
30-0.02-2c
2c-100f
20
#######################################################
Connection established.
maxProcsBefore:  2 maxProcsNow:  2  numCPU:  2
rows: ------------>  79918
TotalExecutionTime, 17.157026679s , 17157026 μs, 17157 ms , 17.157026679 s
Finish Program
Connection closed.
___________________________________________________________________________________________________________

Executing experiment 2c-100f run 10...
___________________________________________________________________________________________________________

##############    EXECUTION PARAMETERS    #############
#######################################################
../input/small/30-0.02.csv
30-0.02-2c
2c-100f
20
#######################################################
Connection established.
maxProcsBefore:  2 maxProcsNow:  2  numCPU:  2
rows: ------------>  79918
TotalExecutionTime, 17.052826714s , 17052826 μs, 17052 ms , 17.052826714 s
Finish Program
Connection closed.
Directory 'output/2c-200f-avg' created.
___________________________________________________________________________________________________________

Executing experiment 2c-200f run 1...
___________________________________________________________________________________________________________

##############    EXECUTION PARAMETERS    #############
#######################################################
../input/small/30-0.02.csv
30-0.02-2c
2c-200f
10
#######################################################
Connection established.
maxProcsBefore:  2 maxProcsNow:  2  numCPU:  2
rows: ------------>  79918
TotalExecutionTime, 17.159258765s , 17159258 μs, 17159 ms , 17.159258765 s
Finish Program
Connection closed.
___________________________________________________________________________________________________________

Executing experiment 2c-200f run 2...
___________________________________________________________________________________________________________

##############    EXECUTION PARAMETERS    #############
#######################################################
../input/small/30-0.02.csv
30-0.02-2c
2c-200f
10
#######################################################
Connection established.
maxProcsBefore:  2 maxProcsNow:  2  numCPU:  2
rows: ------------>  79918
TotalExecutionTime, 17.665766259s , 17665766 μs, 17665 ms , 17.665766259 s
Finish Program
Connection closed.
___________________________________________________________________________________________________________

Executing experiment 2c-200f run 3...
___________________________________________________________________________________________________________

##############    EXECUTION PARAMETERS    #############
#######################################################
../input/small/30-0.02.csv
30-0.02-2c
2c-200f
10
#######################################################
Connection established.
maxProcsBefore:  2 maxProcsNow:  2  numCPU:  2
rows: ------------>  79918
TotalExecutionTime, 18.261031397s , 18261031 μs, 18261 ms , 18.261031397 s
Finish Program
Connection closed.
___________________________________________________________________________________________________________

Executing experiment 2c-200f run 4...
___________________________________________________________________________________________________________

##############    EXECUTION PARAMETERS    #############
#######################################################
../input/small/30-0.02.csv
30-0.02-2c
2c-200f
10
#######################################################
Connection established.
maxProcsBefore:  2 maxProcsNow:  2  numCPU:  2
rows: ------------>  79918
TotalExecutionTime, 18.43789102s , 18437891 μs, 18437 ms , 18.43789102 s
Finish Program
Connection closed.
___________________________________________________________________________________________________________

Executing experiment 2c-200f run 5...
___________________________________________________________________________________________________________

##############    EXECUTION PARAMETERS    #############
#######################################################
../input/small/30-0.02.csv
30-0.02-2c
2c-200f
10
#######################################################
Connection established.
maxProcsBefore:  2 maxProcsNow:  2  numCPU:  2
rows: ------------>  79918
TotalExecutionTime, 17.968536609s , 17968536 μs, 17968 ms , 17.968536609 s
Finish Program
Connection closed.
___________________________________________________________________________________________________________

Executing experiment 2c-200f run 6...
___________________________________________________________________________________________________________

##############    EXECUTION PARAMETERS    #############
#######################################################
../input/small/30-0.02.csv
30-0.02-2c
2c-200f
10
#######################################################
Connection established.
maxProcsBefore:  2 maxProcsNow:  2  numCPU:  2
rows: ------------>  79918
TotalExecutionTime, 18.131568137s , 18131568 μs, 18131 ms , 18.131568137 s
Finish Program
Connection closed.
___________________________________________________________________________________________________________

Executing experiment 2c-200f run 7...
___________________________________________________________________________________________________________

##############    EXECUTION PARAMETERS    #############
#######################################################
../input/small/30-0.02.csv
30-0.02-2c
2c-200f
10
#######################################################
Connection established.
maxProcsBefore:  2 maxProcsNow:  2  numCPU:  2
rows: ------------>  79918
TotalExecutionTime, 17.609335457s , 17609335 μs, 17609 ms , 17.609335457 s
Finish Program
Connection closed.
___________________________________________________________________________________________________________

Executing experiment 2c-200f run 8...
___________________________________________________________________________________________________________

##############    EXECUTION PARAMETERS    #############
#######################################################
../input/small/30-0.02.csv
30-0.02-2c
2c-200f
10
#######################################################
Connection established.
maxProcsBefore:  2 maxProcsNow:  2  numCPU:  2
rows: ------------>  79918
TotalExecutionTime, 17.747311347s , 17747311 μs, 17747 ms , 17.747311347 s
Finish Program
Connection closed.
___________________________________________________________________________________________________________

Executing experiment 2c-200f run 9...
___________________________________________________________________________________________________________

##############    EXECUTION PARAMETERS    #############
#######################################################
../input/small/30-0.02.csv
30-0.02-2c
2c-200f
10
#######################################################
Connection established.
maxProcsBefore:  2 maxProcsNow:  2  numCPU:  2
rows: ------------>  79918
TotalExecutionTime, 17.716784051s , 17716784 μs, 17716 ms , 17.716784051 s
Finish Program
Connection closed.
___________________________________________________________________________________________________________

Executing experiment 2c-200f run 10...
___________________________________________________________________________________________________________

##############    EXECUTION PARAMETERS    #############
#######################################################
../input/small/30-0.02.csv
30-0.02-2c
2c-200f
10
#######################################################
Connection established.
maxProcsBefore:  2 maxProcsNow:  2  numCPU:  2
rows: ------------>  79918
TotalExecutionTime, 18.106653568s , 18106653 μs, 18106 ms , 18.106653568 s
Finish Program
Connection closed.
Directory 'output/2c-500f-avg' created.
___________________________________________________________________________________________________________

Executing experiment 2c-500f run 1...
___________________________________________________________________________________________________________

##############    EXECUTION PARAMETERS    #############
#######################################################
../input/small/30-0.02.csv
30-0.02-2c
2c-500f
4
#######################################################
Connection established.
maxProcsBefore:  2 maxProcsNow:  2  numCPU:  2
rows: ------------>  79918
TotalExecutionTime, 18.740818122s , 18740818 μs, 18740 ms , 18.740818122 s
Finish Program
Connection closed.
___________________________________________________________________________________________________________

Executing experiment 2c-500f run 2...
___________________________________________________________________________________________________________

##############    EXECUTION PARAMETERS    #############
#######################################################
../input/small/30-0.02.csv
30-0.02-2c
2c-500f
4
#######################################################
Connection established.
maxProcsBefore:  2 maxProcsNow:  2  numCPU:  2
rows: ------------>  79918
TotalExecutionTime, 18.079055139s , 18079055 μs, 18079 ms , 18.079055139 s
Finish Program
Connection closed.
___________________________________________________________________________________________________________

Executing experiment 2c-500f run 3...
___________________________________________________________________________________________________________

##############    EXECUTION PARAMETERS    #############
#######################################################
../input/small/30-0.02.csv
30-0.02-2c
2c-500f
4
#######################################################
Connection established.
maxProcsBefore:  2 maxProcsNow:  2  numCPU:  2
rows: ------------>  79918
TotalExecutionTime, 18.385383s , 18385383 μs, 18385 ms , 18.385383 s
Finish Program
Connection closed.
___________________________________________________________________________________________________________

Executing experiment 2c-500f run 4...
___________________________________________________________________________________________________________

##############    EXECUTION PARAMETERS    #############
#######################################################
../input/small/30-0.02.csv
30-0.02-2c
2c-500f
4
#######################################################
Connection established.
maxProcsBefore:  2 maxProcsNow:  2  numCPU:  2
rows: ------------>  79918
TotalExecutionTime, 18.468934443s , 18468934 μs, 18468 ms , 18.468934443 s
Finish Program
Connection closed.
___________________________________________________________________________________________________________

Executing experiment 2c-500f run 5...
___________________________________________________________________________________________________________

##############    EXECUTION PARAMETERS    #############
#######################################################
../input/small/30-0.02.csv
30-0.02-2c
2c-500f
4
#######################################################
Connection established.
maxProcsBefore:  2 maxProcsNow:  2  numCPU:  2
rows: ------------>  79918
TotalExecutionTime, 18.37388134s , 18373881 μs, 18373 ms , 18.37388134 s
Finish Program
Connection closed.
___________________________________________________________________________________________________________

Executing experiment 2c-500f run 6...
___________________________________________________________________________________________________________

##############    EXECUTION PARAMETERS    #############
#######################################################
../input/small/30-0.02.csv
30-0.02-2c
2c-500f
4
#######################################################
Connection established.
maxProcsBefore:  2 maxProcsNow:  2  numCPU:  2
rows: ------------>  79918
TotalExecutionTime, 18.152004439s , 18152004 μs, 18152 ms , 18.152004439 s
Finish Program
Connection closed.
___________________________________________________________________________________________________________

Executing experiment 2c-500f run 7...
___________________________________________________________________________________________________________

##############    EXECUTION PARAMETERS    #############
#######################################################
../input/small/30-0.02.csv
30-0.02-2c
2c-500f
4
#######################################################
Connection established.
maxProcsBefore:  2 maxProcsNow:  2  numCPU:  2
rows: ------------>  79918
TotalExecutionTime, 18.737212589s , 18737212 μs, 18737 ms , 18.737212589 s
Finish Program
Connection closed.
___________________________________________________________________________________________________________

Executing experiment 2c-500f run 8...
___________________________________________________________________________________________________________

##############    EXECUTION PARAMETERS    #############
#######################################################
../input/small/30-0.02.csv
30-0.02-2c
2c-500f
4
#######################################################
Connection established.
maxProcsBefore:  2 maxProcsNow:  2  numCPU:  2
rows: ------------>  79918
TotalExecutionTime, 17.874520395s , 17874520 μs, 17874 ms , 17.874520395 s
Finish Program
Connection closed.
___________________________________________________________________________________________________________

Executing experiment 2c-500f run 9...
___________________________________________________________________________________________________________

##############    EXECUTION PARAMETERS    #############
#######################################################
../input/small/30-0.02.csv
30-0.02-2c
2c-500f
4
#######################################################
Connection established.
maxProcsBefore:  2 maxProcsNow:  2  numCPU:  2
rows: ------------>  79918
TotalExecutionTime, 17.916013286s , 17916013 μs, 17916 ms , 17.916013286 s
Finish Program
Connection closed.
___________________________________________________________________________________________________________

Executing experiment 2c-500f run 10...
___________________________________________________________________________________________________________

##############    EXECUTION PARAMETERS    #############
#######################################################
../input/small/30-0.02.csv
30-0.02-2c
2c-500f
4
#######################################################
Connection established.
maxProcsBefore:  2 maxProcsNow:  2  numCPU:  2
rows: ------------>  79918
TotalExecutionTime, 18.259466054s , 18259466 μs, 18259 ms , 18.259466054 s
Finish Program
Connection closed.
Directory 'output/2c-1000f-avg' created.
___________________________________________________________________________________________________________

Executing experiment 2c-1000f run 1...
___________________________________________________________________________________________________________

##############    EXECUTION PARAMETERS    #############
#######################################################
../input/small/30-0.02.csv
30-0.02-2c
2c-1000f
2
#######################################################
Connection established.
maxProcsBefore:  2 maxProcsNow:  2  numCPU:  2
rows: ------------>  79918
TotalExecutionTime, 19.466494004s , 19466494 μs, 19466 ms , 19.466494004 s
Finish Program
Connection closed.
___________________________________________________________________________________________________________

Executing experiment 2c-1000f run 2...
___________________________________________________________________________________________________________

##############    EXECUTION PARAMETERS    #############
#######################################################
../input/small/30-0.02.csv
30-0.02-2c
2c-1000f
2
#######################################################
Connection established.
maxProcsBefore:  2 maxProcsNow:  2  numCPU:  2
rows: ------------>  79918
TotalExecutionTime, 19.720894802s , 19720894 μs, 19720 ms , 19.720894802 s
Finish Program
Connection closed.
___________________________________________________________________________________________________________

Executing experiment 2c-1000f run 3...
___________________________________________________________________________________________________________

##############    EXECUTION PARAMETERS    #############
#######################################################
../input/small/30-0.02.csv
30-0.02-2c
2c-1000f
2
#######################################################
Connection established.
maxProcsBefore:  2 maxProcsNow:  2  numCPU:  2
rows: ------------>  79918
TotalExecutionTime, 19.841693846s , 19841693 μs, 19841 ms , 19.841693846 s
Finish Program
Connection closed.
___________________________________________________________________________________________________________

Executing experiment 2c-1000f run 4...
___________________________________________________________________________________________________________

##############    EXECUTION PARAMETERS    #############
#######################################################
../input/small/30-0.02.csv
30-0.02-2c
2c-1000f
2
#######################################################
Connection established.
maxProcsBefore:  2 maxProcsNow:  2  numCPU:  2
rows: ------------>  79918
TotalExecutionTime, 19.70951376s , 19709513 μs, 19709 ms , 19.70951376 s
Finish Program
Connection closed.
___________________________________________________________________________________________________________

Executing experiment 2c-1000f run 5...
___________________________________________________________________________________________________________

##############    EXECUTION PARAMETERS    #############
#######################################################
../input/small/30-0.02.csv
30-0.02-2c
2c-1000f
2
#######################################################
Connection established.
maxProcsBefore:  2 maxProcsNow:  2  numCPU:  2
rows: ------------>  79918
TotalExecutionTime, 19.131098956s , 19131098 μs, 19131 ms , 19.131098956 s
Finish Program
Connection closed.
___________________________________________________________________________________________________________

Executing experiment 2c-1000f run 6...
___________________________________________________________________________________________________________

##############    EXECUTION PARAMETERS    #############
#######################################################
../input/small/30-0.02.csv
30-0.02-2c
2c-1000f
2
#######################################################
Connection established.
maxProcsBefore:  2 maxProcsNow:  2  numCPU:  2
rows: ------------>  79918
TotalExecutionTime, 19.644586161s , 19644586 μs, 19644 ms , 19.644586161 s
Finish Program
Connection closed.
___________________________________________________________________________________________________________

Executing experiment 2c-1000f run 7...
___________________________________________________________________________________________________________

##############    EXECUTION PARAMETERS    #############
#######################################################
../input/small/30-0.02.csv
30-0.02-2c
2c-1000f
2
#######################################################
Connection established.
maxProcsBefore:  2 maxProcsNow:  2  numCPU:  2
rows: ------------>  79918
TotalExecutionTime, 19.19698308s , 19196983 μs, 19196 ms , 19.19698308 s
Finish Program
Connection closed.
___________________________________________________________________________________________________________

Executing experiment 2c-1000f run 8...
___________________________________________________________________________________________________________

##############    EXECUTION PARAMETERS    #############
#######################################################
../input/small/30-0.02.csv
30-0.02-2c
2c-1000f
2
#######################################################
Connection established.
maxProcsBefore:  2 maxProcsNow:  2  numCPU:  2
rows: ------------>  79918
TotalExecutionTime, 19.561963861s , 19561963 μs, 19561 ms , 19.561963861 s
Finish Program
Connection closed.
___________________________________________________________________________________________________________

Executing experiment 2c-1000f run 9...
___________________________________________________________________________________________________________

##############    EXECUTION PARAMETERS    #############
#######################################################
../input/small/30-0.02.csv
30-0.02-2c
2c-1000f
2
#######################################################
Connection established.
maxProcsBefore:  2 maxProcsNow:  2  numCPU:  2
rows: ------------>  79918
TotalExecutionTime, 19.472871198s , 19472871 μs, 19472 ms , 19.472871198 s
Finish Program
Connection closed.
___________________________________________________________________________________________________________

Executing experiment 2c-1000f run 10...
___________________________________________________________________________________________________________

##############    EXECUTION PARAMETERS    #############
#######################################################
../input/small/30-0.02.csv
30-0.02-2c
2c-1000f
2
#######################################################
Connection established.
maxProcsBefore:  2 maxProcsNow:  2  numCPU:  2
rows: ------------>  79918
TotalExecutionTime, 19.343462701s , 19343462 μs, 19343 ms , 19.343462701 s
Finish Program
Connection closed.
Directory 'output/2c-2000f-avg' created.
___________________________________________________________________________________________________________

Executing experiment 2c-2000f run 1...
___________________________________________________________________________________________________________

##############    EXECUTION PARAMETERS    #############
#######################################################
../input/small/30-0.02.csv
30-0.02-2c
2c-2000f
1
#######################################################
Connection established.
maxProcsBefore:  2 maxProcsNow:  2  numCPU:  2
rows: ------------>  79918
TotalExecutionTime, 22.140338806s , 22140338 μs, 22140 ms , 22.140338806 s
Finish Program
Connection closed.
___________________________________________________________________________________________________________

Executing experiment 2c-2000f run 2...
___________________________________________________________________________________________________________

##############    EXECUTION PARAMETERS    #############
#######################################################
../input/small/30-0.02.csv
30-0.02-2c
2c-2000f
1
#######################################################
Connection established.
maxProcsBefore:  2 maxProcsNow:  2  numCPU:  2
rows: ------------>  79918
TotalExecutionTime, 22.348606563s , 22348606 μs, 22348 ms , 22.348606563 s
Finish Program
Connection closed.
___________________________________________________________________________________________________________

Executing experiment 2c-2000f run 3...
___________________________________________________________________________________________________________

##############    EXECUTION PARAMETERS    #############
#######################################################
../input/small/30-0.02.csv
30-0.02-2c
2c-2000f
1
#######################################################
Connection established.
maxProcsBefore:  2 maxProcsNow:  2  numCPU:  2
rows: ------------>  79918
TotalExecutionTime, 22.282277588s , 22282277 μs, 22282 ms , 22.282277588 s
Finish Program
Connection closed.
___________________________________________________________________________________________________________

Executing experiment 2c-2000f run 4...
___________________________________________________________________________________________________________

##############    EXECUTION PARAMETERS    #############
#######################################################
../input/small/30-0.02.csv
30-0.02-2c
2c-2000f
1
#######################################################
Connection established.
maxProcsBefore:  2 maxProcsNow:  2  numCPU:  2
rows: ------------>  79918
TotalExecutionTime, 21.747416944s , 21747416 μs, 21747 ms , 21.747416944 s
Finish Program
Connection closed.
___________________________________________________________________________________________________________

Executing experiment 2c-2000f run 5...
___________________________________________________________________________________________________________

##############    EXECUTION PARAMETERS    #############
#######################################################
../input/small/30-0.02.csv
30-0.02-2c
2c-2000f
1
#######################################################
Connection established.
maxProcsBefore:  2 maxProcsNow:  2  numCPU:  2
rows: ------------>  79918
TotalExecutionTime, 21.713184569s , 21713184 μs, 21713 ms , 21.713184569 s
Finish Program
Connection closed.
___________________________________________________________________________________________________________

Executing experiment 2c-2000f run 6...
___________________________________________________________________________________________________________

##############    EXECUTION PARAMETERS    #############
#######################################################
../input/small/30-0.02.csv
30-0.02-2c
2c-2000f
1
#######################################################
Connection established.
maxProcsBefore:  2 maxProcsNow:  2  numCPU:  2
rows: ------------>  79918
TotalExecutionTime, 21.566336609s , 21566336 μs, 21566 ms , 21.566336609 s
Finish Program
Connection closed.
___________________________________________________________________________________________________________

Executing experiment 2c-2000f run 7...
___________________________________________________________________________________________________________

##############    EXECUTION PARAMETERS    #############
#######################################################
../input/small/30-0.02.csv
30-0.02-2c
2c-2000f
1
#######################################################
Connection established.
maxProcsBefore:  2 maxProcsNow:  2  numCPU:  2
rows: ------------>  79918
TotalExecutionTime, 21.987938992s , 21987938 μs, 21987 ms , 21.987938992 s
Finish Program
Connection closed.
___________________________________________________________________________________________________________

Executing experiment 2c-2000f run 8...
___________________________________________________________________________________________________________

##############    EXECUTION PARAMETERS    #############
#######################################################
../input/small/30-0.02.csv
30-0.02-2c
2c-2000f
1
#######################################################
Connection established.
maxProcsBefore:  2 maxProcsNow:  2  numCPU:  2
rows: ------------>  79918
TotalExecutionTime, 22.001023127s , 22001023 μs, 22001 ms , 22.001023127 s
Finish Program
Connection closed.
___________________________________________________________________________________________________________

Executing experiment 2c-2000f run 9...
___________________________________________________________________________________________________________

##############    EXECUTION PARAMETERS    #############
#######################################################
../input/small/30-0.02.csv
30-0.02-2c
2c-2000f
1
#######################################################
Connection established.
maxProcsBefore:  2 maxProcsNow:  2  numCPU:  2
rows: ------------>  79918
TotalExecutionTime, 21.949649067s , 21949649 μs, 21949 ms , 21.949649067 s
Finish Program
Connection closed.
___________________________________________________________________________________________________________

Executing experiment 2c-2000f run 10...
___________________________________________________________________________________________________________

##############    EXECUTION PARAMETERS    #############
#######################################################
../input/small/30-0.02.csv
30-0.02-2c
2c-2000f
1
#######################################################
Connection established.
maxProcsBefore:  2 maxProcsNow:  2  numCPU:  2
rows: ------------>  79918
TotalExecutionTime, 21.428920426s , 21428920 μs, 21428 ms , 21.428920426 s
Finish Program
Connection closed.
