rm: cannot remove 'output/16c-1f-avg': No such file or directory
rm: cannot remove 'output/16c-1f-1': No such file or directory
rm: cannot remove 'output/16c-1f-2': No such file or directory
rm: cannot remove 'output/16c-1f-3': No such file or directory
rm: cannot remove 'output/16c-1f-4': No such file or directory
rm: cannot remove 'output/16c-1f-5': No such file or directory
rm: cannot remove 'output/16c-1f-6': No such file or directory
rm: cannot remove 'output/16c-1f-7': No such file or directory
rm: cannot remove 'output/16c-1f-8': No such file or directory
rm: cannot remove 'output/16c-1f-9': No such file or directory
rm: cannot remove 'output/16c-1f-10': No such file or directory
rm: cannot remove 'output/16c-2f-avg': No such file or directory
rm: cannot remove 'output/16c-2f-1': No such file or directory
rm: cannot remove 'output/16c-2f-2': No such file or directory
rm: cannot remove 'output/16c-2f-3': No such file or directory
rm: cannot remove 'output/16c-2f-4': No such file or directory
rm: cannot remove 'output/16c-2f-5': No such file or directory
rm: cannot remove 'output/16c-2f-6': No such file or directory
rm: cannot remove 'output/16c-2f-7': No such file or directory
rm: cannot remove 'output/16c-2f-8': No such file or directory
rm: cannot remove 'output/16c-2f-9': No such file or directory
rm: cannot remove 'output/16c-2f-10': No such file or directory
rm: cannot remove 'output/16c-5f-avg': No such file or directory
rm: cannot remove 'output/16c-5f-1': No such file or directory
rm: cannot remove 'output/16c-5f-2': No such file or directory
rm: cannot remove 'output/16c-5f-3': No such file or directory
rm: cannot remove 'output/16c-5f-4': No such file or directory
rm: cannot remove 'output/16c-5f-5': No such file or directory
rm: cannot remove 'output/16c-5f-6': No such file or directory
rm: cannot remove 'output/16c-5f-7': No such file or directory
rm: cannot remove 'output/16c-5f-8': No such file or directory
rm: cannot remove 'output/16c-5f-9': No such file or directory
rm: cannot remove 'output/16c-5f-10': No such file or directory
rm: cannot remove 'output/16c-10f-avg': No such file or directory
rm: cannot remove 'output/16c-10f-1': No such file or directory
rm: cannot remove 'output/16c-10f-2': No such file or directory
rm: cannot remove 'output/16c-10f-3': No such file or directory
rm: cannot remove 'output/16c-10f-4': No such file or directory
rm: cannot remove 'output/16c-10f-5': No such file or directory
rm: cannot remove 'output/16c-10f-6': No such file or directory
rm: cannot remove 'output/16c-10f-7': No such file or directory
rm: cannot remove 'output/16c-10f-8': No such file or directory
rm: cannot remove 'output/16c-10f-9': No such file or directory
rm: cannot remove 'output/16c-10f-10': No such file or directory
rm: cannot remove 'output/16c-20f-avg': No such file or directory
rm: cannot remove 'output/16c-20f-1': No such file or directory
rm: cannot remove 'output/16c-20f-2': No such file or directory
rm: cannot remove 'output/16c-20f-3': No such file or directory
panic: runtime error: invalid memory address or nil pointer dereference
[signal SIGSEGV: segmentation violation code=0x1 addr=0x0 pc=0x463661]

goroutine 54 [running]:
pipeline/internal/dp.filter({0x0, {{0xc000410125, 0xc}, {0xc000410131, 0x8}, 0x69ce, 0x2, {0x0, 0xed25272f6, 0x0}, ...}, ...}, ...)
	/home/usuaris.new/fernando.martin.canfran/dpwg/atm-dp/engine-NRT-checks/internal/dp/dp.go:287 +0x529
created by pipeline/internal/dp.Generator
	/home/usuaris.new/fernando.martin.canfran/dpwg/atm-dp/engine-NRT-checks/internal/dp/dp.go:139 +0x218
rm: cannot remove 'output/16c-20f-4': No such file or directory
Traceback (most recent call last):
  File "calculate_mrt.py", line 12, in <module>
    metrics = pd.read_csv(sys.argv[2])
  File "/home/soft/anaconda3/lib/python3.8/site-packages/pandas/io/parsers.py", line 686, in read_csv
    return _read(filepath_or_buffer, kwds)
  File "/home/soft/anaconda3/lib/python3.8/site-packages/pandas/io/parsers.py", line 452, in _read
    parser = TextFileReader(fp_or_buf, **kwds)
  File "/home/soft/anaconda3/lib/python3.8/site-packages/pandas/io/parsers.py", line 946, in __init__
    self._make_engine(self.engine)
  File "/home/soft/anaconda3/lib/python3.8/site-packages/pandas/io/parsers.py", line 1178, in _make_engine
    self._engine = CParserWrapper(self.f, **self.options)
  File "/home/soft/anaconda3/lib/python3.8/site-packages/pandas/io/parsers.py", line 2008, in __init__
    self._reader = parsers.TextReader(src, **kwds)
  File "pandas/_libs/parsers.pyx", line 540, in pandas._libs.parsers.TextReader.__cinit__
pandas.errors.EmptyDataError: No columns to parse from file
rm: cannot remove 'output/16c-20f-5': No such file or directory
rm: cannot remove 'output/16c-20f-6': No such file or directory
rm: cannot remove 'output/16c-20f-7': No such file or directory
rm: cannot remove 'output/16c-20f-8': No such file or directory
rm: cannot remove 'output/16c-20f-9': No such file or directory
rm: cannot remove 'output/16c-20f-10': No such file or directory
rm: cannot remove 'output/16c-40f-avg': No such file or directory
rm: cannot remove 'output/16c-40f-1': No such file or directory
rm: cannot remove 'output/16c-40f-2': No such file or directory
rm: cannot remove 'output/16c-40f-3': No such file or directory
rm: cannot remove 'output/16c-40f-4': No such file or directory
rm: cannot remove 'output/16c-40f-5': No such file or directory
rm: cannot remove 'output/16c-40f-6': No such file or directory
rm: cannot remove 'output/16c-40f-7': No such file or directory
rm: cannot remove 'output/16c-40f-8': No such file or directory
rm: cannot remove 'output/16c-40f-9': No such file or directory
rm: cannot remove 'output/16c-40f-10': No such file or directory
rm: cannot remove 'output/16c-100f-avg': No such file or directory
rm: cannot remove 'output/16c-100f-1': No such file or directory
rm: cannot remove 'output/16c-100f-2': No such file or directory
rm: cannot remove 'output/16c-100f-3': No such file or directory
rm: cannot remove 'output/16c-100f-4': No such file or directory
rm: cannot remove 'output/16c-100f-5': No such file or directory
rm: cannot remove 'output/16c-100f-6': No such file or directory
rm: cannot remove 'output/16c-100f-7': No such file or directory
rm: cannot remove 'output/16c-100f-8': No such file or directory
rm: cannot remove 'output/16c-100f-9': No such file or directory
rm: cannot remove 'output/16c-100f-10': No such file or directory
rm: cannot remove 'output/16c-200f-avg': No such file or directory
rm: cannot remove 'output/16c-200f-1': No such file or directory
2024/12/24 06:51:02 Warning: AddEdge ->  possible overlapping: a tx-end of a different tx-id was received before the previous tx was closed
2024/12/24 06:51:02 Warning: tx starts before the previous ends! -  c-NIGER-865
rm: cannot remove 'output/16c-200f-2': No such file or directory
rm: cannot remove 'output/16c-200f-3': No such file or directory
rm: cannot remove 'output/16c-200f-4': No such file or directory
rm: cannot remove 'output/16c-200f-5': No such file or directory
rm: cannot remove 'output/16c-200f-6': No such file or directory
rm: cannot remove 'output/16c-200f-7': No such file or directory
rm: cannot remove 'output/16c-200f-8': No such file or directory
rm: cannot remove 'output/16c-200f-9': No such file or directory
rm: cannot remove 'output/16c-200f-10': No such file or directory
rm: cannot remove 'output/16c-500f-avg': No such file or directory
rm: cannot remove 'output/16c-500f-1': No such file or directory
rm: cannot remove 'output/16c-500f-2': No such file or directory
2024/12/24 06:54:09 Warning: AddEdge -> a tx-end was tryied to be added on a empty subgraph c-NIGER-1830
rm: cannot remove 'output/16c-500f-3': No such file or directory
rm: cannot remove 'output/16c-500f-4': No such file or directory
rm: cannot remove 'output/16c-500f-5': No such file or directory
rm: cannot remove 'output/16c-500f-6': No such file or directory
rm: cannot remove 'output/16c-500f-7': No such file or directory
rm: cannot remove 'output/16c-500f-8': No such file or directory
rm: cannot remove 'output/16c-500f-9': No such file or directory
rm: cannot remove 'output/16c-500f-10': No such file or directory
rm: cannot remove 'output/16c-1000f-avg': No such file or directory
rm: cannot remove 'output/16c-1000f-1': No such file or directory
rm: cannot remove 'output/16c-1000f-2': No such file or directory
rm: cannot remove 'output/16c-1000f-3': No such file or directory
rm: cannot remove 'output/16c-1000f-4': No such file or directory
rm: cannot remove 'output/16c-1000f-5': No such file or directory
rm: cannot remove 'output/16c-1000f-6': No such file or directory
rm: cannot remove 'output/16c-1000f-7': No such file or directory
rm: cannot remove 'output/16c-1000f-8': No such file or directory
rm: cannot remove 'output/16c-1000f-9': No such file or directory
rm: cannot remove 'output/16c-1000f-10': No such file or directory
rm: cannot remove 'output/16c-2000f-avg': No such file or directory
rm: cannot remove 'output/16c-2000f-1': No such file or directory
rm: cannot remove 'output/16c-2000f-2': No such file or directory
rm: cannot remove 'output/16c-2000f-3': No such file or directory
rm: cannot remove 'output/16c-2000f-4': No such file or directory
rm: cannot remove 'output/16c-2000f-5': No such file or directory
rm: cannot remove 'output/16c-2000f-6': No such file or directory
rm: cannot remove 'output/16c-2000f-7': No such file or directory
rm: cannot remove 'output/16c-2000f-8': No such file or directory
rm: cannot remove 'output/16c-2000f-9': No such file or directory
rm: cannot remove 'output/16c-2000f-10': No such file or directory
