Directory 'output/4c-1f-avg' created.
___________________________________________________________________________________________________________

Executing experiment 4c-1f run 1...
___________________________________________________________________________________________________________

##############    EXECUTION PARAMETERS    #############
#######################################################
../input/small/30-0.02.csv
30-0.02-4c
4c-1f
2000
#######################################################
Connection established.
maxProcsBefore:  4 maxProcsNow:  4  numCPU:  4
rows: ------------>  79918
TotalExecutionTime, 3m26.165106966s , 206165106 μs, 206165 ms , 206.165106966 s
Finish Program
Connection closed.
___________________________________________________________________________________________________________

Executing experiment 4c-1f run 2...
___________________________________________________________________________________________________________

##############    EXECUTION PARAMETERS    #############
#######################################################
../input/small/30-0.02.csv
30-0.02-4c
4c-1f
2000
#######################################################
Connection established.
maxProcsBefore:  4 maxProcsNow:  4  numCPU:  4
rows: ------------>  79918
TotalExecutionTime, 3m30.51995394s , 210519953 μs, 210519 ms , 210.51995394 s
Finish Program
Connection closed.
___________________________________________________________________________________________________________

Executing experiment 4c-1f run 3...
___________________________________________________________________________________________________________

##############    EXECUTION PARAMETERS    #############
#######################################################
../input/small/30-0.02.csv
30-0.02-4c
4c-1f
2000
#######################################################
Connection established.
maxProcsBefore:  4 maxProcsNow:  4  numCPU:  4
rows: ------------>  79918
TotalExecutionTime, 3m26.685595592s , 206685595 μs, 206685 ms , 206.685595592 s
Finish Program
Connection closed.
___________________________________________________________________________________________________________

Executing experiment 4c-1f run 4...
___________________________________________________________________________________________________________

##############    EXECUTION PARAMETERS    #############
#######################################################
../input/small/30-0.02.csv
30-0.02-4c
4c-1f
2000
#######################################################
Connection established.
maxProcsBefore:  4 maxProcsNow:  4  numCPU:  4
rows: ------------>  79918
TotalExecutionTime, 3m23.142827233s , 203142827 μs, 203142 ms , 203.142827233 s
Finish Program
Connection closed.
___________________________________________________________________________________________________________

Executing experiment 4c-1f run 5...
___________________________________________________________________________________________________________

##############    EXECUTION PARAMETERS    #############
#######################################################
../input/small/30-0.02.csv
30-0.02-4c
4c-1f
2000
#######################################################
Connection established.
maxProcsBefore:  4 maxProcsNow:  4  numCPU:  4
rows: ------------>  79918
TotalExecutionTime, 3m34.999321181s , 214999321 μs, 214999 ms , 214.999321181 s
Finish Program
Connection closed.
___________________________________________________________________________________________________________

Executing experiment 4c-1f run 6...
___________________________________________________________________________________________________________

##############    EXECUTION PARAMETERS    #############
#######################################################
../input/small/30-0.02.csv
30-0.02-4c
4c-1f
2000
#######################################################
Connection established.
maxProcsBefore:  4 maxProcsNow:  4  numCPU:  4
rows: ------------>  79918
TotalExecutionTime, 3m40.542542805s , 220542542 μs, 220542 ms , 220.542542805 s
Finish Program
Connection closed.
___________________________________________________________________________________________________________

Executing experiment 4c-1f run 7...
___________________________________________________________________________________________________________

##############    EXECUTION PARAMETERS    #############
#######################################################
../input/small/30-0.02.csv
30-0.02-4c
4c-1f
2000
#######################################################
Connection established.
maxProcsBefore:  4 maxProcsNow:  4  numCPU:  4
rows: ------------>  79918
TotalExecutionTime, 3m30.691802132s , 210691802 μs, 210691 ms , 210.691802132 s
Finish Program
Connection closed.
___________________________________________________________________________________________________________

Executing experiment 4c-1f run 8...
___________________________________________________________________________________________________________

##############    EXECUTION PARAMETERS    #############
#######################################################
../input/small/30-0.02.csv
30-0.02-4c
4c-1f
2000
#######################################################
Connection established.
maxProcsBefore:  4 maxProcsNow:  4  numCPU:  4
rows: ------------>  79918
TotalExecutionTime, 3m27.329648476s , 207329648 μs, 207329 ms , 207.329648476 s
Finish Program
Connection closed.
___________________________________________________________________________________________________________

Executing experiment 4c-1f run 9...
___________________________________________________________________________________________________________

##############    EXECUTION PARAMETERS    #############
#######################################################
../input/small/30-0.02.csv
30-0.02-4c
4c-1f
2000
#######################################################
Connection established.
maxProcsBefore:  4 maxProcsNow:  4  numCPU:  4
rows: ------------>  79918
TotalExecutionTime, 3m25.498521538s , 205498521 μs, 205498 ms , 205.498521538 s
Finish Program
Connection closed.
___________________________________________________________________________________________________________

Executing experiment 4c-1f run 10...
___________________________________________________________________________________________________________

##############    EXECUTION PARAMETERS    #############
#######################################################
../input/small/30-0.02.csv
30-0.02-4c
4c-1f
2000
#######################################################
Connection established.
maxProcsBefore:  4 maxProcsNow:  4  numCPU:  4
rows: ------------>  79918
TotalExecutionTime, 3m18.224733113s , 198224733 μs, 198224 ms , 198.224733113 s
Finish Program
Connection closed.
Directory 'output/4c-2f-avg' created.
___________________________________________________________________________________________________________

Executing experiment 4c-2f run 1...
___________________________________________________________________________________________________________

##############    EXECUTION PARAMETERS    #############
#######################################################
../input/small/30-0.02.csv
30-0.02-4c
4c-2f
1000
#######################################################
Connection established.
maxProcsBefore:  4 maxProcsNow:  4  numCPU:  4
rows: ------------>  79918
TotalExecutionTime, 1m55.925479806s , 115925479 μs, 115925 ms , 115.925479806 s
Finish Program
Connection closed.
___________________________________________________________________________________________________________

Executing experiment 4c-2f run 2...
___________________________________________________________________________________________________________

##############    EXECUTION PARAMETERS    #############
#######################################################
../input/small/30-0.02.csv
30-0.02-4c
4c-2f
1000
#######################################################
Connection established.
maxProcsBefore:  4 maxProcsNow:  4  numCPU:  4
rows: ------------>  79918
TotalExecutionTime, 1m56.373316069s , 116373316 μs, 116373 ms , 116.373316069 s
Finish Program
Connection closed.
___________________________________________________________________________________________________________

Executing experiment 4c-2f run 3...
___________________________________________________________________________________________________________

##############    EXECUTION PARAMETERS    #############
#######################################################
../input/small/30-0.02.csv
30-0.02-4c
4c-2f
1000
#######################################################
Connection established.
maxProcsBefore:  4 maxProcsNow:  4  numCPU:  4
rows: ------------>  79918
TotalExecutionTime, 1m57.234996485s , 117234996 μs, 117234 ms , 117.234996485 s
Finish Program
Connection closed.
___________________________________________________________________________________________________________

Executing experiment 4c-2f run 4...
___________________________________________________________________________________________________________

##############    EXECUTION PARAMETERS    #############
#######################################################
../input/small/30-0.02.csv
30-0.02-4c
4c-2f
1000
#######################################################
Connection established.
maxProcsBefore:  4 maxProcsNow:  4  numCPU:  4
rows: ------------>  79918
TotalExecutionTime, 1m56.339572302s , 116339572 μs, 116339 ms , 116.339572302 s
Finish Program
Connection closed.
___________________________________________________________________________________________________________

Executing experiment 4c-2f run 5...
___________________________________________________________________________________________________________

##############    EXECUTION PARAMETERS    #############
#######################################################
../input/small/30-0.02.csv
30-0.02-4c
4c-2f
1000
#######################################################
Connection established.
maxProcsBefore:  4 maxProcsNow:  4  numCPU:  4
rows: ------------>  79918
TotalExecutionTime, 1m54.787573588s , 114787573 μs, 114787 ms , 114.787573588 s
Finish Program
Connection closed.
___________________________________________________________________________________________________________

Executing experiment 4c-2f run 6...
___________________________________________________________________________________________________________

##############    EXECUTION PARAMETERS    #############
#######################################################
../input/small/30-0.02.csv
30-0.02-4c
4c-2f
1000
#######################################################
Connection established.
maxProcsBefore:  4 maxProcsNow:  4  numCPU:  4
rows: ------------>  79918
TotalExecutionTime, 1m56.639763233s , 116639763 μs, 116639 ms , 116.639763233 s
Finish Program
Connection closed.
___________________________________________________________________________________________________________

Executing experiment 4c-2f run 7...
___________________________________________________________________________________________________________

##############    EXECUTION PARAMETERS    #############
#######################################################
../input/small/30-0.02.csv
30-0.02-4c
4c-2f
1000
#######################################################
Connection established.
maxProcsBefore:  4 maxProcsNow:  4  numCPU:  4
rows: ------------>  79918
TotalExecutionTime, 1m58.590213912s , 118590213 μs, 118590 ms , 118.590213912 s
Finish Program
Connection closed.
___________________________________________________________________________________________________________

Executing experiment 4c-2f run 8...
___________________________________________________________________________________________________________

##############    EXECUTION PARAMETERS    #############
#######################################################
../input/small/30-0.02.csv
30-0.02-4c
4c-2f
1000
#######################################################
Connection established.
maxProcsBefore:  4 maxProcsNow:  4  numCPU:  4
rows: ------------>  79918
TotalExecutionTime, 1m59.205631986s , 119205631 μs, 119205 ms , 119.205631986 s
Finish Program
Connection closed.
___________________________________________________________________________________________________________

Executing experiment 4c-2f run 9...
___________________________________________________________________________________________________________

##############    EXECUTION PARAMETERS    #############
#######################################################
../input/small/30-0.02.csv
30-0.02-4c
4c-2f
1000
#######################################################
Connection established.
maxProcsBefore:  4 maxProcsNow:  4  numCPU:  4
rows: ------------>  79918
TotalExecutionTime, 1m57.247067595s , 117247067 μs, 117247 ms , 117.247067595 s
Finish Program
Connection closed.
___________________________________________________________________________________________________________

Executing experiment 4c-2f run 10...
___________________________________________________________________________________________________________

##############    EXECUTION PARAMETERS    #############
#######################################################
../input/small/30-0.02.csv
30-0.02-4c
4c-2f
1000
#######################################################
Connection established.
maxProcsBefore:  4 maxProcsNow:  4  numCPU:  4
rows: ------------>  79918
TotalExecutionTime, 2m1.310617078s , 121310617 μs, 121310 ms , 121.310617078 s
Finish Program
Connection closed.
Directory 'output/4c-5f-avg' created.
___________________________________________________________________________________________________________

Executing experiment 4c-5f run 1...
___________________________________________________________________________________________________________

##############    EXECUTION PARAMETERS    #############
#######################################################
../input/small/30-0.02.csv
30-0.02-4c
4c-5f
400
#######################################################
Connection established.
maxProcsBefore:  4 maxProcsNow:  4  numCPU:  4
rows: ------------>  79918
TotalExecutionTime, 39.927053849s , 39927053 μs, 39927 ms , 39.927053849 s
Finish Program
Connection closed.
___________________________________________________________________________________________________________

Executing experiment 4c-5f run 2...
___________________________________________________________________________________________________________

##############    EXECUTION PARAMETERS    #############
#######################################################
../input/small/30-0.02.csv
30-0.02-4c
4c-5f
400
#######################################################
Connection established.
maxProcsBefore:  4 maxProcsNow:  4  numCPU:  4
rows: ------------>  79918
TotalExecutionTime, 39.049955716s , 39049955 μs, 39049 ms , 39.049955716 s
Finish Program
Connection closed.
___________________________________________________________________________________________________________

Executing experiment 4c-5f run 3...
___________________________________________________________________________________________________________

##############    EXECUTION PARAMETERS    #############
#######################################################
../input/small/30-0.02.csv
30-0.02-4c
4c-5f
400
#######################################################
Connection established.
maxProcsBefore:  4 maxProcsNow:  4  numCPU:  4
rows: ------------>  79918
TotalExecutionTime, 38.854156873s , 38854156 μs, 38854 ms , 38.854156873 s
Finish Program
Connection closed.
___________________________________________________________________________________________________________

Executing experiment 4c-5f run 4...
___________________________________________________________________________________________________________

##############    EXECUTION PARAMETERS    #############
#######################################################
../input/small/30-0.02.csv
30-0.02-4c
4c-5f
400
#######################################################
Connection established.
maxProcsBefore:  4 maxProcsNow:  4  numCPU:  4
rows: ------------>  79918
TotalExecutionTime, 38.840161264s , 38840161 μs, 38840 ms , 38.840161264 s
Finish Program
Connection closed.
___________________________________________________________________________________________________________

Executing experiment 4c-5f run 5...
___________________________________________________________________________________________________________

##############    EXECUTION PARAMETERS    #############
#######################################################
../input/small/30-0.02.csv
30-0.02-4c
4c-5f
400
#######################################################
Connection established.
maxProcsBefore:  4 maxProcsNow:  4  numCPU:  4
rows: ------------>  79918
TotalExecutionTime, 40.503526755s , 40503526 μs, 40503 ms , 40.503526755 s
Finish Program
Connection closed.
___________________________________________________________________________________________________________

Executing experiment 4c-5f run 6...
___________________________________________________________________________________________________________

##############    EXECUTION PARAMETERS    #############
#######################################################
../input/small/30-0.02.csv
30-0.02-4c
4c-5f
400
#######################################################
Connection established.
maxProcsBefore:  4 maxProcsNow:  4  numCPU:  4
rows: ------------>  79918
TotalExecutionTime, 40.764409572s , 40764409 μs, 40764 ms , 40.764409572 s
Finish Program
Connection closed.
___________________________________________________________________________________________________________

Executing experiment 4c-5f run 7...
___________________________________________________________________________________________________________

##############    EXECUTION PARAMETERS    #############
#######################################################
../input/small/30-0.02.csv
30-0.02-4c
4c-5f
400
#######################################################
Connection established.
maxProcsBefore:  4 maxProcsNow:  4  numCPU:  4
rows: ------------>  79918
TotalExecutionTime, 40.326573693s , 40326573 μs, 40326 ms , 40.326573693 s
Finish Program
Connection closed.
___________________________________________________________________________________________________________

Executing experiment 4c-5f run 8...
___________________________________________________________________________________________________________

##############    EXECUTION PARAMETERS    #############
#######################################################
../input/small/30-0.02.csv
30-0.02-4c
4c-5f
400
#######################################################
Connection established.
maxProcsBefore:  4 maxProcsNow:  4  numCPU:  4
rows: ------------>  79918
TotalExecutionTime, 40.184141912s , 40184141 μs, 40184 ms , 40.184141912 s
Finish Program
Connection closed.
___________________________________________________________________________________________________________

Executing experiment 4c-5f run 9...
___________________________________________________________________________________________________________

##############    EXECUTION PARAMETERS    #############
#######################################################
../input/small/30-0.02.csv
30-0.02-4c
4c-5f
400
#######################################################
Connection established.
maxProcsBefore:  4 maxProcsNow:  4  numCPU:  4
rows: ------------>  79918
TotalExecutionTime, 40.630667619s , 40630667 μs, 40630 ms , 40.630667619 s
Finish Program
Connection closed.
___________________________________________________________________________________________________________

Executing experiment 4c-5f run 10...
___________________________________________________________________________________________________________

##############    EXECUTION PARAMETERS    #############
#######################################################
../input/small/30-0.02.csv
30-0.02-4c
4c-5f
400
#######################################################
Connection established.
maxProcsBefore:  4 maxProcsNow:  4  numCPU:  4
rows: ------------>  79918
TotalExecutionTime, 40.074321215s , 40074321 μs, 40074 ms , 40.074321215 s
Finish Program
Connection closed.
Directory 'output/4c-10f-avg' created.
___________________________________________________________________________________________________________

Executing experiment 4c-10f run 1...
___________________________________________________________________________________________________________

##############    EXECUTION PARAMETERS    #############
#######################################################
../input/small/30-0.02.csv
30-0.02-4c
4c-10f
200
#######################################################
Connection established.
maxProcsBefore:  4 maxProcsNow:  4  numCPU:  4
rows: ------------>  79918
TotalExecutionTime, 24.520692683s , 24520692 μs, 24520 ms , 24.520692683 s
Finish Program
Connection closed.
___________________________________________________________________________________________________________

Executing experiment 4c-10f run 2...
___________________________________________________________________________________________________________

##############    EXECUTION PARAMETERS    #############
#######################################################
../input/small/30-0.02.csv
30-0.02-4c
4c-10f
200
#######################################################
Connection established.
maxProcsBefore:  4 maxProcsNow:  4  numCPU:  4
rows: ------------>  79918
TotalExecutionTime, 24.973727127s , 24973727 μs, 24973 ms , 24.973727127 s
Finish Program
Connection closed.
___________________________________________________________________________________________________________

Executing experiment 4c-10f run 3...
___________________________________________________________________________________________________________

##############    EXECUTION PARAMETERS    #############
#######################################################
../input/small/30-0.02.csv
30-0.02-4c
4c-10f
200
#######################################################
Connection established.
maxProcsBefore:  4 maxProcsNow:  4  numCPU:  4
rows: ------------>  79918
TotalExecutionTime, 25.039860454s , 25039860 μs, 25039 ms , 25.039860454 s
Finish Program
Connection closed.
___________________________________________________________________________________________________________

Executing experiment 4c-10f run 4...
___________________________________________________________________________________________________________

##############    EXECUTION PARAMETERS    #############
#######################################################
../input/small/30-0.02.csv
30-0.02-4c
4c-10f
200
#######################################################
Connection established.
maxProcsBefore:  4 maxProcsNow:  4  numCPU:  4
rows: ------------>  79918
TotalExecutionTime, 24.826124846s , 24826124 μs, 24826 ms , 24.826124846 s
Finish Program
Connection closed.
___________________________________________________________________________________________________________

Executing experiment 4c-10f run 5...
___________________________________________________________________________________________________________

##############    EXECUTION PARAMETERS    #############
#######################################################
../input/small/30-0.02.csv
30-0.02-4c
4c-10f
200
#######################################################
Connection established.
maxProcsBefore:  4 maxProcsNow:  4  numCPU:  4
rows: ------------>  79918
TotalExecutionTime, 24.278111558s , 24278111 μs, 24278 ms , 24.278111558 s
Finish Program
Connection closed.
___________________________________________________________________________________________________________

Executing experiment 4c-10f run 6...
___________________________________________________________________________________________________________

##############    EXECUTION PARAMETERS    #############
#######################################################
../input/small/30-0.02.csv
30-0.02-4c
4c-10f
200
#######################################################
Connection established.
maxProcsBefore:  4 maxProcsNow:  4  numCPU:  4
rows: ------------>  79918
TotalExecutionTime, 24.361763557s , 24361763 μs, 24361 ms , 24.361763557 s
Finish Program
Connection closed.
___________________________________________________________________________________________________________

Executing experiment 4c-10f run 7...
___________________________________________________________________________________________________________

##############    EXECUTION PARAMETERS    #############
#######################################################
../input/small/30-0.02.csv
30-0.02-4c
4c-10f
200
#######################################################
Connection established.
maxProcsBefore:  4 maxProcsNow:  4  numCPU:  4
rows: ------------>  79918
TotalExecutionTime, 23.790636668s , 23790636 μs, 23790 ms , 23.790636668 s
Finish Program
Connection closed.
___________________________________________________________________________________________________________

Executing experiment 4c-10f run 8...
___________________________________________________________________________________________________________

##############    EXECUTION PARAMETERS    #############
#######################################################
../input/small/30-0.02.csv
30-0.02-4c
4c-10f
200
#######################################################
Connection established.
maxProcsBefore:  4 maxProcsNow:  4  numCPU:  4
rows: ------------>  79918
TotalExecutionTime, 24.251260182s , 24251260 μs, 24251 ms , 24.251260182 s
Finish Program
Connection closed.
___________________________________________________________________________________________________________

Executing experiment 4c-10f run 9...
___________________________________________________________________________________________________________

##############    EXECUTION PARAMETERS    #############
#######################################################
../input/small/30-0.02.csv
30-0.02-4c
4c-10f
200
#######################################################
Connection established.
maxProcsBefore:  4 maxProcsNow:  4  numCPU:  4
rows: ------------>  79918
TotalExecutionTime, 24.364594035s , 24364594 μs, 24364 ms , 24.364594035 s
Finish Program
Connection closed.
___________________________________________________________________________________________________________

Executing experiment 4c-10f run 10...
___________________________________________________________________________________________________________

##############    EXECUTION PARAMETERS    #############
#######################################################
../input/small/30-0.02.csv
30-0.02-4c
4c-10f
200
#######################################################
Connection established.
maxProcsBefore:  4 maxProcsNow:  4  numCPU:  4
rows: ------------>  79918
TotalExecutionTime, 24.50697305s , 24506973 μs, 24506 ms , 24.50697305 s
Finish Program
Connection closed.
Directory 'output/4c-20f-avg' created.
___________________________________________________________________________________________________________

Executing experiment 4c-20f run 1...
___________________________________________________________________________________________________________

##############    EXECUTION PARAMETERS    #############
#######################################################
../input/small/30-0.02.csv
30-0.02-4c
4c-20f
100
#######################################################
Connection established.
maxProcsBefore:  4 maxProcsNow:  4  numCPU:  4
rows: ------------>  79918
TotalExecutionTime, 19.985510974s , 19985510 μs, 19985 ms , 19.985510974 s
Finish Program
Connection closed.
___________________________________________________________________________________________________________

Executing experiment 4c-20f run 2...
___________________________________________________________________________________________________________

##############    EXECUTION PARAMETERS    #############
#######################################################
../input/small/30-0.02.csv
30-0.02-4c
4c-20f
100
#######################################################
Connection established.
maxProcsBefore:  4 maxProcsNow:  4  numCPU:  4
rows: ------------>  79918
TotalExecutionTime, 19.940469489s , 19940469 μs, 19940 ms , 19.940469489 s
Finish Program
Connection closed.
___________________________________________________________________________________________________________

Executing experiment 4c-20f run 3...
___________________________________________________________________________________________________________

##############    EXECUTION PARAMETERS    #############
#######################################################
../input/small/30-0.02.csv
30-0.02-4c
4c-20f
100
#######################################################
Connection established.
maxProcsBefore:  4 maxProcsNow:  4  numCPU:  4
rows: ------------>  79918
TotalExecutionTime, 20.00329231s , 20003292 μs, 20003 ms , 20.00329231 s
Finish Program
Connection closed.
___________________________________________________________________________________________________________

Executing experiment 4c-20f run 4...
___________________________________________________________________________________________________________

##############    EXECUTION PARAMETERS    #############
#######################################################
../input/small/30-0.02.csv
30-0.02-4c
4c-20f
100
#######################################################
Connection established.
maxProcsBefore:  4 maxProcsNow:  4  numCPU:  4
rows: ------------>  79918
TotalExecutionTime, 19.829830327s , 19829830 μs, 19829 ms , 19.829830327 s
Finish Program
Connection closed.
___________________________________________________________________________________________________________

Executing experiment 4c-20f run 5...
___________________________________________________________________________________________________________

##############    EXECUTION PARAMETERS    #############
#######################################################
../input/small/30-0.02.csv
30-0.02-4c
4c-20f
100
#######################################################
Connection established.
maxProcsBefore:  4 maxProcsNow:  4  numCPU:  4
rows: ------------>  79918
TotalExecutionTime, 20.350527342s , 20350527 μs, 20350 ms , 20.350527342 s
Finish Program
Connection closed.
___________________________________________________________________________________________________________

Executing experiment 4c-20f run 6...
___________________________________________________________________________________________________________

##############    EXECUTION PARAMETERS    #############
#######################################################
../input/small/30-0.02.csv
30-0.02-4c
4c-20f
100
#######################################################
Connection established.
maxProcsBefore:  4 maxProcsNow:  4  numCPU:  4
rows: ------------>  79918
TotalExecutionTime, 20.767460232s , 20767460 μs, 20767 ms , 20.767460232 s
Finish Program
Connection closed.
___________________________________________________________________________________________________________

Executing experiment 4c-20f run 7...
___________________________________________________________________________________________________________

##############    EXECUTION PARAMETERS    #############
#######################################################
../input/small/30-0.02.csv
30-0.02-4c
4c-20f
100
#######################################################
Connection established.
maxProcsBefore:  4 maxProcsNow:  4  numCPU:  4
rows: ------------>  79918
TotalExecutionTime, 19.818076908s , 19818076 μs, 19818 ms , 19.818076908 s
Finish Program
Connection closed.
___________________________________________________________________________________________________________

Executing experiment 4c-20f run 8...
___________________________________________________________________________________________________________

##############    EXECUTION PARAMETERS    #############
#######################################################
../input/small/30-0.02.csv
30-0.02-4c
4c-20f
100
#######################################################
Connection established.
maxProcsBefore:  4 maxProcsNow:  4  numCPU:  4
rows: ------------>  79918
TotalExecutionTime, 20.366483851s , 20366483 μs, 20366 ms , 20.366483851 s
Finish Program
Connection closed.
___________________________________________________________________________________________________________

Executing experiment 4c-20f run 9...
___________________________________________________________________________________________________________

##############    EXECUTION PARAMETERS    #############
#######################################################
../input/small/30-0.02.csv
30-0.02-4c
4c-20f
100
#######################################################
Connection established.
maxProcsBefore:  4 maxProcsNow:  4  numCPU:  4
rows: ------------>  79918
TotalExecutionTime, 21.061501468s , 21061501 μs, 21061 ms , 21.061501468 s
Finish Program
Connection closed.
___________________________________________________________________________________________________________

Executing experiment 4c-20f run 10...
___________________________________________________________________________________________________________

##############    EXECUTION PARAMETERS    #############
#######################################################
../input/small/30-0.02.csv
30-0.02-4c
4c-20f
100
#######################################################
Connection established.
maxProcsBefore:  4 maxProcsNow:  4  numCPU:  4
rows: ------------>  79918
TotalExecutionTime, 21.140584667s , 21140584 μs, 21140 ms , 21.140584667 s
Finish Program
Connection closed.
Directory 'output/4c-40f-avg' created.
___________________________________________________________________________________________________________

Executing experiment 4c-40f run 1...
___________________________________________________________________________________________________________

##############    EXECUTION PARAMETERS    #############
#######################################################
../input/small/30-0.02.csv
30-0.02-4c
4c-40f
50
#######################################################
Connection established.
maxProcsBefore:  4 maxProcsNow:  4  numCPU:  4
rows: ------------>  79918
TotalExecutionTime, 17.732586489s , 17732586 μs, 17732 ms , 17.732586489 s
Finish Program
Connection closed.
___________________________________________________________________________________________________________

Executing experiment 4c-40f run 2...
___________________________________________________________________________________________________________

##############    EXECUTION PARAMETERS    #############
#######################################################
../input/small/30-0.02.csv
30-0.02-4c
4c-40f
50
#######################################################
Connection established.
maxProcsBefore:  4 maxProcsNow:  4  numCPU:  4
rows: ------------>  79918
TotalExecutionTime, 17.680849738s , 17680849 μs, 17680 ms , 17.680849738 s
Finish Program
Connection closed.
___________________________________________________________________________________________________________

Executing experiment 4c-40f run 3...
___________________________________________________________________________________________________________

##############    EXECUTION PARAMETERS    #############
#######################################################
../input/small/30-0.02.csv
30-0.02-4c
4c-40f
50
#######################################################
Connection established.
maxProcsBefore:  4 maxProcsNow:  4  numCPU:  4
rows: ------------>  79918
TotalExecutionTime, 18.051904161s , 18051904 μs, 18051 ms , 18.051904161 s
Finish Program
Connection closed.
___________________________________________________________________________________________________________

Executing experiment 4c-40f run 4...
___________________________________________________________________________________________________________

##############    EXECUTION PARAMETERS    #############
#######################################################
../input/small/30-0.02.csv
30-0.02-4c
4c-40f
50
#######################################################
Connection established.
maxProcsBefore:  4 maxProcsNow:  4  numCPU:  4
rows: ------------>  79918
TotalExecutionTime, 17.201606568s , 17201606 μs, 17201 ms , 17.201606568 s
Finish Program
Connection closed.
___________________________________________________________________________________________________________

Executing experiment 4c-40f run 5...
___________________________________________________________________________________________________________

##############    EXECUTION PARAMETERS    #############
#######################################################
../input/small/30-0.02.csv
30-0.02-4c
4c-40f
50
#######################################################
Connection established.
maxProcsBefore:  4 maxProcsNow:  4  numCPU:  4
rows: ------------>  79918
TotalExecutionTime, 17.91443799s , 17914437 μs, 17914 ms , 17.91443799 s
Finish Program
Connection closed.
___________________________________________________________________________________________________________

Executing experiment 4c-40f run 6...
___________________________________________________________________________________________________________

##############    EXECUTION PARAMETERS    #############
#######################################################
../input/small/30-0.02.csv
30-0.02-4c
4c-40f
50
#######################################################
Connection established.
maxProcsBefore:  4 maxProcsNow:  4  numCPU:  4
rows: ------------>  79918
TotalExecutionTime, 18.80722084s , 18807220 μs, 18807 ms , 18.80722084 s
Finish Program
Connection closed.
___________________________________________________________________________________________________________

Executing experiment 4c-40f run 7...
___________________________________________________________________________________________________________

##############    EXECUTION PARAMETERS    #############
#######################################################
../input/small/30-0.02.csv
30-0.02-4c
4c-40f
50
#######################################################
Connection established.
maxProcsBefore:  4 maxProcsNow:  4  numCPU:  4
rows: ------------>  79918
TotalExecutionTime, 17.496362149s , 17496362 μs, 17496 ms , 17.496362149 s
Finish Program
Connection closed.
___________________________________________________________________________________________________________

Executing experiment 4c-40f run 8...
___________________________________________________________________________________________________________

##############    EXECUTION PARAMETERS    #############
#######################################################
../input/small/30-0.02.csv
30-0.02-4c
4c-40f
50
#######################################################
Connection established.
maxProcsBefore:  4 maxProcsNow:  4  numCPU:  4
rows: ------------>  79918
TotalExecutionTime, 17.562284175s , 17562284 μs, 17562 ms , 17.562284175 s
Finish Program
Connection closed.
___________________________________________________________________________________________________________

Executing experiment 4c-40f run 9...
___________________________________________________________________________________________________________

##############    EXECUTION PARAMETERS    #############
#######################################################
../input/small/30-0.02.csv
30-0.02-4c
4c-40f
50
#######################################################
Connection established.
maxProcsBefore:  4 maxProcsNow:  4  numCPU:  4
rows: ------------>  79918
TotalExecutionTime, 17.82072041s , 17820720 μs, 17820 ms , 17.82072041 s
Finish Program
Connection closed.
___________________________________________________________________________________________________________

Executing experiment 4c-40f run 10...
___________________________________________________________________________________________________________

##############    EXECUTION PARAMETERS    #############
#######################################################
../input/small/30-0.02.csv
30-0.02-4c
4c-40f
50
#######################################################
Connection established.
maxProcsBefore:  4 maxProcsNow:  4  numCPU:  4
rows: ------------>  79918
TotalExecutionTime, 17.360028006s , 17360028 μs, 17360 ms , 17.360028006 s
Finish Program
Connection closed.
Directory 'output/4c-100f-avg' created.
___________________________________________________________________________________________________________

Executing experiment 4c-100f run 1...
___________________________________________________________________________________________________________

##############    EXECUTION PARAMETERS    #############
#######################################################
../input/small/30-0.02.csv
30-0.02-4c
4c-100f
20
#######################################################
Connection established.
maxProcsBefore:  4 maxProcsNow:  4  numCPU:  4
rows: ------------>  79918
TotalExecutionTime, 17.627466348s , 17627466 μs, 17627 ms , 17.627466348 s
Finish Program
Connection closed.
___________________________________________________________________________________________________________

Executing experiment 4c-100f run 2...
___________________________________________________________________________________________________________

##############    EXECUTION PARAMETERS    #############
#######################################################
../input/small/30-0.02.csv
30-0.02-4c
4c-100f
20
#######################################################
Connection established.
maxProcsBefore:  4 maxProcsNow:  4  numCPU:  4
rows: ------------>  79918
TotalExecutionTime, 16.921916048s , 16921916 μs, 16921 ms , 16.921916048 s
Finish Program
Connection closed.
___________________________________________________________________________________________________________

Executing experiment 4c-100f run 3...
___________________________________________________________________________________________________________

##############    EXECUTION PARAMETERS    #############
#######################################################
../input/small/30-0.02.csv
30-0.02-4c
4c-100f
20
#######################################################
Connection established.
maxProcsBefore:  4 maxProcsNow:  4  numCPU:  4
rows: ------------>  79918
TotalExecutionTime, 16.963641505s , 16963641 μs, 16963 ms , 16.963641505 s
Finish Program
Connection closed.
___________________________________________________________________________________________________________

Executing experiment 4c-100f run 4...
___________________________________________________________________________________________________________

##############    EXECUTION PARAMETERS    #############
#######################################################
../input/small/30-0.02.csv
30-0.02-4c
4c-100f
20
#######################################################
Connection established.
maxProcsBefore:  4 maxProcsNow:  4  numCPU:  4
rows: ------------>  79918
TotalExecutionTime, 16.766271505s , 16766271 μs, 16766 ms , 16.766271505 s
Finish Program
Connection closed.
___________________________________________________________________________________________________________

Executing experiment 4c-100f run 5...
___________________________________________________________________________________________________________

##############    EXECUTION PARAMETERS    #############
#######################################################
../input/small/30-0.02.csv
30-0.02-4c
4c-100f
20
#######################################################
Connection established.
maxProcsBefore:  4 maxProcsNow:  4  numCPU:  4
rows: ------------>  79918
TotalExecutionTime, 16.572840401s , 16572840 μs, 16572 ms , 16.572840401 s
Finish Program
Connection closed.
___________________________________________________________________________________________________________

Executing experiment 4c-100f run 6...
___________________________________________________________________________________________________________

##############    EXECUTION PARAMETERS    #############
#######################################################
../input/small/30-0.02.csv
30-0.02-4c
4c-100f
20
#######################################################
Connection established.
maxProcsBefore:  4 maxProcsNow:  4  numCPU:  4
rows: ------------>  79918
TotalExecutionTime, 16.870999539s , 16870999 μs, 16870 ms , 16.870999539 s
Finish Program
Connection closed.
___________________________________________________________________________________________________________

Executing experiment 4c-100f run 7...
___________________________________________________________________________________________________________

##############    EXECUTION PARAMETERS    #############
#######################################################
../input/small/30-0.02.csv
30-0.02-4c
4c-100f
20
#######################################################
Connection established.
maxProcsBefore:  4 maxProcsNow:  4  numCPU:  4
rows: ------------>  79918
TotalExecutionTime, 16.939604309s , 16939604 μs, 16939 ms , 16.939604309 s
Finish Program
Connection closed.
___________________________________________________________________________________________________________

Executing experiment 4c-100f run 8...
___________________________________________________________________________________________________________

##############    EXECUTION PARAMETERS    #############
#######################################################
../input/small/30-0.02.csv
30-0.02-4c
4c-100f
20
#######################################################
Connection established.
maxProcsBefore:  4 maxProcsNow:  4  numCPU:  4
rows: ------------>  79918
TotalExecutionTime, 17.449894326s , 17449894 μs, 17449 ms , 17.449894326 s
Finish Program
Connection closed.
___________________________________________________________________________________________________________

Executing experiment 4c-100f run 9...
___________________________________________________________________________________________________________

##############    EXECUTION PARAMETERS    #############
#######################################################
../input/small/30-0.02.csv
30-0.02-4c
4c-100f
20
#######################################################
Connection established.
maxProcsBefore:  4 maxProcsNow:  4  numCPU:  4
rows: ------------>  79918
TotalExecutionTime, 17.51084867s , 17510848 μs, 17510 ms , 17.51084867 s
Finish Program
Connection closed.
___________________________________________________________________________________________________________

Executing experiment 4c-100f run 10...
___________________________________________________________________________________________________________

##############    EXECUTION PARAMETERS    #############
#######################################################
../input/small/30-0.02.csv
30-0.02-4c
4c-100f
20
#######################################################
Connection established.
maxProcsBefore:  4 maxProcsNow:  4  numCPU:  4
rows: ------------>  79918
TotalExecutionTime, 17.423167467s , 17423167 μs, 17423 ms , 17.423167467 s
Finish Program
Connection closed.
Directory 'output/4c-200f-avg' created.
___________________________________________________________________________________________________________

Executing experiment 4c-200f run 1...
___________________________________________________________________________________________________________

##############    EXECUTION PARAMETERS    #############
#######################################################
../input/small/30-0.02.csv
30-0.02-4c
4c-200f
10
#######################################################
Connection established.
maxProcsBefore:  4 maxProcsNow:  4  numCPU:  4
rows: ------------>  79918
TotalExecutionTime, 17.044112012s , 17044112 μs, 17044 ms , 17.044112012 s
Finish Program
Connection closed.
___________________________________________________________________________________________________________

Executing experiment 4c-200f run 2...
___________________________________________________________________________________________________________

##############    EXECUTION PARAMETERS    #############
#######################################################
../input/small/30-0.02.csv
30-0.02-4c
4c-200f
10
#######################################################
Connection established.
maxProcsBefore:  4 maxProcsNow:  4  numCPU:  4
rows: ------------>  79918
TotalExecutionTime, 16.65736934s , 16657369 μs, 16657 ms , 16.65736934 s
Finish Program
Connection closed.
___________________________________________________________________________________________________________

Executing experiment 4c-200f run 3...
___________________________________________________________________________________________________________

##############    EXECUTION PARAMETERS    #############
#######################################################
../input/small/30-0.02.csv
30-0.02-4c
4c-200f
10
#######################################################
Connection established.
maxProcsBefore:  4 maxProcsNow:  4  numCPU:  4
rows: ------------>  79918
TotalExecutionTime, 16.590670361s , 16590670 μs, 16590 ms , 16.590670361 s
Finish Program
Connection closed.
___________________________________________________________________________________________________________

Executing experiment 4c-200f run 4...
___________________________________________________________________________________________________________

##############    EXECUTION PARAMETERS    #############
#######################################################
../input/small/30-0.02.csv
30-0.02-4c
4c-200f
10
#######################################################
Connection established.
maxProcsBefore:  4 maxProcsNow:  4  numCPU:  4
rows: ------------>  79918
TotalExecutionTime, 16.7680456s , 16768045 μs, 16768 ms , 16.7680456 s
Finish Program
Connection closed.
___________________________________________________________________________________________________________

Executing experiment 4c-200f run 5...
___________________________________________________________________________________________________________

##############    EXECUTION PARAMETERS    #############
#######################################################
../input/small/30-0.02.csv
30-0.02-4c
4c-200f
10
#######################################################
Connection established.
maxProcsBefore:  4 maxProcsNow:  4  numCPU:  4
rows: ------------>  79918
TotalExecutionTime, 16.355303066s , 16355303 μs, 16355 ms , 16.355303066 s
Finish Program
Connection closed.
___________________________________________________________________________________________________________

Executing experiment 4c-200f run 6...
___________________________________________________________________________________________________________

##############    EXECUTION PARAMETERS    #############
#######################################################
../input/small/30-0.02.csv
30-0.02-4c
4c-200f
10
#######################################################
Connection established.
maxProcsBefore:  4 maxProcsNow:  4  numCPU:  4
rows: ------------>  79918
TotalExecutionTime, 16.311906238s , 16311906 μs, 16311 ms , 16.311906238 s
Finish Program
Connection closed.
___________________________________________________________________________________________________________

Executing experiment 4c-200f run 7...
___________________________________________________________________________________________________________

##############    EXECUTION PARAMETERS    #############
#######################################################
../input/small/30-0.02.csv
30-0.02-4c
4c-200f
10
#######################################################
Connection established.
maxProcsBefore:  4 maxProcsNow:  4  numCPU:  4
rows: ------------>  79918
TotalExecutionTime, 16.273620547s , 16273620 μs, 16273 ms , 16.273620547 s
Finish Program
Connection closed.
___________________________________________________________________________________________________________

Executing experiment 4c-200f run 8...
___________________________________________________________________________________________________________

##############    EXECUTION PARAMETERS    #############
#######################################################
../input/small/30-0.02.csv
30-0.02-4c
4c-200f
10
#######################################################
Connection established.
maxProcsBefore:  4 maxProcsNow:  4  numCPU:  4
rows: ------------>  79918
TotalExecutionTime, 16.291233757s , 16291233 μs, 16291 ms , 16.291233757 s
Finish Program
Connection closed.
___________________________________________________________________________________________________________

Executing experiment 4c-200f run 9...
___________________________________________________________________________________________________________

##############    EXECUTION PARAMETERS    #############
#######################################################
../input/small/30-0.02.csv
30-0.02-4c
4c-200f
10
#######################################################
Connection established.
maxProcsBefore:  4 maxProcsNow:  4  numCPU:  4
rows: ------------>  79918
TotalExecutionTime, 16.347184892s , 16347184 μs, 16347 ms , 16.347184892 s
Finish Program
Connection closed.
___________________________________________________________________________________________________________

Executing experiment 4c-200f run 10...
___________________________________________________________________________________________________________

##############    EXECUTION PARAMETERS    #############
#######################################################
../input/small/30-0.02.csv
30-0.02-4c
4c-200f
10
#######################################################
Connection established.
maxProcsBefore:  4 maxProcsNow:  4  numCPU:  4
rows: ------------>  79918
TotalExecutionTime, 16.674404818s , 16674404 μs, 16674 ms , 16.674404818 s
Finish Program
Connection closed.
Directory 'output/4c-500f-avg' created.
___________________________________________________________________________________________________________

Executing experiment 4c-500f run 1...
___________________________________________________________________________________________________________

##############    EXECUTION PARAMETERS    #############
#######################################################
../input/small/30-0.02.csv
30-0.02-4c
4c-500f
4
#######################################################
Connection established.
maxProcsBefore:  4 maxProcsNow:  4  numCPU:  4
rows: ------------>  79918
TotalExecutionTime, 17.450612814s , 17450612 μs, 17450 ms , 17.450612814 s
Finish Program
Connection closed.
___________________________________________________________________________________________________________

Executing experiment 4c-500f run 2...
___________________________________________________________________________________________________________

##############    EXECUTION PARAMETERS    #############
#######################################################
../input/small/30-0.02.csv
30-0.02-4c
4c-500f
4
#######################################################
Connection established.
maxProcsBefore:  4 maxProcsNow:  4  numCPU:  4
rows: ------------>  79918
TotalExecutionTime, 17.432020753s , 17432020 μs, 17432 ms , 17.432020753 s
Finish Program
Connection closed.
___________________________________________________________________________________________________________

Executing experiment 4c-500f run 3...
___________________________________________________________________________________________________________

##############    EXECUTION PARAMETERS    #############
#######################################################
../input/small/30-0.02.csv
30-0.02-4c
4c-500f
4
#######################################################
Connection established.
maxProcsBefore:  4 maxProcsNow:  4  numCPU:  4
rows: ------------>  79918
TotalExecutionTime, 16.699326081s , 16699326 μs, 16699 ms , 16.699326081 s
Finish Program
Connection closed.
___________________________________________________________________________________________________________

Executing experiment 4c-500f run 4...
___________________________________________________________________________________________________________

##############    EXECUTION PARAMETERS    #############
#######################################################
../input/small/30-0.02.csv
30-0.02-4c
4c-500f
4
#######################################################
Connection established.
maxProcsBefore:  4 maxProcsNow:  4  numCPU:  4
rows: ------------>  79918
TotalExecutionTime, 16.615610063s , 16615610 μs, 16615 ms , 16.615610063 s
Finish Program
Connection closed.
___________________________________________________________________________________________________________

Executing experiment 4c-500f run 5...
___________________________________________________________________________________________________________

##############    EXECUTION PARAMETERS    #############
#######################################################
../input/small/30-0.02.csv
30-0.02-4c
4c-500f
4
#######################################################
Connection established.
maxProcsBefore:  4 maxProcsNow:  4  numCPU:  4
rows: ------------>  79918
TotalExecutionTime, 17.653958856s , 17653958 μs, 17653 ms , 17.653958856 s
Finish Program
Connection closed.
___________________________________________________________________________________________________________

Executing experiment 4c-500f run 6...
___________________________________________________________________________________________________________

##############    EXECUTION PARAMETERS    #############
#######################################################
../input/small/30-0.02.csv
30-0.02-4c
4c-500f
4
#######################################################
Connection established.
maxProcsBefore:  4 maxProcsNow:  4  numCPU:  4
rows: ------------>  79918
TotalExecutionTime, 17.853219138s , 17853219 μs, 17853 ms , 17.853219138 s
Finish Program
Connection closed.
___________________________________________________________________________________________________________

Executing experiment 4c-500f run 7...
___________________________________________________________________________________________________________

##############    EXECUTION PARAMETERS    #############
#######################################################
../input/small/30-0.02.csv
30-0.02-4c
4c-500f
4
#######################################################
Connection established.
maxProcsBefore:  4 maxProcsNow:  4  numCPU:  4
rows: ------------>  79918
TotalExecutionTime, 16.749425842s , 16749425 μs, 16749 ms , 16.749425842 s
Finish Program
Connection closed.
___________________________________________________________________________________________________________

Executing experiment 4c-500f run 8...
___________________________________________________________________________________________________________

##############    EXECUTION PARAMETERS    #############
#######################################################
../input/small/30-0.02.csv
30-0.02-4c
4c-500f
4
#######################################################
Connection established.
maxProcsBefore:  4 maxProcsNow:  4  numCPU:  4
rows: ------------>  79918
TotalExecutionTime, 16.717657784s , 16717657 μs, 16717 ms , 16.717657784 s
Finish Program
Connection closed.
___________________________________________________________________________________________________________

Executing experiment 4c-500f run 9...
___________________________________________________________________________________________________________

##############    EXECUTION PARAMETERS    #############
#######################################################
../input/small/30-0.02.csv
30-0.02-4c
4c-500f
4
#######################################################
Connection established.
maxProcsBefore:  4 maxProcsNow:  4  numCPU:  4
rows: ------------>  79918
TotalExecutionTime, 17.353903634s , 17353903 μs, 17353 ms , 17.353903634 s
Finish Program
Connection closed.
___________________________________________________________________________________________________________

Executing experiment 4c-500f run 10...
___________________________________________________________________________________________________________

##############    EXECUTION PARAMETERS    #############
#######################################################
../input/small/30-0.02.csv
30-0.02-4c
4c-500f
4
#######################################################
Connection established.
maxProcsBefore:  4 maxProcsNow:  4  numCPU:  4
rows: ------------>  79918
TotalExecutionTime, 16.943889126s , 16943889 μs, 16943 ms , 16.943889126 s
Finish Program
Connection closed.
Directory 'output/4c-1000f-avg' created.
___________________________________________________________________________________________________________

Executing experiment 4c-1000f run 1...
___________________________________________________________________________________________________________

##############    EXECUTION PARAMETERS    #############
#######################################################
../input/small/30-0.02.csv
30-0.02-4c
4c-1000f
2
#######################################################
Connection established.
maxProcsBefore:  4 maxProcsNow:  4  numCPU:  4
rows: ------------>  79918
TotalExecutionTime, 17.448815047s , 17448815 μs, 17448 ms , 17.448815047 s
Finish Program
Connection closed.
___________________________________________________________________________________________________________

Executing experiment 4c-1000f run 2...
___________________________________________________________________________________________________________

##############    EXECUTION PARAMETERS    #############
#######################################################
../input/small/30-0.02.csv
30-0.02-4c
4c-1000f
2
#######################################################
Connection established.
maxProcsBefore:  4 maxProcsNow:  4  numCPU:  4
rows: ------------>  79918
TotalExecutionTime, 17.505444357s , 17505444 μs, 17505 ms , 17.505444357000002 s
Finish Program
Connection closed.
___________________________________________________________________________________________________________

Executing experiment 4c-1000f run 3...
___________________________________________________________________________________________________________

##############    EXECUTION PARAMETERS    #############
#######################################################
../input/small/30-0.02.csv
30-0.02-4c
4c-1000f
2
#######################################################
Connection established.
maxProcsBefore:  4 maxProcsNow:  4  numCPU:  4
rows: ------------>  79918
TotalExecutionTime, 17.861863452s , 17861863 μs, 17861 ms , 17.861863452 s
Finish Program
Connection closed.
___________________________________________________________________________________________________________

Executing experiment 4c-1000f run 4...
___________________________________________________________________________________________________________

##############    EXECUTION PARAMETERS    #############
#######################################################
../input/small/30-0.02.csv
30-0.02-4c
4c-1000f
2
#######################################################
Connection established.
maxProcsBefore:  4 maxProcsNow:  4  numCPU:  4
rows: ------------>  79918
TotalExecutionTime, 17.501883642s , 17501883 μs, 17501 ms , 17.501883642 s
Finish Program
Connection closed.
___________________________________________________________________________________________________________

Executing experiment 4c-1000f run 5...
___________________________________________________________________________________________________________

##############    EXECUTION PARAMETERS    #############
#######################################################
../input/small/30-0.02.csv
30-0.02-4c
4c-1000f
2
#######################################################
Connection established.
maxProcsBefore:  4 maxProcsNow:  4  numCPU:  4
rows: ------------>  79918
TotalExecutionTime, 18.07626416s , 18076264 μs, 18076 ms , 18.07626416 s
Finish Program
Connection closed.
___________________________________________________________________________________________________________

Executing experiment 4c-1000f run 6...
___________________________________________________________________________________________________________

##############    EXECUTION PARAMETERS    #############
#######################################################
../input/small/30-0.02.csv
30-0.02-4c
4c-1000f
2
#######################################################
Connection established.
maxProcsBefore:  4 maxProcsNow:  4  numCPU:  4
rows: ------------>  79918
TotalExecutionTime, 17.385822593s , 17385822 μs, 17385 ms , 17.385822593 s
Finish Program
Connection closed.
___________________________________________________________________________________________________________

Executing experiment 4c-1000f run 7...
___________________________________________________________________________________________________________

##############    EXECUTION PARAMETERS    #############
#######################################################
../input/small/30-0.02.csv
30-0.02-4c
4c-1000f
2
#######################################################
Connection established.
maxProcsBefore:  4 maxProcsNow:  4  numCPU:  4
rows: ------------>  79918
TotalExecutionTime, 17.204916794s , 17204916 μs, 17204 ms , 17.204916794 s
Finish Program
Connection closed.
___________________________________________________________________________________________________________

Executing experiment 4c-1000f run 8...
___________________________________________________________________________________________________________

##############    EXECUTION PARAMETERS    #############
#######################################################
../input/small/30-0.02.csv
30-0.02-4c
4c-1000f
2
#######################################################
Connection established.
maxProcsBefore:  4 maxProcsNow:  4  numCPU:  4
rows: ------------>  79918
TotalExecutionTime, 17.664440978s , 17664440 μs, 17664 ms , 17.664440978000002 s
Finish Program
Connection closed.
___________________________________________________________________________________________________________

Executing experiment 4c-1000f run 9...
___________________________________________________________________________________________________________

##############    EXECUTION PARAMETERS    #############
#######################################################
../input/small/30-0.02.csv
30-0.02-4c
4c-1000f
2
#######################################################
Connection established.
maxProcsBefore:  4 maxProcsNow:  4  numCPU:  4
rows: ------------>  79918
TotalExecutionTime, 17.567736075s , 17567736 μs, 17567 ms , 17.567736075 s
Finish Program
Connection closed.
___________________________________________________________________________________________________________

Executing experiment 4c-1000f run 10...
___________________________________________________________________________________________________________

##############    EXECUTION PARAMETERS    #############
#######################################################
../input/small/30-0.02.csv
30-0.02-4c
4c-1000f
2
#######################################################
Connection established.
maxProcsBefore:  4 maxProcsNow:  4  numCPU:  4
rows: ------------>  79918
TotalExecutionTime, 17.899289099s , 17899289 μs, 17899 ms , 17.899289099 s
Finish Program
Connection closed.
Directory 'output/4c-2000f-avg' created.
___________________________________________________________________________________________________________

Executing experiment 4c-2000f run 1...
___________________________________________________________________________________________________________

##############    EXECUTION PARAMETERS    #############
#######################################################
../input/small/30-0.02.csv
30-0.02-4c
4c-2000f
1
#######################################################
Connection established.
maxProcsBefore:  4 maxProcsNow:  4  numCPU:  4
rows: ------------>  79918
TotalExecutionTime, 18.194969705s , 18194969 μs, 18194 ms , 18.194969705 s
Finish Program
Connection closed.
___________________________________________________________________________________________________________

Executing experiment 4c-2000f run 2...
___________________________________________________________________________________________________________

##############    EXECUTION PARAMETERS    #############
#######################################################
../input/small/30-0.02.csv
30-0.02-4c
4c-2000f
1
#######################################################
Connection established.
maxProcsBefore:  4 maxProcsNow:  4  numCPU:  4
rows: ------------>  79918
TotalExecutionTime, 18.877397755s , 18877397 μs, 18877 ms , 18.877397755 s
Finish Program
Connection closed.
___________________________________________________________________________________________________________

Executing experiment 4c-2000f run 3...
___________________________________________________________________________________________________________

##############    EXECUTION PARAMETERS    #############
#######################################################
../input/small/30-0.02.csv
30-0.02-4c
4c-2000f
1
#######################################################
Connection established.
maxProcsBefore:  4 maxProcsNow:  4  numCPU:  4
rows: ------------>  79918
TotalExecutionTime, 19.564488215s , 19564488 μs, 19564 ms , 19.564488215 s
Finish Program
Connection closed.
___________________________________________________________________________________________________________

Executing experiment 4c-2000f run 4...
___________________________________________________________________________________________________________

##############    EXECUTION PARAMETERS    #############
#######################################################
../input/small/30-0.02.csv
30-0.02-4c
4c-2000f
1
#######################################################
Connection established.
maxProcsBefore:  4 maxProcsNow:  4  numCPU:  4
rows: ------------>  79918
TotalExecutionTime, 19.307796066s , 19307796 μs, 19307 ms , 19.307796066 s
Finish Program
Connection closed.
___________________________________________________________________________________________________________

Executing experiment 4c-2000f run 5...
___________________________________________________________________________________________________________

##############    EXECUTION PARAMETERS    #############
#######################################################
../input/small/30-0.02.csv
30-0.02-4c
4c-2000f
1
#######################################################
Connection established.
maxProcsBefore:  4 maxProcsNow:  4  numCPU:  4
rows: ------------>  79918
TotalExecutionTime, 18.479935439s , 18479935 μs, 18479 ms , 18.479935439 s
Finish Program
Connection closed.
___________________________________________________________________________________________________________

Executing experiment 4c-2000f run 6...
___________________________________________________________________________________________________________

##############    EXECUTION PARAMETERS    #############
#######################################################
../input/small/30-0.02.csv
30-0.02-4c
4c-2000f
1
#######################################################
Connection established.
maxProcsBefore:  4 maxProcsNow:  4  numCPU:  4
rows: ------------>  79918
TotalExecutionTime, 18.869244152s , 18869244 μs, 18869 ms , 18.869244152 s
Finish Program
Connection closed.
___________________________________________________________________________________________________________

Executing experiment 4c-2000f run 7...
___________________________________________________________________________________________________________

##############    EXECUTION PARAMETERS    #############
#######################################################
../input/small/30-0.02.csv
30-0.02-4c
4c-2000f
1
#######################################################
Connection established.
maxProcsBefore:  4 maxProcsNow:  4  numCPU:  4
rows: ------------>  79918
TotalExecutionTime, 18.424237162s , 18424237 μs, 18424 ms , 18.424237162 s
Finish Program
Connection closed.
___________________________________________________________________________________________________________

Executing experiment 4c-2000f run 8...
___________________________________________________________________________________________________________

##############    EXECUTION PARAMETERS    #############
#######################################################
../input/small/30-0.02.csv
30-0.02-4c
4c-2000f
1
#######################################################
Connection established.
maxProcsBefore:  4 maxProcsNow:  4  numCPU:  4
rows: ------------>  79918
TotalExecutionTime, 18.802619563s , 18802619 μs, 18802 ms , 18.802619563 s
Finish Program
Connection closed.
___________________________________________________________________________________________________________

Executing experiment 4c-2000f run 9...
___________________________________________________________________________________________________________

##############    EXECUTION PARAMETERS    #############
#######################################################
../input/small/30-0.02.csv
30-0.02-4c
4c-2000f
1
#######################################################
Connection established.
maxProcsBefore:  4 maxProcsNow:  4  numCPU:  4
rows: ------------>  79918
TotalExecutionTime, 18.641316288s , 18641316 μs, 18641 ms , 18.641316288 s
Finish Program
Connection closed.
___________________________________________________________________________________________________________

Executing experiment 4c-2000f run 10...
___________________________________________________________________________________________________________

##############    EXECUTION PARAMETERS    #############
#######################################################
../input/small/30-0.02.csv
30-0.02-4c
4c-2000f
1
#######################################################
Connection established.
maxProcsBefore:  4 maxProcsNow:  4  numCPU:  4
rows: ------------>  79918
TotalExecutionTime, 19.290536605s , 19290536 μs, 19290 ms , 19.290536605 s
Finish Program
Connection closed.
