Directory 'output/16c-1f-avg' created.
___________________________________________________________________________________________________________

Executing experiment 16c-1f run 1...
___________________________________________________________________________________________________________

##############    EXECUTION PARAMETERS    #############
#######################################################
../input/small/30-0.02.csv
30-0.02-16c
16c-1f
2000
#######################################################
Connection established.
maxProcsBefore:  16 maxProcsNow:  16  numCPU:  16
rows: ------------>  79918
TotalExecutionTime, 3m13.817192015s , 193817192 μs, 193817 ms , 193.817192015 s
Finish Program
Connection closed.
___________________________________________________________________________________________________________

Executing experiment 16c-1f run 2...
___________________________________________________________________________________________________________

##############    EXECUTION PARAMETERS    #############
#######################################################
../input/small/30-0.02.csv
30-0.02-16c
16c-1f
2000
#######################################################
Connection established.
maxProcsBefore:  16 maxProcsNow:  16  numCPU:  16
rows: ------------>  79918
TotalExecutionTime, 3m20.622800189s , 200622800 μs, 200622 ms , 200.622800189 s
Finish Program
Connection closed.
___________________________________________________________________________________________________________

Executing experiment 16c-1f run 3...
___________________________________________________________________________________________________________

##############    EXECUTION PARAMETERS    #############
#######################################################
../input/small/30-0.02.csv
30-0.02-16c
16c-1f
2000
#######################################################
Connection established.
maxProcsBefore:  16 maxProcsNow:  16  numCPU:  16
rows: ------------>  79918
TotalExecutionTime, 3m19.428388663s , 199428388 μs, 199428 ms , 199.428388663 s
Finish Program
Connection closed.
___________________________________________________________________________________________________________

Executing experiment 16c-1f run 4...
___________________________________________________________________________________________________________

##############    EXECUTION PARAMETERS    #############
#######################################################
../input/small/30-0.02.csv
30-0.02-16c
16c-1f
2000
#######################################################
Connection established.
maxProcsBefore:  16 maxProcsNow:  16  numCPU:  16
rows: ------------>  79918
TotalExecutionTime, 3m19.162373421s , 199162373 μs, 199162 ms , 199.162373421 s
Finish Program
Connection closed.
___________________________________________________________________________________________________________

Executing experiment 16c-1f run 5...
___________________________________________________________________________________________________________

##############    EXECUTION PARAMETERS    #############
#######################################################
../input/small/30-0.02.csv
30-0.02-16c
16c-1f
2000
#######################################################
Connection established.
maxProcsBefore:  16 maxProcsNow:  16  numCPU:  16
rows: ------------>  79918
TotalExecutionTime, 3m17.019110567s , 197019110 μs, 197019 ms , 197.019110567 s
Finish Program
Connection closed.
___________________________________________________________________________________________________________

Executing experiment 16c-1f run 6...
___________________________________________________________________________________________________________

##############    EXECUTION PARAMETERS    #############
#######################################################
../input/small/30-0.02.csv
30-0.02-16c
16c-1f
2000
#######################################################
Connection established.
maxProcsBefore:  16 maxProcsNow:  16  numCPU:  16
rows: ------------>  79918
TotalExecutionTime, 3m12.741584325s , 192741584 μs, 192741 ms , 192.741584325 s
Finish Program
Connection closed.
___________________________________________________________________________________________________________

Executing experiment 16c-1f run 7...
___________________________________________________________________________________________________________

##############    EXECUTION PARAMETERS    #############
#######################################################
../input/small/30-0.02.csv
30-0.02-16c
16c-1f
2000
#######################################################
Connection established.
maxProcsBefore:  16 maxProcsNow:  16  numCPU:  16
rows: ------------>  79918
TotalExecutionTime, 3m16.132454788s , 196132454 μs, 196132 ms , 196.132454788 s
Finish Program
Connection closed.
___________________________________________________________________________________________________________

Executing experiment 16c-1f run 8...
___________________________________________________________________________________________________________

##############    EXECUTION PARAMETERS    #############
#######################################################
../input/small/30-0.02.csv
30-0.02-16c
16c-1f
2000
#######################################################
Connection established.
maxProcsBefore:  16 maxProcsNow:  16  numCPU:  16
rows: ------------>  79918
TotalExecutionTime, 3m16.362234684s , 196362234 μs, 196362 ms , 196.362234684 s
Finish Program
Connection closed.
___________________________________________________________________________________________________________

Executing experiment 16c-1f run 9...
___________________________________________________________________________________________________________

##############    EXECUTION PARAMETERS    #############
#######################################################
../input/small/30-0.02.csv
30-0.02-16c
16c-1f
2000
#######################################################
Connection established.
maxProcsBefore:  16 maxProcsNow:  16  numCPU:  16
rows: ------------>  79918
TotalExecutionTime, 3m16.557338581s , 196557338 μs, 196557 ms , 196.557338581 s
Finish Program
Connection closed.
___________________________________________________________________________________________________________

Executing experiment 16c-1f run 10...
___________________________________________________________________________________________________________

##############    EXECUTION PARAMETERS    #############
#######################################################
../input/small/30-0.02.csv
30-0.02-16c
16c-1f
2000
#######################################################
Connection established.
maxProcsBefore:  16 maxProcsNow:  16  numCPU:  16
rows: ------------>  79918
TotalExecutionTime, 3m15.696364509s , 195696364 μs, 195696 ms , 195.696364509 s
Finish Program
Connection closed.
Directory 'output/16c-2f-avg' created.
___________________________________________________________________________________________________________

Executing experiment 16c-2f run 1...
___________________________________________________________________________________________________________

##############    EXECUTION PARAMETERS    #############
#######################################################
../input/small/30-0.02.csv
30-0.02-16c
16c-2f
1000
#######################################################
Connection established.
maxProcsBefore:  16 maxProcsNow:  16  numCPU:  16
rows: ------------>  79918
TotalExecutionTime, 1m53.7718734s , 113771873 μs, 113771 ms , 113.7718734 s
Finish Program
Connection closed.
___________________________________________________________________________________________________________

Executing experiment 16c-2f run 2...
___________________________________________________________________________________________________________

##############    EXECUTION PARAMETERS    #############
#######################################################
../input/small/30-0.02.csv
30-0.02-16c
16c-2f
1000
#######################################################
Connection established.
maxProcsBefore:  16 maxProcsNow:  16  numCPU:  16
rows: ------------>  79918
TotalExecutionTime, 1m53.376714745s , 113376714 μs, 113376 ms , 113.376714745 s
Finish Program
Connection closed.
___________________________________________________________________________________________________________

Executing experiment 16c-2f run 3...
___________________________________________________________________________________________________________

##############    EXECUTION PARAMETERS    #############
#######################################################
../input/small/30-0.02.csv
30-0.02-16c
16c-2f
1000
#######################################################
Connection established.
maxProcsBefore:  16 maxProcsNow:  16  numCPU:  16
rows: ------------>  79918
TotalExecutionTime, 1m51.935358369s , 111935358 μs, 111935 ms , 111.935358369 s
Finish Program
Connection closed.
___________________________________________________________________________________________________________

Executing experiment 16c-2f run 4...
___________________________________________________________________________________________________________

##############    EXECUTION PARAMETERS    #############
#######################################################
../input/small/30-0.02.csv
30-0.02-16c
16c-2f
1000
#######################################################
Connection established.
maxProcsBefore:  16 maxProcsNow:  16  numCPU:  16
rows: ------------>  79918
TotalExecutionTime, 1m50.349299798s , 110349299 μs, 110349 ms , 110.349299798 s
Finish Program
Connection closed.
___________________________________________________________________________________________________________

Executing experiment 16c-2f run 5...
___________________________________________________________________________________________________________

##############    EXECUTION PARAMETERS    #############
#######################################################
../input/small/30-0.02.csv
30-0.02-16c
16c-2f
1000
#######################################################
Connection established.
maxProcsBefore:  16 maxProcsNow:  16  numCPU:  16
rows: ------------>  79918
TotalExecutionTime, 1m52.911903857s , 112911903 μs, 112911 ms , 112.911903857 s
Finish Program
Connection closed.
___________________________________________________________________________________________________________

Executing experiment 16c-2f run 6...
___________________________________________________________________________________________________________

##############    EXECUTION PARAMETERS    #############
#######################################################
../input/small/30-0.02.csv
30-0.02-16c
16c-2f
1000
#######################################################
Connection established.
maxProcsBefore:  16 maxProcsNow:  16  numCPU:  16
rows: ------------>  79918
TotalExecutionTime, 1m53.24125031s , 113241250 μs, 113241 ms , 113.24125031 s
Finish Program
Connection closed.
___________________________________________________________________________________________________________

Executing experiment 16c-2f run 7...
___________________________________________________________________________________________________________

##############    EXECUTION PARAMETERS    #############
#######################################################
../input/small/30-0.02.csv
30-0.02-16c
16c-2f
1000
#######################################################
Connection established.
maxProcsBefore:  16 maxProcsNow:  16  numCPU:  16
rows: ------------>  79918
TotalExecutionTime, 1m52.748215402s , 112748215 μs, 112748 ms , 112.748215402 s
Finish Program
Connection closed.
___________________________________________________________________________________________________________

Executing experiment 16c-2f run 8...
___________________________________________________________________________________________________________

##############    EXECUTION PARAMETERS    #############
#######################################################
../input/small/30-0.02.csv
30-0.02-16c
16c-2f
1000
#######################################################
Connection established.
maxProcsBefore:  16 maxProcsNow:  16  numCPU:  16
rows: ------------>  79918
TotalExecutionTime, 1m58.233556905s , 118233556 μs, 118233 ms , 118.233556905 s
Finish Program
Connection closed.
___________________________________________________________________________________________________________

Executing experiment 16c-2f run 9...
___________________________________________________________________________________________________________

##############    EXECUTION PARAMETERS    #############
#######################################################
../input/small/30-0.02.csv
30-0.02-16c
16c-2f
1000
#######################################################
Connection established.
maxProcsBefore:  16 maxProcsNow:  16  numCPU:  16
rows: ------------>  79918
TotalExecutionTime, 1m52.861254449s , 112861254 μs, 112861 ms , 112.861254449 s
Finish Program
Connection closed.
___________________________________________________________________________________________________________

Executing experiment 16c-2f run 10...
___________________________________________________________________________________________________________

##############    EXECUTION PARAMETERS    #############
#######################################################
../input/small/30-0.02.csv
30-0.02-16c
16c-2f
1000
#######################################################
Connection established.
maxProcsBefore:  16 maxProcsNow:  16  numCPU:  16
rows: ------------>  79918
TotalExecutionTime, 1m52.264289236s , 112264289 μs, 112264 ms , 112.264289236 s
Finish Program
Connection closed.
Directory 'output/16c-5f-avg' created.
___________________________________________________________________________________________________________

Executing experiment 16c-5f run 1...
___________________________________________________________________________________________________________

##############    EXECUTION PARAMETERS    #############
#######################################################
../input/small/30-0.02.csv
30-0.02-16c
16c-5f
400
#######################################################
Connection established.
maxProcsBefore:  16 maxProcsNow:  16  numCPU:  16
rows: ------------>  79918
TotalExecutionTime, 36.254424339s , 36254424 μs, 36254 ms , 36.254424339 s
Finish Program
Connection closed.
___________________________________________________________________________________________________________

Executing experiment 16c-5f run 2...
___________________________________________________________________________________________________________

##############    EXECUTION PARAMETERS    #############
#######################################################
../input/small/30-0.02.csv
30-0.02-16c
16c-5f
400
#######################################################
Connection established.
maxProcsBefore:  16 maxProcsNow:  16  numCPU:  16
rows: ------------>  79918
TotalExecutionTime, 37.552541854s , 37552541 μs, 37552 ms , 37.552541854 s
Finish Program
Connection closed.
___________________________________________________________________________________________________________

Executing experiment 16c-5f run 3...
___________________________________________________________________________________________________________

##############    EXECUTION PARAMETERS    #############
#######################################################
../input/small/30-0.02.csv
30-0.02-16c
16c-5f
400
#######################################################
Connection established.
maxProcsBefore:  16 maxProcsNow:  16  numCPU:  16
rows: ------------>  79918
TotalExecutionTime, 38.349897496s , 38349897 μs, 38349 ms , 38.349897496 s
Finish Program
Connection closed.
___________________________________________________________________________________________________________

Executing experiment 16c-5f run 4...
___________________________________________________________________________________________________________

##############    EXECUTION PARAMETERS    #############
#######################################################
../input/small/30-0.02.csv
30-0.02-16c
16c-5f
400
#######################################################
Connection established.
maxProcsBefore:  16 maxProcsNow:  16  numCPU:  16
rows: ------------>  79918
TotalExecutionTime, 37.089615437s , 37089615 μs, 37089 ms , 37.089615437 s
Finish Program
Connection closed.
___________________________________________________________________________________________________________

Executing experiment 16c-5f run 5...
___________________________________________________________________________________________________________

##############    EXECUTION PARAMETERS    #############
#######################################################
../input/small/30-0.02.csv
30-0.02-16c
16c-5f
400
#######################################################
Connection established.
maxProcsBefore:  16 maxProcsNow:  16  numCPU:  16
rows: ------------>  79918
TotalExecutionTime, 36.968016181s , 36968016 μs, 36968 ms , 36.968016181 s
Finish Program
Connection closed.
___________________________________________________________________________________________________________

Executing experiment 16c-5f run 6...
___________________________________________________________________________________________________________

##############    EXECUTION PARAMETERS    #############
#######################################################
../input/small/30-0.02.csv
30-0.02-16c
16c-5f
400
#######################################################
Connection established.
maxProcsBefore:  16 maxProcsNow:  16  numCPU:  16
rows: ------------>  79918
TotalExecutionTime, 37.351337013s , 37351337 μs, 37351 ms , 37.351337013 s
Finish Program
Connection closed.
___________________________________________________________________________________________________________

Executing experiment 16c-5f run 7...
___________________________________________________________________________________________________________

##############    EXECUTION PARAMETERS    #############
#######################################################
../input/small/30-0.02.csv
30-0.02-16c
16c-5f
400
#######################################################
Connection established.
maxProcsBefore:  16 maxProcsNow:  16  numCPU:  16
rows: ------------>  79918
TotalExecutionTime, 38.268361057s , 38268361 μs, 38268 ms , 38.268361057 s
Finish Program
Connection closed.
___________________________________________________________________________________________________________

Executing experiment 16c-5f run 8...
___________________________________________________________________________________________________________

##############    EXECUTION PARAMETERS    #############
#######################################################
../input/small/30-0.02.csv
30-0.02-16c
16c-5f
400
#######################################################
Connection established.
maxProcsBefore:  16 maxProcsNow:  16  numCPU:  16
rows: ------------>  79918
TotalExecutionTime, 39.357065137s , 39357065 μs, 39357 ms , 39.357065137 s
Finish Program
Connection closed.
___________________________________________________________________________________________________________

Executing experiment 16c-5f run 9...
___________________________________________________________________________________________________________

##############    EXECUTION PARAMETERS    #############
#######################################################
../input/small/30-0.02.csv
30-0.02-16c
16c-5f
400
#######################################################
Connection established.
maxProcsBefore:  16 maxProcsNow:  16  numCPU:  16
rows: ------------>  79918
TotalExecutionTime, 38.921291434s , 38921291 μs, 38921 ms , 38.921291434 s
Finish Program
Connection closed.
___________________________________________________________________________________________________________

Executing experiment 16c-5f run 10...
___________________________________________________________________________________________________________

##############    EXECUTION PARAMETERS    #############
#######################################################
../input/small/30-0.02.csv
30-0.02-16c
16c-5f
400
#######################################################
Connection established.
maxProcsBefore:  16 maxProcsNow:  16  numCPU:  16
rows: ------------>  79918
TotalExecutionTime, 37.842917811s , 37842917 μs, 37842 ms , 37.842917811 s
Finish Program
Connection closed.
Directory 'output/16c-10f-avg' created.
___________________________________________________________________________________________________________

Executing experiment 16c-10f run 1...
___________________________________________________________________________________________________________

##############    EXECUTION PARAMETERS    #############
#######################################################
../input/small/30-0.02.csv
30-0.02-16c
16c-10f
200
#######################################################
Connection established.
maxProcsBefore:  16 maxProcsNow:  16  numCPU:  16
rows: ------------>  79918
TotalExecutionTime, 24.432155155s , 24432155 μs, 24432 ms , 24.432155155 s
Finish Program
Connection closed.
___________________________________________________________________________________________________________

Executing experiment 16c-10f run 2...
___________________________________________________________________________________________________________

##############    EXECUTION PARAMETERS    #############
#######################################################
../input/small/30-0.02.csv
30-0.02-16c
16c-10f
200
#######################################################
Connection established.
maxProcsBefore:  16 maxProcsNow:  16  numCPU:  16
rows: ------------>  79918
TotalExecutionTime, 23.622483536s , 23622483 μs, 23622 ms , 23.622483536 s
Finish Program
Connection closed.
___________________________________________________________________________________________________________

Executing experiment 16c-10f run 3...
___________________________________________________________________________________________________________

##############    EXECUTION PARAMETERS    #############
#######################################################
../input/small/30-0.02.csv
30-0.02-16c
16c-10f
200
#######################################################
Connection established.
maxProcsBefore:  16 maxProcsNow:  16  numCPU:  16
rows: ------------>  79918
TotalExecutionTime, 24.213064314s , 24213064 μs, 24213 ms , 24.213064314 s
Finish Program
Connection closed.
___________________________________________________________________________________________________________

Executing experiment 16c-10f run 4...
___________________________________________________________________________________________________________

##############    EXECUTION PARAMETERS    #############
#######################################################
../input/small/30-0.02.csv
30-0.02-16c
16c-10f
200
#######################################################
Connection established.
maxProcsBefore:  16 maxProcsNow:  16  numCPU:  16
rows: ------------>  79918
TotalExecutionTime, 24.282264453s , 24282264 μs, 24282 ms , 24.282264453 s
Finish Program
Connection closed.
___________________________________________________________________________________________________________

Executing experiment 16c-10f run 5...
___________________________________________________________________________________________________________

##############    EXECUTION PARAMETERS    #############
#######################################################
../input/small/30-0.02.csv
30-0.02-16c
16c-10f
200
#######################################################
Connection established.
maxProcsBefore:  16 maxProcsNow:  16  numCPU:  16
rows: ------------>  79918
TotalExecutionTime, 23.857516118s , 23857516 μs, 23857 ms , 23.857516118 s
Finish Program
Connection closed.
___________________________________________________________________________________________________________

Executing experiment 16c-10f run 6...
___________________________________________________________________________________________________________

##############    EXECUTION PARAMETERS    #############
#######################################################
../input/small/30-0.02.csv
30-0.02-16c
16c-10f
200
#######################################################
Connection established.
maxProcsBefore:  16 maxProcsNow:  16  numCPU:  16
rows: ------------>  79918
TotalExecutionTime, 23.435173325s , 23435173 μs, 23435 ms , 23.435173325 s
Finish Program
Connection closed.
___________________________________________________________________________________________________________

Executing experiment 16c-10f run 7...
___________________________________________________________________________________________________________

##############    EXECUTION PARAMETERS    #############
#######################################################
../input/small/30-0.02.csv
30-0.02-16c
16c-10f
200
#######################################################
Connection established.
maxProcsBefore:  16 maxProcsNow:  16  numCPU:  16
rows: ------------>  79918
TotalExecutionTime, 24.692192543s , 24692192 μs, 24692 ms , 24.692192543 s
Finish Program
Connection closed.
___________________________________________________________________________________________________________

Executing experiment 16c-10f run 8...
___________________________________________________________________________________________________________

##############    EXECUTION PARAMETERS    #############
#######################################################
../input/small/30-0.02.csv
30-0.02-16c
16c-10f
200
#######################################################
Connection established.
maxProcsBefore:  16 maxProcsNow:  16  numCPU:  16
rows: ------------>  79918
TotalExecutionTime, 23.905687109s , 23905687 μs, 23905 ms , 23.905687109 s
Finish Program
Connection closed.
___________________________________________________________________________________________________________

Executing experiment 16c-10f run 9...
___________________________________________________________________________________________________________

##############    EXECUTION PARAMETERS    #############
#######################################################
../input/small/30-0.02.csv
30-0.02-16c
16c-10f
200
#######################################################
Connection established.
maxProcsBefore:  16 maxProcsNow:  16  numCPU:  16
rows: ------------>  79918
TotalExecutionTime, 23.484864002s , 23484864 μs, 23484 ms , 23.484864002 s
Finish Program
Connection closed.
___________________________________________________________________________________________________________

Executing experiment 16c-10f run 10...
___________________________________________________________________________________________________________

##############    EXECUTION PARAMETERS    #############
#######################################################
../input/small/30-0.02.csv
30-0.02-16c
16c-10f
200
#######################################################
Connection established.
maxProcsBefore:  16 maxProcsNow:  16  numCPU:  16
rows: ------------>  79918
TotalExecutionTime, 23.24689577s , 23246895 μs, 23246 ms , 23.24689577 s
Finish Program
Connection closed.
Directory 'output/16c-20f-avg' created.
___________________________________________________________________________________________________________

Executing experiment 16c-20f run 1...
___________________________________________________________________________________________________________

##############    EXECUTION PARAMETERS    #############
#######################################################
../input/small/30-0.02.csv
30-0.02-16c
16c-20f
100
#######################################################
Connection established.
maxProcsBefore:  16 maxProcsNow:  16  numCPU:  16
rows: ------------>  79918
TotalExecutionTime, 19.828477356s , 19828477 μs, 19828 ms , 19.828477356 s
Finish Program
Connection closed.
___________________________________________________________________________________________________________

Executing experiment 16c-20f run 2...
___________________________________________________________________________________________________________

##############    EXECUTION PARAMETERS    #############
#######################################################
../input/small/30-0.02.csv
30-0.02-16c
16c-20f
100
#######################################################
Connection established.
maxProcsBefore:  16 maxProcsNow:  16  numCPU:  16
rows: ------------>  79918
TotalExecutionTime, 20.243454877s , 20243454 μs, 20243 ms , 20.243454877 s
Finish Program
Connection closed.
___________________________________________________________________________________________________________

Executing experiment 16c-20f run 3...
___________________________________________________________________________________________________________

##############    EXECUTION PARAMETERS    #############
#######################################################
../input/small/30-0.02.csv
30-0.02-16c
16c-20f
100
#######################################################
Connection established.
maxProcsBefore:  16 maxProcsNow:  16  numCPU:  16
rows: ------------>  79918
TotalExecutionTime, 19.087965243s , 19087965 μs, 19087 ms , 19.087965243 s
Finish Program
Connection closed.
___________________________________________________________________________________________________________

Executing experiment 16c-20f run 4...
___________________________________________________________________________________________________________

##############    EXECUTION PARAMETERS    #############
#######################################################
../input/small/30-0.02.csv
30-0.02-16c
16c-20f
100
#######################################################
Connection established.
maxProcsBefore:  16 maxProcsNow:  16  numCPU:  16
___________________________________________________________________________________________________________

Executing experiment 16c-20f run 5...
___________________________________________________________________________________________________________

##############    EXECUTION PARAMETERS    #############
#######################################################
../input/small/30-0.02.csv
30-0.02-16c
16c-20f
100
#######################################################
Connection established.
maxProcsBefore:  16 maxProcsNow:  16  numCPU:  16
rows: ------------>  79918
TotalExecutionTime, 20.078761698s , 20078761 μs, 20078 ms , 20.078761698 s
Finish Program
Connection closed.
___________________________________________________________________________________________________________

Executing experiment 16c-20f run 6...
___________________________________________________________________________________________________________

##############    EXECUTION PARAMETERS    #############
#######################################################
../input/small/30-0.02.csv
30-0.02-16c
16c-20f
100
#######################################################
Connection established.
maxProcsBefore:  16 maxProcsNow:  16  numCPU:  16
rows: ------------>  79918
TotalExecutionTime, 19.926254134s , 19926254 μs, 19926 ms , 19.926254134 s
Finish Program
Connection closed.
___________________________________________________________________________________________________________

Executing experiment 16c-20f run 7...
___________________________________________________________________________________________________________

##############    EXECUTION PARAMETERS    #############
#######################################################
../input/small/30-0.02.csv
30-0.02-16c
16c-20f
100
#######################################################
Connection established.
maxProcsBefore:  16 maxProcsNow:  16  numCPU:  16
rows: ------------>  79918
TotalExecutionTime, 20.238313256s , 20238313 μs, 20238 ms , 20.238313256 s
Finish Program
Connection closed.
___________________________________________________________________________________________________________

Executing experiment 16c-20f run 8...
___________________________________________________________________________________________________________

##############    EXECUTION PARAMETERS    #############
#######################################################
../input/small/30-0.02.csv
30-0.02-16c
16c-20f
100
#######################################################
Connection established.
maxProcsBefore:  16 maxProcsNow:  16  numCPU:  16
rows: ------------>  79918
TotalExecutionTime, 19.465318232s , 19465318 μs, 19465 ms , 19.465318232 s
Finish Program
Connection closed.
___________________________________________________________________________________________________________

Executing experiment 16c-20f run 9...
___________________________________________________________________________________________________________

##############    EXECUTION PARAMETERS    #############
#######################################################
../input/small/30-0.02.csv
30-0.02-16c
16c-20f
100
#######################################################
Connection established.
maxProcsBefore:  16 maxProcsNow:  16  numCPU:  16
rows: ------------>  79918
TotalExecutionTime, 19.932817881s , 19932817 μs, 19932 ms , 19.932817881 s
Finish Program
Connection closed.
___________________________________________________________________________________________________________

Executing experiment 16c-20f run 10...
___________________________________________________________________________________________________________

##############    EXECUTION PARAMETERS    #############
#######################################################
../input/small/30-0.02.csv
30-0.02-16c
16c-20f
100
#######################################################
Connection established.
maxProcsBefore:  16 maxProcsNow:  16  numCPU:  16
rows: ------------>  79918
TotalExecutionTime, 20.698001182s , 20698001 μs, 20698 ms , 20.698001182 s
Finish Program
Connection closed.
Directory 'output/16c-40f-avg' created.
___________________________________________________________________________________________________________

Executing experiment 16c-40f run 1...
___________________________________________________________________________________________________________

##############    EXECUTION PARAMETERS    #############
#######################################################
../input/small/30-0.02.csv
30-0.02-16c
16c-40f
50
#######################################################
Connection established.
maxProcsBefore:  16 maxProcsNow:  16  numCPU:  16
rows: ------------>  79918
TotalExecutionTime, 17.458791815s , 17458791 μs, 17458 ms , 17.458791815 s
Finish Program
Connection closed.
___________________________________________________________________________________________________________

Executing experiment 16c-40f run 2...
___________________________________________________________________________________________________________

##############    EXECUTION PARAMETERS    #############
#######################################################
../input/small/30-0.02.csv
30-0.02-16c
16c-40f
50
#######################################################
Connection established.
maxProcsBefore:  16 maxProcsNow:  16  numCPU:  16
rows: ------------>  79918
TotalExecutionTime, 17.759839759s , 17759839 μs, 17759 ms , 17.759839759 s
Finish Program
Connection closed.
___________________________________________________________________________________________________________

Executing experiment 16c-40f run 3...
___________________________________________________________________________________________________________

##############    EXECUTION PARAMETERS    #############
#######################################################
../input/small/30-0.02.csv
30-0.02-16c
16c-40f
50
#######################################################
Connection established.
maxProcsBefore:  16 maxProcsNow:  16  numCPU:  16
rows: ------------>  79918
TotalExecutionTime, 18.059801254s , 18059801 μs, 18059 ms , 18.059801254 s
Finish Program
Connection closed.
___________________________________________________________________________________________________________

Executing experiment 16c-40f run 4...
___________________________________________________________________________________________________________

##############    EXECUTION PARAMETERS    #############
#######################################################
../input/small/30-0.02.csv
30-0.02-16c
16c-40f
50
#######################################################
Connection established.
maxProcsBefore:  16 maxProcsNow:  16  numCPU:  16
rows: ------------>  79918
TotalExecutionTime, 17.653242089s , 17653242 μs, 17653 ms , 17.653242089 s
Finish Program
Connection closed.
___________________________________________________________________________________________________________

Executing experiment 16c-40f run 5...
___________________________________________________________________________________________________________

##############    EXECUTION PARAMETERS    #############
#######################################################
../input/small/30-0.02.csv
30-0.02-16c
16c-40f
50
#######################################################
Connection established.
maxProcsBefore:  16 maxProcsNow:  16  numCPU:  16
rows: ------------>  79918
TotalExecutionTime, 17.89007094s , 17890070 μs, 17890 ms , 17.89007094 s
Finish Program
Connection closed.
___________________________________________________________________________________________________________

Executing experiment 16c-40f run 6...
___________________________________________________________________________________________________________

##############    EXECUTION PARAMETERS    #############
#######################################################
../input/small/30-0.02.csv
30-0.02-16c
16c-40f
50
#######################################################
Connection established.
maxProcsBefore:  16 maxProcsNow:  16  numCPU:  16
rows: ------------>  79918
TotalExecutionTime, 17.721447978s , 17721447 μs, 17721 ms , 17.721447978 s
Finish Program
Connection closed.
___________________________________________________________________________________________________________

Executing experiment 16c-40f run 7...
___________________________________________________________________________________________________________

##############    EXECUTION PARAMETERS    #############
#######################################################
../input/small/30-0.02.csv
30-0.02-16c
16c-40f
50
#######################################################
Connection established.
maxProcsBefore:  16 maxProcsNow:  16  numCPU:  16
rows: ------------>  79918
TotalExecutionTime, 17.717896187s , 17717896 μs, 17717 ms , 17.717896187 s
Finish Program
Connection closed.
___________________________________________________________________________________________________________

Executing experiment 16c-40f run 8...
___________________________________________________________________________________________________________

##############    EXECUTION PARAMETERS    #############
#######################################################
../input/small/30-0.02.csv
30-0.02-16c
16c-40f
50
#######################################################
Connection established.
maxProcsBefore:  16 maxProcsNow:  16  numCPU:  16
rows: ------------>  79918
TotalExecutionTime, 17.547596645s , 17547596 μs, 17547 ms , 17.547596645 s
Finish Program
Connection closed.
___________________________________________________________________________________________________________

Executing experiment 16c-40f run 9...
___________________________________________________________________________________________________________

##############    EXECUTION PARAMETERS    #############
#######################################################
../input/small/30-0.02.csv
30-0.02-16c
16c-40f
50
#######################################################
Connection established.
maxProcsBefore:  16 maxProcsNow:  16  numCPU:  16
rows: ------------>  79918
TotalExecutionTime, 17.430906111s , 17430906 μs, 17430 ms , 17.430906111 s
Finish Program
Connection closed.
___________________________________________________________________________________________________________

Executing experiment 16c-40f run 10...
___________________________________________________________________________________________________________

##############    EXECUTION PARAMETERS    #############
#######################################################
../input/small/30-0.02.csv
30-0.02-16c
16c-40f
50
#######################################################
Connection established.
maxProcsBefore:  16 maxProcsNow:  16  numCPU:  16
rows: ------------>  79918
TotalExecutionTime, 17.689886253s , 17689886 μs, 17689 ms , 17.689886253 s
Finish Program
Connection closed.
Directory 'output/16c-100f-avg' created.
___________________________________________________________________________________________________________

Executing experiment 16c-100f run 1...
___________________________________________________________________________________________________________

##############    EXECUTION PARAMETERS    #############
#######################################################
../input/small/30-0.02.csv
30-0.02-16c
16c-100f
20
#######################################################
Connection established.
maxProcsBefore:  16 maxProcsNow:  16  numCPU:  16
rows: ------------>  79918
TotalExecutionTime, 17.476882875s , 17476882 μs, 17476 ms , 17.476882875 s
Finish Program
Connection closed.
___________________________________________________________________________________________________________

Executing experiment 16c-100f run 2...
___________________________________________________________________________________________________________

##############    EXECUTION PARAMETERS    #############
#######################################################
../input/small/30-0.02.csv
30-0.02-16c
16c-100f
20
#######################################################
Connection established.
maxProcsBefore:  16 maxProcsNow:  16  numCPU:  16
rows: ------------>  79918
TotalExecutionTime, 17.129611257s , 17129611 μs, 17129 ms , 17.129611257 s
Finish Program
Connection closed.
___________________________________________________________________________________________________________

Executing experiment 16c-100f run 3...
___________________________________________________________________________________________________________

##############    EXECUTION PARAMETERS    #############
#######################################################
../input/small/30-0.02.csv
30-0.02-16c
16c-100f
20
#######################################################
Connection established.
maxProcsBefore:  16 maxProcsNow:  16  numCPU:  16
rows: ------------>  79918
TotalExecutionTime, 17.177586299s , 17177586 μs, 17177 ms , 17.177586299 s
Finish Program
Connection closed.
___________________________________________________________________________________________________________

Executing experiment 16c-100f run 4...
___________________________________________________________________________________________________________

##############    EXECUTION PARAMETERS    #############
#######################################################
../input/small/30-0.02.csv
30-0.02-16c
16c-100f
20
#######################################################
Connection established.
maxProcsBefore:  16 maxProcsNow:  16  numCPU:  16
rows: ------------>  79918
TotalExecutionTime, 16.790775391s , 16790775 μs, 16790 ms , 16.790775391 s
Finish Program
Connection closed.
___________________________________________________________________________________________________________

Executing experiment 16c-100f run 5...
___________________________________________________________________________________________________________

##############    EXECUTION PARAMETERS    #############
#######################################################
../input/small/30-0.02.csv
30-0.02-16c
16c-100f
20
#######################################################
Connection established.
maxProcsBefore:  16 maxProcsNow:  16  numCPU:  16
rows: ------------>  79918
TotalExecutionTime, 17.520682859s , 17520682 μs, 17520 ms , 17.520682859 s
Finish Program
Connection closed.
___________________________________________________________________________________________________________

Executing experiment 16c-100f run 6...
___________________________________________________________________________________________________________

##############    EXECUTION PARAMETERS    #############
#######################################################
../input/small/30-0.02.csv
30-0.02-16c
16c-100f
20
#######################################################
Connection established.
maxProcsBefore:  16 maxProcsNow:  16  numCPU:  16
rows: ------------>  79918
TotalExecutionTime, 16.794611312s , 16794611 μs, 16794 ms , 16.794611312 s
Finish Program
Connection closed.
___________________________________________________________________________________________________________

Executing experiment 16c-100f run 7...
___________________________________________________________________________________________________________

##############    EXECUTION PARAMETERS    #############
#######################################################
../input/small/30-0.02.csv
30-0.02-16c
16c-100f
20
#######################################################
Connection established.
maxProcsBefore:  16 maxProcsNow:  16  numCPU:  16
rows: ------------>  79918
TotalExecutionTime, 16.901119175s , 16901119 μs, 16901 ms , 16.901119175 s
Finish Program
Connection closed.
___________________________________________________________________________________________________________

Executing experiment 16c-100f run 8...
___________________________________________________________________________________________________________

##############    EXECUTION PARAMETERS    #############
#######################################################
../input/small/30-0.02.csv
30-0.02-16c
16c-100f
20
#######################################################
Connection established.
maxProcsBefore:  16 maxProcsNow:  16  numCPU:  16
rows: ------------>  79918
TotalExecutionTime, 17.065681274s , 17065681 μs, 17065 ms , 17.065681274 s
Finish Program
Connection closed.
___________________________________________________________________________________________________________

Executing experiment 16c-100f run 9...
___________________________________________________________________________________________________________

##############    EXECUTION PARAMETERS    #############
#######################################################
../input/small/30-0.02.csv
30-0.02-16c
16c-100f
20
#######################################################
Connection established.
maxProcsBefore:  16 maxProcsNow:  16  numCPU:  16
rows: ------------>  79918
TotalExecutionTime, 16.889317344s , 16889317 μs, 16889 ms , 16.889317344 s
Finish Program
Connection closed.
___________________________________________________________________________________________________________

Executing experiment 16c-100f run 10...
___________________________________________________________________________________________________________

##############    EXECUTION PARAMETERS    #############
#######################################################
../input/small/30-0.02.csv
30-0.02-16c
16c-100f
20
#######################################################
Connection established.
maxProcsBefore:  16 maxProcsNow:  16  numCPU:  16
rows: ------------>  79918
TotalExecutionTime, 17.227687903s , 17227687 μs, 17227 ms , 17.227687903 s
Finish Program
Connection closed.
Directory 'output/16c-200f-avg' created.
___________________________________________________________________________________________________________

Executing experiment 16c-200f run 1...
___________________________________________________________________________________________________________

##############    EXECUTION PARAMETERS    #############
#######################################################
../input/small/30-0.02.csv
30-0.02-16c
16c-200f
10
#######################################################
Connection established.
maxProcsBefore:  16 maxProcsNow:  16  numCPU:  16
rows: ------------>  79918
TotalExecutionTime, 16.384296167s , 16384296 μs, 16384 ms , 16.384296167 s
Finish Program
Connection closed.
___________________________________________________________________________________________________________

Executing experiment 16c-200f run 2...
___________________________________________________________________________________________________________

##############    EXECUTION PARAMETERS    #############
#######################################################
../input/small/30-0.02.csv
30-0.02-16c
16c-200f
10
#######################################################
Connection established.
maxProcsBefore:  16 maxProcsNow:  16  numCPU:  16
+++++++++++++++++++++++++++++++++++++++++++++++++++++++++++++++++++++
Warning: tx starts before the previous ends! -  c-NIGER-865
Fraud pattern with:   17550, c-NIGER-865 -> NIGER-9
rows: ------------>  79918
TotalExecutionTime, 16.475530249s , 16475530 μs, 16475 ms , 16.475530249 s
Finish Program
Connection closed.
___________________________________________________________________________________________________________

Executing experiment 16c-200f run 3...
___________________________________________________________________________________________________________

##############    EXECUTION PARAMETERS    #############
#######################################################
../input/small/30-0.02.csv
30-0.02-16c
16c-200f
10
#######################################################
Connection established.
maxProcsBefore:  16 maxProcsNow:  16  numCPU:  16
rows: ------------>  79918
TotalExecutionTime, 16.414563922s , 16414563 μs, 16414 ms , 16.414563922 s
Finish Program
Connection closed.
___________________________________________________________________________________________________________

Executing experiment 16c-200f run 4...
___________________________________________________________________________________________________________

##############    EXECUTION PARAMETERS    #############
#######################################################
../input/small/30-0.02.csv
30-0.02-16c
16c-200f
10
#######################################################
Connection established.
maxProcsBefore:  16 maxProcsNow:  16  numCPU:  16
rows: ------------>  79918
TotalExecutionTime, 17.414338662s , 17414338 μs, 17414 ms , 17.414338662 s
Finish Program
Connection closed.
___________________________________________________________________________________________________________

Executing experiment 16c-200f run 5...
___________________________________________________________________________________________________________

##############    EXECUTION PARAMETERS    #############
#######################################################
../input/small/30-0.02.csv
30-0.02-16c
16c-200f
10
#######################################################
Connection established.
maxProcsBefore:  16 maxProcsNow:  16  numCPU:  16
rows: ------------>  79918
TotalExecutionTime, 16.790422791s , 16790422 μs, 16790 ms , 16.790422791 s
Finish Program
Connection closed.
___________________________________________________________________________________________________________

Executing experiment 16c-200f run 6...
___________________________________________________________________________________________________________

##############    EXECUTION PARAMETERS    #############
#######################################################
../input/small/30-0.02.csv
30-0.02-16c
16c-200f
10
#######################################################
Connection established.
maxProcsBefore:  16 maxProcsNow:  16  numCPU:  16
rows: ------------>  79918
TotalExecutionTime, 16.345006091s , 16345006 μs, 16345 ms , 16.345006091 s
Finish Program
Connection closed.
___________________________________________________________________________________________________________

Executing experiment 16c-200f run 7...
___________________________________________________________________________________________________________

##############    EXECUTION PARAMETERS    #############
#######################################################
../input/small/30-0.02.csv
30-0.02-16c
16c-200f
10
#######################################################
Connection established.
maxProcsBefore:  16 maxProcsNow:  16  numCPU:  16
rows: ------------>  79918
TotalExecutionTime, 16.337458389s , 16337458 μs, 16337 ms , 16.337458389 s
Finish Program
Connection closed.
___________________________________________________________________________________________________________

Executing experiment 16c-200f run 8...
___________________________________________________________________________________________________________

##############    EXECUTION PARAMETERS    #############
#######################################################
../input/small/30-0.02.csv
30-0.02-16c
16c-200f
10
#######################################################
Connection established.
maxProcsBefore:  16 maxProcsNow:  16  numCPU:  16
rows: ------------>  79918
TotalExecutionTime, 16.340722829s , 16340722 μs, 16340 ms , 16.340722829 s
Finish Program
Connection closed.
___________________________________________________________________________________________________________

Executing experiment 16c-200f run 9...
___________________________________________________________________________________________________________

##############    EXECUTION PARAMETERS    #############
#######################################################
../input/small/30-0.02.csv
30-0.02-16c
16c-200f
10
#######################################################
Connection established.
maxProcsBefore:  16 maxProcsNow:  16  numCPU:  16
rows: ------------>  79918
TotalExecutionTime, 16.381756429s , 16381756 μs, 16381 ms , 16.381756429 s
Finish Program
Connection closed.
___________________________________________________________________________________________________________

Executing experiment 16c-200f run 10...
___________________________________________________________________________________________________________

##############    EXECUTION PARAMETERS    #############
#######################################################
../input/small/30-0.02.csv
30-0.02-16c
16c-200f
10
#######################################################
Connection established.
maxProcsBefore:  16 maxProcsNow:  16  numCPU:  16
rows: ------------>  79918
TotalExecutionTime, 16.287656987s , 16287656 μs, 16287 ms , 16.287656987 s
Finish Program
Connection closed.
Directory 'output/16c-500f-avg' created.
___________________________________________________________________________________________________________

Executing experiment 16c-500f run 1...
___________________________________________________________________________________________________________

##############    EXECUTION PARAMETERS    #############
#######################################################
../input/small/30-0.02.csv
30-0.02-16c
16c-500f
4
#######################################################
Connection established.
maxProcsBefore:  16 maxProcsNow:  16  numCPU:  16
rows: ------------>  79918
TotalExecutionTime, 16.254924795s , 16254924 μs, 16254 ms , 16.254924795 s
Finish Program
Connection closed.
___________________________________________________________________________________________________________

Executing experiment 16c-500f run 2...
___________________________________________________________________________________________________________

##############    EXECUTION PARAMETERS    #############
#######################################################
../input/small/30-0.02.csv
30-0.02-16c
16c-500f
4
#######################################################
Connection established.
maxProcsBefore:  16 maxProcsNow:  16  numCPU:  16
rows: ------------>  79918
TotalExecutionTime, 17.333108723s , 17333108 μs, 17333 ms , 17.333108723 s
Finish Program
Connection closed.
___________________________________________________________________________________________________________

Executing experiment 16c-500f run 3...
___________________________________________________________________________________________________________

##############    EXECUTION PARAMETERS    #############
#######################################################
../input/small/30-0.02.csv
30-0.02-16c
16c-500f
4
#######################################################
Connection established.
maxProcsBefore:  16 maxProcsNow:  16  numCPU:  16
FW - edge end has not existing entry in map for:  c-NIGER-1830
rows: ------------>  79918
TotalExecutionTime, 16.303234791s , 16303234 μs, 16303 ms , 16.303234791 s
Finish Program
Connection closed.
___________________________________________________________________________________________________________

Executing experiment 16c-500f run 4...
___________________________________________________________________________________________________________

##############    EXECUTION PARAMETERS    #############
#######################################################
../input/small/30-0.02.csv
30-0.02-16c
16c-500f
4
#######################################################
Connection established.
maxProcsBefore:  16 maxProcsNow:  16  numCPU:  16
rows: ------------>  79918
TotalExecutionTime, 16.91184013s , 16911840 μs, 16911 ms , 16.91184013 s
Finish Program
Connection closed.
___________________________________________________________________________________________________________

Executing experiment 16c-500f run 5...
___________________________________________________________________________________________________________

##############    EXECUTION PARAMETERS    #############
#######################################################
../input/small/30-0.02.csv
30-0.02-16c
16c-500f
4
#######################################################
Connection established.
maxProcsBefore:  16 maxProcsNow:  16  numCPU:  16
rows: ------------>  79918
TotalExecutionTime, 16.955320559s , 16955320 μs, 16955 ms , 16.955320559 s
Finish Program
Connection closed.
___________________________________________________________________________________________________________

Executing experiment 16c-500f run 6...
___________________________________________________________________________________________________________

##############    EXECUTION PARAMETERS    #############
#######################################################
../input/small/30-0.02.csv
30-0.02-16c
16c-500f
4
#######################################################
Connection established.
maxProcsBefore:  16 maxProcsNow:  16  numCPU:  16
rows: ------------>  79918
TotalExecutionTime, 16.983417202s , 16983417 μs, 16983 ms , 16.983417202 s
Finish Program
Connection closed.
___________________________________________________________________________________________________________

Executing experiment 16c-500f run 7...
___________________________________________________________________________________________________________

##############    EXECUTION PARAMETERS    #############
#######################################################
../input/small/30-0.02.csv
30-0.02-16c
16c-500f
4
#######################################################
Connection established.
maxProcsBefore:  16 maxProcsNow:  16  numCPU:  16
rows: ------------>  79918
TotalExecutionTime, 16.221465074s , 16221465 μs, 16221 ms , 16.221465074 s
Finish Program
Connection closed.
___________________________________________________________________________________________________________

Executing experiment 16c-500f run 8...
___________________________________________________________________________________________________________

##############    EXECUTION PARAMETERS    #############
#######################################################
../input/small/30-0.02.csv
30-0.02-16c
16c-500f
4
#######################################################
Connection established.
maxProcsBefore:  16 maxProcsNow:  16  numCPU:  16
rows: ------------>  79918
TotalExecutionTime, 16.530813626s , 16530813 μs, 16530 ms , 16.530813626 s
Finish Program
Connection closed.
___________________________________________________________________________________________________________

Executing experiment 16c-500f run 9...
___________________________________________________________________________________________________________

##############    EXECUTION PARAMETERS    #############
#######################################################
../input/small/30-0.02.csv
30-0.02-16c
16c-500f
4
#######################################################
Connection established.
maxProcsBefore:  16 maxProcsNow:  16  numCPU:  16
rows: ------------>  79918
TotalExecutionTime, 16.267089576s , 16267089 μs, 16267 ms , 16.267089576 s
Finish Program
Connection closed.
___________________________________________________________________________________________________________

Executing experiment 16c-500f run 10...
___________________________________________________________________________________________________________

##############    EXECUTION PARAMETERS    #############
#######################################################
../input/small/30-0.02.csv
30-0.02-16c
16c-500f
4
#######################################################
Connection established.
maxProcsBefore:  16 maxProcsNow:  16  numCPU:  16
rows: ------------>  79918
TotalExecutionTime, 16.413561814s , 16413561 μs, 16413 ms , 16.413561814 s
Finish Program
Connection closed.
Directory 'output/16c-1000f-avg' created.
___________________________________________________________________________________________________________

Executing experiment 16c-1000f run 1...
___________________________________________________________________________________________________________

##############    EXECUTION PARAMETERS    #############
#######################################################
../input/small/30-0.02.csv
30-0.02-16c
16c-1000f
2
#######################################################
Connection established.
maxProcsBefore:  16 maxProcsNow:  16  numCPU:  16
rows: ------------>  79918
TotalExecutionTime, 16.480650494s , 16480650 μs, 16480 ms , 16.480650494 s
Finish Program
Connection closed.
___________________________________________________________________________________________________________

Executing experiment 16c-1000f run 2...
___________________________________________________________________________________________________________

##############    EXECUTION PARAMETERS    #############
#######################################################
../input/small/30-0.02.csv
30-0.02-16c
16c-1000f
2
#######################################################
Connection established.
maxProcsBefore:  16 maxProcsNow:  16  numCPU:  16
rows: ------------>  79918
TotalExecutionTime, 16.328261949s , 16328261 μs, 16328 ms , 16.328261949 s
Finish Program
Connection closed.
___________________________________________________________________________________________________________

Executing experiment 16c-1000f run 3...
___________________________________________________________________________________________________________

##############    EXECUTION PARAMETERS    #############
#######################################################
../input/small/30-0.02.csv
30-0.02-16c
16c-1000f
2
#######################################################
Connection established.
maxProcsBefore:  16 maxProcsNow:  16  numCPU:  16
rows: ------------>  79918
TotalExecutionTime, 16.530743127s , 16530743 μs, 16530 ms , 16.530743127 s
Finish Program
Connection closed.
___________________________________________________________________________________________________________

Executing experiment 16c-1000f run 4...
___________________________________________________________________________________________________________

##############    EXECUTION PARAMETERS    #############
#######################################################
../input/small/30-0.02.csv
30-0.02-16c
16c-1000f
2
#######################################################
Connection established.
maxProcsBefore:  16 maxProcsNow:  16  numCPU:  16
rows: ------------>  79918
TotalExecutionTime, 16.370892973s , 16370892 μs, 16370 ms , 16.370892973 s
Finish Program
Connection closed.
___________________________________________________________________________________________________________

Executing experiment 16c-1000f run 5...
___________________________________________________________________________________________________________

##############    EXECUTION PARAMETERS    #############
#######################################################
../input/small/30-0.02.csv
30-0.02-16c
16c-1000f
2
#######################################################
Connection established.
maxProcsBefore:  16 maxProcsNow:  16  numCPU:  16
rows: ------------>  79918
TotalExecutionTime, 16.369237471s , 16369237 μs, 16369 ms , 16.369237471 s
Finish Program
Connection closed.
___________________________________________________________________________________________________________

Executing experiment 16c-1000f run 6...
___________________________________________________________________________________________________________

##############    EXECUTION PARAMETERS    #############
#######################################################
../input/small/30-0.02.csv
30-0.02-16c
16c-1000f
2
#######################################################
Connection established.
maxProcsBefore:  16 maxProcsNow:  16  numCPU:  16
rows: ------------>  79918
TotalExecutionTime, 16.360905644s , 16360905 μs, 16360 ms , 16.360905644 s
Finish Program
Connection closed.
___________________________________________________________________________________________________________

Executing experiment 16c-1000f run 7...
___________________________________________________________________________________________________________

##############    EXECUTION PARAMETERS    #############
#######################################################
../input/small/30-0.02.csv
30-0.02-16c
16c-1000f
2
#######################################################
Connection established.
maxProcsBefore:  16 maxProcsNow:  16  numCPU:  16
rows: ------------>  79918
TotalExecutionTime, 16.062267356s , 16062267 μs, 16062 ms , 16.062267356 s
Finish Program
Connection closed.
___________________________________________________________________________________________________________

Executing experiment 16c-1000f run 8...
___________________________________________________________________________________________________________

##############    EXECUTION PARAMETERS    #############
#######################################################
../input/small/30-0.02.csv
30-0.02-16c
16c-1000f
2
#######################################################
Connection established.
maxProcsBefore:  16 maxProcsNow:  16  numCPU:  16
rows: ------------>  79918
TotalExecutionTime, 16.064167996s , 16064167 μs, 16064 ms , 16.064167996 s
Finish Program
Connection closed.
___________________________________________________________________________________________________________

Executing experiment 16c-1000f run 9...
___________________________________________________________________________________________________________

##############    EXECUTION PARAMETERS    #############
#######################################################
../input/small/30-0.02.csv
30-0.02-16c
16c-1000f
2
#######################################################
Connection established.
maxProcsBefore:  16 maxProcsNow:  16  numCPU:  16
rows: ------------>  79918
TotalExecutionTime, 16.340022283s , 16340022 μs, 16340 ms , 16.340022283 s
Finish Program
Connection closed.
___________________________________________________________________________________________________________

Executing experiment 16c-1000f run 10...
___________________________________________________________________________________________________________

##############    EXECUTION PARAMETERS    #############
#######################################################
../input/small/30-0.02.csv
30-0.02-16c
16c-1000f
2
#######################################################
Connection established.
maxProcsBefore:  16 maxProcsNow:  16  numCPU:  16
rows: ------------>  79918
TotalExecutionTime, 16.113721307s , 16113721 μs, 16113 ms , 16.113721307 s
Finish Program
Connection closed.
Directory 'output/16c-2000f-avg' created.
___________________________________________________________________________________________________________

Executing experiment 16c-2000f run 1...
___________________________________________________________________________________________________________

##############    EXECUTION PARAMETERS    #############
#######################################################
../input/small/30-0.02.csv
30-0.02-16c
16c-2000f
1
#######################################################
Connection established.
maxProcsBefore:  16 maxProcsNow:  16  numCPU:  16
rows: ------------>  79918
TotalExecutionTime, 16.277036557s , 16277036 μs, 16277 ms , 16.277036557 s
Finish Program
Connection closed.
___________________________________________________________________________________________________________

Executing experiment 16c-2000f run 2...
___________________________________________________________________________________________________________

##############    EXECUTION PARAMETERS    #############
#######################################################
../input/small/30-0.02.csv
30-0.02-16c
16c-2000f
1
#######################################################
Connection established.
maxProcsBefore:  16 maxProcsNow:  16  numCPU:  16
rows: ------------>  79918
TotalExecutionTime, 16.205744597s , 16205744 μs, 16205 ms , 16.205744597 s
Finish Program
Connection closed.
___________________________________________________________________________________________________________

Executing experiment 16c-2000f run 3...
___________________________________________________________________________________________________________

##############    EXECUTION PARAMETERS    #############
#######################################################
../input/small/30-0.02.csv
30-0.02-16c
16c-2000f
1
#######################################################
Connection established.
maxProcsBefore:  16 maxProcsNow:  16  numCPU:  16
rows: ------------>  79918
TotalExecutionTime, 16.173249056s , 16173249 μs, 16173 ms , 16.173249056 s
Finish Program
Connection closed.
___________________________________________________________________________________________________________

Executing experiment 16c-2000f run 4...
___________________________________________________________________________________________________________

##############    EXECUTION PARAMETERS    #############
#######################################################
../input/small/30-0.02.csv
30-0.02-16c
16c-2000f
1
#######################################################
Connection established.
maxProcsBefore:  16 maxProcsNow:  16  numCPU:  16
rows: ------------>  79918
TotalExecutionTime, 17.374956617s , 17374956 μs, 17374 ms , 17.374956617 s
Finish Program
Connection closed.
___________________________________________________________________________________________________________

Executing experiment 16c-2000f run 5...
___________________________________________________________________________________________________________

##############    EXECUTION PARAMETERS    #############
#######################################################
../input/small/30-0.02.csv
30-0.02-16c
16c-2000f
1
#######################################################
Connection established.
maxProcsBefore:  16 maxProcsNow:  16  numCPU:  16
rows: ------------>  79918
TotalExecutionTime, 17.083480007s , 17083480 μs, 17083 ms , 17.083480007 s
Finish Program
Connection closed.
___________________________________________________________________________________________________________

Executing experiment 16c-2000f run 6...
___________________________________________________________________________________________________________

##############    EXECUTION PARAMETERS    #############
#######################################################
../input/small/30-0.02.csv
30-0.02-16c
16c-2000f
1
#######################################################
Connection established.
maxProcsBefore:  16 maxProcsNow:  16  numCPU:  16
rows: ------------>  79918
TotalExecutionTime, 16.627692896s , 16627692 μs, 16627 ms , 16.627692896 s
Finish Program
Connection closed.
___________________________________________________________________________________________________________

Executing experiment 16c-2000f run 7...
___________________________________________________________________________________________________________

##############    EXECUTION PARAMETERS    #############
#######################################################
../input/small/30-0.02.csv
30-0.02-16c
16c-2000f
1
#######################################################
Connection established.
maxProcsBefore:  16 maxProcsNow:  16  numCPU:  16
rows: ------------>  79918
TotalExecutionTime, 16.271318245s , 16271318 μs, 16271 ms , 16.271318245 s
Finish Program
Connection closed.
___________________________________________________________________________________________________________

Executing experiment 16c-2000f run 8...
___________________________________________________________________________________________________________

##############    EXECUTION PARAMETERS    #############
#######################################################
../input/small/30-0.02.csv
30-0.02-16c
16c-2000f
1
#######################################################
Connection established.
maxProcsBefore:  16 maxProcsNow:  16  numCPU:  16
rows: ------------>  79918
TotalExecutionTime, 16.845971079s , 16845971 μs, 16845 ms , 16.845971079 s
Finish Program
Connection closed.
___________________________________________________________________________________________________________

Executing experiment 16c-2000f run 9...
___________________________________________________________________________________________________________

##############    EXECUTION PARAMETERS    #############
#######################################################
../input/small/30-0.02.csv
30-0.02-16c
16c-2000f
1
#######################################################
Connection established.
maxProcsBefore:  16 maxProcsNow:  16  numCPU:  16
rows: ------------>  79918
TotalExecutionTime, 16.90739644s , 16907396 μs, 16907 ms , 16.90739644 s
Finish Program
Connection closed.
___________________________________________________________________________________________________________

Executing experiment 16c-2000f run 10...
___________________________________________________________________________________________________________

##############    EXECUTION PARAMETERS    #############
#######################################################
../input/small/30-0.02.csv
30-0.02-16c
16c-2000f
1
#######################################################
Connection established.
maxProcsBefore:  16 maxProcsNow:  16  numCPU:  16
rows: ------------>  79918
TotalExecutionTime, 16.725262746s , 16725262 μs, 16725 ms , 16.725262746 s
Finish Program
Connection closed.
