Directory 'output/8c-1f-avg' created.
___________________________________________________________________________________________________________

Executing experiment 8c-1f run 1...
___________________________________________________________________________________________________________

##############    EXECUTION PARAMETERS    #############
#######################################################
../input/small/30-0.02.csv
30-0.02-8c
8c-1f
2000
#######################################################
Connection established.
maxProcsBefore:  8 maxProcsNow:  8  numCPU:  8
rows: ------------>  79918
TotalExecutionTime, 3m25.773887894s , 205773887 μs, 205773 ms , 205.773887894 s
Finish Program
Connection closed.
___________________________________________________________________________________________________________

Executing experiment 8c-1f run 2...
___________________________________________________________________________________________________________

##############    EXECUTION PARAMETERS    #############
#######################################################
../input/small/30-0.02.csv
30-0.02-8c
8c-1f
2000
#######################################################
Connection established.
maxProcsBefore:  8 maxProcsNow:  8  numCPU:  8
rows: ------------>  79918
TotalExecutionTime, 3m26.482786062s , 206482786 μs, 206482 ms , 206.482786062 s
Finish Program
Connection closed.
___________________________________________________________________________________________________________

Executing experiment 8c-1f run 3...
___________________________________________________________________________________________________________

##############    EXECUTION PARAMETERS    #############
#######################################################
../input/small/30-0.02.csv
30-0.02-8c
8c-1f
2000
#######################################################
Connection established.
maxProcsBefore:  8 maxProcsNow:  8  numCPU:  8
rows: ------------>  79918
TotalExecutionTime, 3m27.986618315s , 207986618 μs, 207986 ms , 207.986618315 s
Finish Program
Connection closed.
___________________________________________________________________________________________________________

Executing experiment 8c-1f run 4...
___________________________________________________________________________________________________________

##############    EXECUTION PARAMETERS    #############
#######################################################
../input/small/30-0.02.csv
30-0.02-8c
8c-1f
2000
#######################################################
Connection established.
maxProcsBefore:  8 maxProcsNow:  8  numCPU:  8
rows: ------------>  79918
TotalExecutionTime, 3m27.138002949s , 207138002 μs, 207138 ms , 207.138002949 s
Finish Program
Connection closed.
___________________________________________________________________________________________________________

Executing experiment 8c-1f run 5...
___________________________________________________________________________________________________________

##############    EXECUTION PARAMETERS    #############
#######################################################
../input/small/30-0.02.csv
30-0.02-8c
8c-1f
2000
#######################################################
Connection established.
maxProcsBefore:  8 maxProcsNow:  8  numCPU:  8
rows: ------------>  79918
TotalExecutionTime, 3m29.035754829s , 209035754 μs, 209035 ms , 209.035754829 s
Finish Program
Connection closed.
___________________________________________________________________________________________________________

Executing experiment 8c-1f run 6...
___________________________________________________________________________________________________________

##############    EXECUTION PARAMETERS    #############
#######################################################
../input/small/30-0.02.csv
30-0.02-8c
8c-1f
2000
#######################################################
Connection established.
maxProcsBefore:  8 maxProcsNow:  8  numCPU:  8
rows: ------------>  79918
TotalExecutionTime, 3m25.154190279s , 205154190 μs, 205154 ms , 205.154190279 s
Finish Program
Connection closed.
___________________________________________________________________________________________________________

Executing experiment 8c-1f run 7...
___________________________________________________________________________________________________________

##############    EXECUTION PARAMETERS    #############
#######################################################
../input/small/30-0.02.csv
30-0.02-8c
8c-1f
2000
#######################################################
Connection established.
maxProcsBefore:  8 maxProcsNow:  8  numCPU:  8
rows: ------------>  79918
TotalExecutionTime, 3m31.863379132s , 211863379 μs, 211863 ms , 211.863379132 s
Finish Program
Connection closed.
___________________________________________________________________________________________________________

Executing experiment 8c-1f run 8...
___________________________________________________________________________________________________________

##############    EXECUTION PARAMETERS    #############
#######################################################
../input/small/30-0.02.csv
30-0.02-8c
8c-1f
2000
#######################################################
Connection established.
maxProcsBefore:  8 maxProcsNow:  8  numCPU:  8
rows: ------------>  79918
TotalExecutionTime, 3m27.363160329s , 207363160 μs, 207363 ms , 207.363160329 s
Finish Program
Connection closed.
___________________________________________________________________________________________________________

Executing experiment 8c-1f run 9...
___________________________________________________________________________________________________________

##############    EXECUTION PARAMETERS    #############
#######################################################
../input/small/30-0.02.csv
30-0.02-8c
8c-1f
2000
#######################################################
Connection established.
maxProcsBefore:  8 maxProcsNow:  8  numCPU:  8
rows: ------------>  79918
TotalExecutionTime, 3m28.494078991s , 208494078 μs, 208494 ms , 208.494078991 s
Finish Program
Connection closed.
___________________________________________________________________________________________________________

Executing experiment 8c-1f run 10...
___________________________________________________________________________________________________________

##############    EXECUTION PARAMETERS    #############
#######################################################
../input/small/30-0.02.csv
30-0.02-8c
8c-1f
2000
#######################################################
Connection established.
maxProcsBefore:  8 maxProcsNow:  8  numCPU:  8
rows: ------------>  79918
TotalExecutionTime, 3m28.33518083s , 208335180 μs, 208335 ms , 208.33518083 s
Finish Program
Connection closed.
Directory 'output/8c-2f-avg' created.
___________________________________________________________________________________________________________

Executing experiment 8c-2f run 1...
___________________________________________________________________________________________________________

##############    EXECUTION PARAMETERS    #############
#######################################################
../input/small/30-0.02.csv
30-0.02-8c
8c-2f
1000
#######################################################
Connection established.
maxProcsBefore:  8 maxProcsNow:  8  numCPU:  8
rows: ------------>  79918
TotalExecutionTime, 2m0.365597133s , 120365597 μs, 120365 ms , 120.365597133 s
Finish Program
Connection closed.
___________________________________________________________________________________________________________

Executing experiment 8c-2f run 2...
___________________________________________________________________________________________________________

##############    EXECUTION PARAMETERS    #############
#######################################################
../input/small/30-0.02.csv
30-0.02-8c
8c-2f
1000
#######################################################
Connection established.
maxProcsBefore:  8 maxProcsNow:  8  numCPU:  8
rows: ------------>  79918
TotalExecutionTime, 2m2.633112156s , 122633112 μs, 122633 ms , 122.633112156 s
Finish Program
Connection closed.
___________________________________________________________________________________________________________

Executing experiment 8c-2f run 3...
___________________________________________________________________________________________________________

##############    EXECUTION PARAMETERS    #############
#######################################################
../input/small/30-0.02.csv
30-0.02-8c
8c-2f
1000
#######################################################
Connection established.
maxProcsBefore:  8 maxProcsNow:  8  numCPU:  8
rows: ------------>  79918
TotalExecutionTime, 2m0.441294804s , 120441294 μs, 120441 ms , 120.441294804 s
Finish Program
Connection closed.
___________________________________________________________________________________________________________

Executing experiment 8c-2f run 4...
___________________________________________________________________________________________________________

##############    EXECUTION PARAMETERS    #############
#######################################################
../input/small/30-0.02.csv
30-0.02-8c
8c-2f
1000
#######################################################
Connection established.
maxProcsBefore:  8 maxProcsNow:  8  numCPU:  8
rows: ------------>  79918
TotalExecutionTime, 2m0.849360355s , 120849360 μs, 120849 ms , 120.849360355 s
Finish Program
Connection closed.
___________________________________________________________________________________________________________

Executing experiment 8c-2f run 5...
___________________________________________________________________________________________________________

##############    EXECUTION PARAMETERS    #############
#######################################################
../input/small/30-0.02.csv
30-0.02-8c
8c-2f
1000
#######################################################
Connection established.
maxProcsBefore:  8 maxProcsNow:  8  numCPU:  8
rows: ------------>  79918
TotalExecutionTime, 2m1.073176554s , 121073176 μs, 121073 ms , 121.073176554 s
Finish Program
Connection closed.
___________________________________________________________________________________________________________

Executing experiment 8c-2f run 6...
___________________________________________________________________________________________________________

##############    EXECUTION PARAMETERS    #############
#######################################################
../input/small/30-0.02.csv
30-0.02-8c
8c-2f
1000
#######################################################
Connection established.
maxProcsBefore:  8 maxProcsNow:  8  numCPU:  8
rows: ------------>  79918
TotalExecutionTime, 2m1.497049426s , 121497049 μs, 121497 ms , 121.497049426 s
Finish Program
Connection closed.
___________________________________________________________________________________________________________

Executing experiment 8c-2f run 7...
___________________________________________________________________________________________________________

##############    EXECUTION PARAMETERS    #############
#######################################################
../input/small/30-0.02.csv
30-0.02-8c
8c-2f
1000
#######################################################
Connection established.
maxProcsBefore:  8 maxProcsNow:  8  numCPU:  8
rows: ------------>  79918
TotalExecutionTime, 1m58.97349723s , 118973497 μs, 118973 ms , 118.97349723 s
Finish Program
Connection closed.
___________________________________________________________________________________________________________

Executing experiment 8c-2f run 8...
___________________________________________________________________________________________________________

##############    EXECUTION PARAMETERS    #############
#######################################################
../input/small/30-0.02.csv
30-0.02-8c
8c-2f
1000
#######################################################
Connection established.
maxProcsBefore:  8 maxProcsNow:  8  numCPU:  8
rows: ------------>  79918
TotalExecutionTime, 2m3.852555699s , 123852555 μs, 123852 ms , 123.852555699 s
Finish Program
Connection closed.
___________________________________________________________________________________________________________

Executing experiment 8c-2f run 9...
___________________________________________________________________________________________________________

##############    EXECUTION PARAMETERS    #############
#######################################################
../input/small/30-0.02.csv
30-0.02-8c
8c-2f
1000
#######################################################
Connection established.
maxProcsBefore:  8 maxProcsNow:  8  numCPU:  8
rows: ------------>  79918
TotalExecutionTime, 2m5.09553148s , 125095531 μs, 125095 ms , 125.09553148 s
Finish Program
Connection closed.
___________________________________________________________________________________________________________

Executing experiment 8c-2f run 10...
___________________________________________________________________________________________________________

##############    EXECUTION PARAMETERS    #############
#######################################################
../input/small/30-0.02.csv
30-0.02-8c
8c-2f
1000
#######################################################
Connection established.
maxProcsBefore:  8 maxProcsNow:  8  numCPU:  8
rows: ------------>  79918
TotalExecutionTime, 1m57.560289541s , 117560289 μs, 117560 ms , 117.560289541 s
Finish Program
Connection closed.
Directory 'output/8c-5f-avg' created.
___________________________________________________________________________________________________________

Executing experiment 8c-5f run 1...
___________________________________________________________________________________________________________

##############    EXECUTION PARAMETERS    #############
#######################################################
../input/small/30-0.02.csv
30-0.02-8c
8c-5f
400
#######################################################
Connection established.
maxProcsBefore:  8 maxProcsNow:  8  numCPU:  8
rows: ------------>  79918
TotalExecutionTime, 41.197060928s , 41197060 μs, 41197 ms , 41.197060928 s
Finish Program
Connection closed.
___________________________________________________________________________________________________________

Executing experiment 8c-5f run 2...
___________________________________________________________________________________________________________

##############    EXECUTION PARAMETERS    #############
#######################################################
../input/small/30-0.02.csv
30-0.02-8c
8c-5f
400
#######################################################
Connection established.
maxProcsBefore:  8 maxProcsNow:  8  numCPU:  8
rows: ------------>  79918
TotalExecutionTime, 42.81146101s , 42811461 μs, 42811 ms , 42.81146101 s
Finish Program
Connection closed.
___________________________________________________________________________________________________________

Executing experiment 8c-5f run 3...
___________________________________________________________________________________________________________

##############    EXECUTION PARAMETERS    #############
#######################################################
../input/small/30-0.02.csv
30-0.02-8c
8c-5f
400
#######################################################
Connection established.
maxProcsBefore:  8 maxProcsNow:  8  numCPU:  8
rows: ------------>  79918
TotalExecutionTime, 41.793883188s , 41793883 μs, 41793 ms , 41.793883188 s
Finish Program
Connection closed.
___________________________________________________________________________________________________________

Executing experiment 8c-5f run 4...
___________________________________________________________________________________________________________

##############    EXECUTION PARAMETERS    #############
#######################################################
../input/small/30-0.02.csv
30-0.02-8c
8c-5f
400
#######################################################
Connection established.
maxProcsBefore:  8 maxProcsNow:  8  numCPU:  8
rows: ------------>  79918
TotalExecutionTime, 42.695194942s , 42695194 μs, 42695 ms , 42.695194942 s
Finish Program
Connection closed.
___________________________________________________________________________________________________________

Executing experiment 8c-5f run 5...
___________________________________________________________________________________________________________

##############    EXECUTION PARAMETERS    #############
#######################################################
../input/small/30-0.02.csv
30-0.02-8c
8c-5f
400
#######################################################
Connection established.
maxProcsBefore:  8 maxProcsNow:  8  numCPU:  8
rows: ------------>  79918
TotalExecutionTime, 42.041907223s , 42041907 μs, 42041 ms , 42.041907223 s
Finish Program
Connection closed.
___________________________________________________________________________________________________________

Executing experiment 8c-5f run 6...
___________________________________________________________________________________________________________

##############    EXECUTION PARAMETERS    #############
#######################################################
../input/small/30-0.02.csv
30-0.02-8c
8c-5f
400
#######################################################
Connection established.
maxProcsBefore:  8 maxProcsNow:  8  numCPU:  8
rows: ------------>  79918
TotalExecutionTime, 42.301050094s , 42301050 μs, 42301 ms , 42.301050094 s
Finish Program
Connection closed.
___________________________________________________________________________________________________________

Executing experiment 8c-5f run 7...
___________________________________________________________________________________________________________

##############    EXECUTION PARAMETERS    #############
#######################################################
../input/small/30-0.02.csv
30-0.02-8c
8c-5f
400
#######################################################
Connection established.
maxProcsBefore:  8 maxProcsNow:  8  numCPU:  8
rows: ------------>  79918
TotalExecutionTime, 42.478600672s , 42478600 μs, 42478 ms , 42.478600672 s
Finish Program
Connection closed.
___________________________________________________________________________________________________________

Executing experiment 8c-5f run 8...
___________________________________________________________________________________________________________

##############    EXECUTION PARAMETERS    #############
#######################################################
../input/small/30-0.02.csv
30-0.02-8c
8c-5f
400
#######################################################
Connection established.
maxProcsBefore:  8 maxProcsNow:  8  numCPU:  8
rows: ------------>  79918
TotalExecutionTime, 42.757878275s , 42757878 μs, 42757 ms , 42.757878275 s
Finish Program
Connection closed.
___________________________________________________________________________________________________________

Executing experiment 8c-5f run 9...
___________________________________________________________________________________________________________

##############    EXECUTION PARAMETERS    #############
#######################################################
../input/small/30-0.02.csv
30-0.02-8c
8c-5f
400
#######################################################
Connection established.
maxProcsBefore:  8 maxProcsNow:  8  numCPU:  8
rows: ------------>  79918
TotalExecutionTime, 44.032091868s , 44032091 μs, 44032 ms , 44.032091868 s
Finish Program
Connection closed.
___________________________________________________________________________________________________________

Executing experiment 8c-5f run 10...
___________________________________________________________________________________________________________

##############    EXECUTION PARAMETERS    #############
#######################################################
../input/small/30-0.02.csv
30-0.02-8c
8c-5f
400
#######################################################
Connection established.
maxProcsBefore:  8 maxProcsNow:  8  numCPU:  8
rows: ------------>  79918
TotalExecutionTime, 42.733093288s , 42733093 μs, 42733 ms , 42.733093288 s
Finish Program
Connection closed.
Directory 'output/8c-10f-avg' created.
___________________________________________________________________________________________________________

Executing experiment 8c-10f run 1...
___________________________________________________________________________________________________________

##############    EXECUTION PARAMETERS    #############
#######################################################
../input/small/30-0.02.csv
30-0.02-8c
8c-10f
200
#######################################################
Connection established.
maxProcsBefore:  8 maxProcsNow:  8  numCPU:  8
rows: ------------>  79918
TotalExecutionTime, 25.175639204s , 25175639 μs, 25175 ms , 25.175639204 s
Finish Program
Connection closed.
___________________________________________________________________________________________________________

Executing experiment 8c-10f run 2...
___________________________________________________________________________________________________________

##############    EXECUTION PARAMETERS    #############
#######################################################
../input/small/30-0.02.csv
30-0.02-8c
8c-10f
200
#######################################################
Connection established.
maxProcsBefore:  8 maxProcsNow:  8  numCPU:  8
rows: ------------>  79918
TotalExecutionTime, 23.458973225s , 23458973 μs, 23458 ms , 23.458973225 s
Finish Program
Connection closed.
___________________________________________________________________________________________________________

Executing experiment 8c-10f run 3...
___________________________________________________________________________________________________________

##############    EXECUTION PARAMETERS    #############
#######################################################
../input/small/30-0.02.csv
30-0.02-8c
8c-10f
200
#######################################################
Connection established.
maxProcsBefore:  8 maxProcsNow:  8  numCPU:  8
rows: ------------>  79918
TotalExecutionTime, 24.823251313s , 24823251 μs, 24823 ms , 24.823251313 s
Finish Program
Connection closed.
___________________________________________________________________________________________________________

Executing experiment 8c-10f run 4...
___________________________________________________________________________________________________________

##############    EXECUTION PARAMETERS    #############
#######################################################
../input/small/30-0.02.csv
30-0.02-8c
8c-10f
200
#######################################################
Connection established.
maxProcsBefore:  8 maxProcsNow:  8  numCPU:  8
rows: ------------>  79918
TotalExecutionTime, 24.444493395s , 24444493 μs, 24444 ms , 24.444493395 s
Finish Program
Connection closed.
___________________________________________________________________________________________________________

Executing experiment 8c-10f run 5...
___________________________________________________________________________________________________________

##############    EXECUTION PARAMETERS    #############
#######################################################
../input/small/30-0.02.csv
30-0.02-8c
8c-10f
200
#######################################################
Connection established.
maxProcsBefore:  8 maxProcsNow:  8  numCPU:  8
rows: ------------>  79918
TotalExecutionTime, 25.344675019s , 25344675 μs, 25344 ms , 25.344675019 s
Finish Program
Connection closed.
___________________________________________________________________________________________________________

Executing experiment 8c-10f run 6...
___________________________________________________________________________________________________________

##############    EXECUTION PARAMETERS    #############
#######################################################
../input/small/30-0.02.csv
30-0.02-8c
8c-10f
200
#######################################################
Connection established.
maxProcsBefore:  8 maxProcsNow:  8  numCPU:  8
rows: ------------>  79918
TotalExecutionTime, 25.050875795s , 25050875 μs, 25050 ms , 25.050875795 s
Finish Program
Connection closed.
___________________________________________________________________________________________________________

Executing experiment 8c-10f run 7...
___________________________________________________________________________________________________________

##############    EXECUTION PARAMETERS    #############
#######################################################
../input/small/30-0.02.csv
30-0.02-8c
8c-10f
200
#######################################################
Connection established.
maxProcsBefore:  8 maxProcsNow:  8  numCPU:  8
rows: ------------>  79918
TotalExecutionTime, 25.501756786s , 25501756 μs, 25501 ms , 25.501756786 s
Finish Program
Connection closed.
___________________________________________________________________________________________________________

Executing experiment 8c-10f run 8...
___________________________________________________________________________________________________________

##############    EXECUTION PARAMETERS    #############
#######################################################
../input/small/30-0.02.csv
30-0.02-8c
8c-10f
200
#######################################################
Connection established.
maxProcsBefore:  8 maxProcsNow:  8  numCPU:  8
rows: ------------>  79918
TotalExecutionTime, 24.942962824s , 24942962 μs, 24942 ms , 24.942962824 s
Finish Program
Connection closed.
___________________________________________________________________________________________________________

Executing experiment 8c-10f run 9...
___________________________________________________________________________________________________________

##############    EXECUTION PARAMETERS    #############
#######################################################
../input/small/30-0.02.csv
30-0.02-8c
8c-10f
200
#######################################################
Connection established.
maxProcsBefore:  8 maxProcsNow:  8  numCPU:  8
rows: ------------>  79918
TotalExecutionTime, 24.607396753s , 24607396 μs, 24607 ms , 24.607396753 s
Finish Program
Connection closed.
___________________________________________________________________________________________________________

Executing experiment 8c-10f run 10...
___________________________________________________________________________________________________________

##############    EXECUTION PARAMETERS    #############
#######################################################
../input/small/30-0.02.csv
30-0.02-8c
8c-10f
200
#######################################################
Connection established.
maxProcsBefore:  8 maxProcsNow:  8  numCPU:  8
rows: ------------>  79918
TotalExecutionTime, 25.543849515s , 25543849 μs, 25543 ms , 25.543849515 s
Finish Program
Connection closed.
Directory 'output/8c-20f-avg' created.
___________________________________________________________________________________________________________

Executing experiment 8c-20f run 1...
___________________________________________________________________________________________________________

##############    EXECUTION PARAMETERS    #############
#######################################################
../input/small/30-0.02.csv
30-0.02-8c
8c-20f
100
#######################################################
Connection established.
maxProcsBefore:  8 maxProcsNow:  8  numCPU:  8
rows: ------------>  79918
TotalExecutionTime, 19.9156724s , 19915672 μs, 19915 ms , 19.9156724 s
Finish Program
Connection closed.
___________________________________________________________________________________________________________

Executing experiment 8c-20f run 2...
___________________________________________________________________________________________________________

##############    EXECUTION PARAMETERS    #############
#######################################################
../input/small/30-0.02.csv
30-0.02-8c
8c-20f
100
#######################################################
Connection established.
maxProcsBefore:  8 maxProcsNow:  8  numCPU:  8
rows: ------------>  79918
TotalExecutionTime, 20.066221718s , 20066221 μs, 20066 ms , 20.066221718 s
Finish Program
Connection closed.
___________________________________________________________________________________________________________

Executing experiment 8c-20f run 3...
___________________________________________________________________________________________________________

##############    EXECUTION PARAMETERS    #############
#######################################################
../input/small/30-0.02.csv
30-0.02-8c
8c-20f
100
#######################################################
Connection established.
maxProcsBefore:  8 maxProcsNow:  8  numCPU:  8
rows: ------------>  79918
TotalExecutionTime, 19.966486423s , 19966486 μs, 19966 ms , 19.966486423 s
Finish Program
Connection closed.
___________________________________________________________________________________________________________

Executing experiment 8c-20f run 4...
___________________________________________________________________________________________________________

##############    EXECUTION PARAMETERS    #############
#######################################################
../input/small/30-0.02.csv
30-0.02-8c
8c-20f
100
#######################################################
Connection established.
maxProcsBefore:  8 maxProcsNow:  8  numCPU:  8
rows: ------------>  79918
TotalExecutionTime, 20.538359416s , 20538359 μs, 20538 ms , 20.538359416 s
Finish Program
Connection closed.
___________________________________________________________________________________________________________

Executing experiment 8c-20f run 5...
___________________________________________________________________________________________________________

##############    EXECUTION PARAMETERS    #############
#######################################################
../input/small/30-0.02.csv
30-0.02-8c
8c-20f
100
#######################################################
Connection established.
maxProcsBefore:  8 maxProcsNow:  8  numCPU:  8
rows: ------------>  79918
TotalExecutionTime, 19.937221867s , 19937221 μs, 19937 ms , 19.937221867 s
Finish Program
Connection closed.
___________________________________________________________________________________________________________

Executing experiment 8c-20f run 6...
___________________________________________________________________________________________________________

##############    EXECUTION PARAMETERS    #############
#######################################################
../input/small/30-0.02.csv
30-0.02-8c
8c-20f
100
#######################################################
Connection established.
maxProcsBefore:  8 maxProcsNow:  8  numCPU:  8
rows: ------------>  79918
TotalExecutionTime, 20.229905797s , 20229905 μs, 20229 ms , 20.229905797 s
Finish Program
Connection closed.
___________________________________________________________________________________________________________

Executing experiment 8c-20f run 7...
___________________________________________________________________________________________________________

##############    EXECUTION PARAMETERS    #############
#######################################################
../input/small/30-0.02.csv
30-0.02-8c
8c-20f
100
#######################################################
Connection established.
maxProcsBefore:  8 maxProcsNow:  8  numCPU:  8
rows: ------------>  79918
TotalExecutionTime, 20.128677704s , 20128677 μs, 20128 ms , 20.128677704 s
Finish Program
Connection closed.
___________________________________________________________________________________________________________

Executing experiment 8c-20f run 8...
___________________________________________________________________________________________________________

##############    EXECUTION PARAMETERS    #############
#######################################################
../input/small/30-0.02.csv
30-0.02-8c
8c-20f
100
#######################################################
Connection established.
maxProcsBefore:  8 maxProcsNow:  8  numCPU:  8
rows: ------------>  79918
TotalExecutionTime, 19.954032107s , 19954032 μs, 19954 ms , 19.954032107 s
Finish Program
Connection closed.
___________________________________________________________________________________________________________

Executing experiment 8c-20f run 9...
___________________________________________________________________________________________________________

##############    EXECUTION PARAMETERS    #############
#######################################################
../input/small/30-0.02.csv
30-0.02-8c
8c-20f
100
#######################################################
Connection established.
maxProcsBefore:  8 maxProcsNow:  8  numCPU:  8
rows: ------------>  79918
TotalExecutionTime, 19.871961416s , 19871961 μs, 19871 ms , 19.871961416 s
Finish Program
Connection closed.
___________________________________________________________________________________________________________

Executing experiment 8c-20f run 10...
___________________________________________________________________________________________________________

##############    EXECUTION PARAMETERS    #############
#######################################################
../input/small/30-0.02.csv
30-0.02-8c
8c-20f
100
#######################################################
Connection established.
maxProcsBefore:  8 maxProcsNow:  8  numCPU:  8
rows: ------------>  79918
TotalExecutionTime, 20.150875901s , 20150875 μs, 20150 ms , 20.150875901 s
Finish Program
Connection closed.
Directory 'output/8c-40f-avg' created.
___________________________________________________________________________________________________________

Executing experiment 8c-40f run 1...
___________________________________________________________________________________________________________

##############    EXECUTION PARAMETERS    #############
#######################################################
../input/small/30-0.02.csv
30-0.02-8c
8c-40f
50
#######################################################
Connection established.
maxProcsBefore:  8 maxProcsNow:  8  numCPU:  8
rows: ------------>  79918
TotalExecutionTime, 17.811946898s , 17811946 μs, 17811 ms , 17.811946898 s
Finish Program
Connection closed.
___________________________________________________________________________________________________________

Executing experiment 8c-40f run 2...
___________________________________________________________________________________________________________

##############    EXECUTION PARAMETERS    #############
#######################################################
../input/small/30-0.02.csv
30-0.02-8c
8c-40f
50
#######################################################
Connection established.
maxProcsBefore:  8 maxProcsNow:  8  numCPU:  8
rows: ------------>  79918
TotalExecutionTime, 17.818576635s , 17818576 μs, 17818 ms , 17.818576635 s
Finish Program
Connection closed.
___________________________________________________________________________________________________________

Executing experiment 8c-40f run 3...
___________________________________________________________________________________________________________

##############    EXECUTION PARAMETERS    #############
#######################################################
../input/small/30-0.02.csv
30-0.02-8c
8c-40f
50
#######################################################
Connection established.
maxProcsBefore:  8 maxProcsNow:  8  numCPU:  8
rows: ------------>  79918
TotalExecutionTime, 17.826702768s , 17826702 μs, 17826 ms , 17.826702768 s
Finish Program
Connection closed.
___________________________________________________________________________________________________________

Executing experiment 8c-40f run 4...
___________________________________________________________________________________________________________

##############    EXECUTION PARAMETERS    #############
#######################################################
../input/small/30-0.02.csv
30-0.02-8c
8c-40f
50
#######################################################
Connection established.
maxProcsBefore:  8 maxProcsNow:  8  numCPU:  8
rows: ------------>  79918
TotalExecutionTime, 17.76026139s , 17760261 μs, 17760 ms , 17.76026139 s
Finish Program
Connection closed.
___________________________________________________________________________________________________________

Executing experiment 8c-40f run 5...
___________________________________________________________________________________________________________

##############    EXECUTION PARAMETERS    #############
#######################################################
../input/small/30-0.02.csv
30-0.02-8c
8c-40f
50
#######################################################
Connection established.
maxProcsBefore:  8 maxProcsNow:  8  numCPU:  8
rows: ------------>  79918
TotalExecutionTime, 17.624492406s , 17624492 μs, 17624 ms , 17.624492406 s
Finish Program
Connection closed.
___________________________________________________________________________________________________________

Executing experiment 8c-40f run 6...
___________________________________________________________________________________________________________

##############    EXECUTION PARAMETERS    #############
#######################################################
../input/small/30-0.02.csv
30-0.02-8c
8c-40f
50
#######################################################
Connection established.
maxProcsBefore:  8 maxProcsNow:  8  numCPU:  8
rows: ------------>  79918
TotalExecutionTime, 17.857474525s , 17857474 μs, 17857 ms , 17.857474525 s
Finish Program
Connection closed.
___________________________________________________________________________________________________________

Executing experiment 8c-40f run 7...
___________________________________________________________________________________________________________

##############    EXECUTION PARAMETERS    #############
#######################################################
../input/small/30-0.02.csv
30-0.02-8c
8c-40f
50
#######################################################
Connection established.
maxProcsBefore:  8 maxProcsNow:  8  numCPU:  8
rows: ------------>  79918
TotalExecutionTime, 18.878896942s , 18878896 μs, 18878 ms , 18.878896942 s
Finish Program
Connection closed.
___________________________________________________________________________________________________________

Executing experiment 8c-40f run 8...
___________________________________________________________________________________________________________

##############    EXECUTION PARAMETERS    #############
#######################################################
../input/small/30-0.02.csv
30-0.02-8c
8c-40f
50
#######################################################
Connection established.
maxProcsBefore:  8 maxProcsNow:  8  numCPU:  8
rows: ------------>  79918
TotalExecutionTime, 17.712319754s , 17712319 μs, 17712 ms , 17.712319754 s
Finish Program
Connection closed.
___________________________________________________________________________________________________________

Executing experiment 8c-40f run 9...
___________________________________________________________________________________________________________

##############    EXECUTION PARAMETERS    #############
#######################################################
../input/small/30-0.02.csv
30-0.02-8c
8c-40f
50
#######################################################
Connection established.
maxProcsBefore:  8 maxProcsNow:  8  numCPU:  8
rows: ------------>  79918
TotalExecutionTime, 17.749156001s , 17749156 μs, 17749 ms , 17.749156001 s
Finish Program
Connection closed.
___________________________________________________________________________________________________________

Executing experiment 8c-40f run 10...
___________________________________________________________________________________________________________

##############    EXECUTION PARAMETERS    #############
#######################################################
../input/small/30-0.02.csv
30-0.02-8c
8c-40f
50
#######################################################
Connection established.
maxProcsBefore:  8 maxProcsNow:  8  numCPU:  8
rows: ------------>  79918
TotalExecutionTime, 17.744336861s , 17744336 μs, 17744 ms , 17.744336861 s
Finish Program
Connection closed.
Directory 'output/8c-100f-avg' created.
___________________________________________________________________________________________________________

Executing experiment 8c-100f run 1...
___________________________________________________________________________________________________________

##############    EXECUTION PARAMETERS    #############
#######################################################
../input/small/30-0.02.csv
30-0.02-8c
8c-100f
20
#######################################################
Connection established.
maxProcsBefore:  8 maxProcsNow:  8  numCPU:  8
rows: ------------>  79918
TotalExecutionTime, 17.096588764s , 17096588 μs, 17096 ms , 17.096588764 s
Finish Program
Connection closed.
___________________________________________________________________________________________________________

Executing experiment 8c-100f run 2...
___________________________________________________________________________________________________________

##############    EXECUTION PARAMETERS    #############
#######################################################
../input/small/30-0.02.csv
30-0.02-8c
8c-100f
20
#######################################################
Connection established.
maxProcsBefore:  8 maxProcsNow:  8  numCPU:  8
rows: ------------>  79918
TotalExecutionTime, 16.906825079s , 16906825 μs, 16906 ms , 16.906825079 s
Finish Program
Connection closed.
___________________________________________________________________________________________________________

Executing experiment 8c-100f run 3...
___________________________________________________________________________________________________________

##############    EXECUTION PARAMETERS    #############
#######################################################
../input/small/30-0.02.csv
30-0.02-8c
8c-100f
20
#######################################################
Connection established.
maxProcsBefore:  8 maxProcsNow:  8  numCPU:  8
rows: ------------>  79918
TotalExecutionTime, 17.086740281s , 17086740 μs, 17086 ms , 17.086740281 s
Finish Program
Connection closed.
___________________________________________________________________________________________________________

Executing experiment 8c-100f run 4...
___________________________________________________________________________________________________________

##############    EXECUTION PARAMETERS    #############
#######################################################
../input/small/30-0.02.csv
30-0.02-8c
8c-100f
20
#######################################################
Connection established.
maxProcsBefore:  8 maxProcsNow:  8  numCPU:  8
rows: ------------>  79918
TotalExecutionTime, 17.486138074s , 17486138 μs, 17486 ms , 17.486138074 s
Finish Program
Connection closed.
___________________________________________________________________________________________________________

Executing experiment 8c-100f run 5...
___________________________________________________________________________________________________________

##############    EXECUTION PARAMETERS    #############
#######################################################
../input/small/30-0.02.csv
30-0.02-8c
8c-100f
20
#######################################################
Connection established.
maxProcsBefore:  8 maxProcsNow:  8  numCPU:  8
rows: ------------>  79918
TotalExecutionTime, 16.65584034s , 16655840 μs, 16655 ms , 16.65584034 s
Finish Program
Connection closed.
___________________________________________________________________________________________________________

Executing experiment 8c-100f run 6...
___________________________________________________________________________________________________________

##############    EXECUTION PARAMETERS    #############
#######################################################
../input/small/30-0.02.csv
30-0.02-8c
8c-100f
20
#######################################################
Connection established.
maxProcsBefore:  8 maxProcsNow:  8  numCPU:  8
rows: ------------>  79918
TotalExecutionTime, 16.669672798s , 16669672 μs, 16669 ms , 16.669672798 s
Finish Program
Connection closed.
___________________________________________________________________________________________________________

Executing experiment 8c-100f run 7...
___________________________________________________________________________________________________________

##############    EXECUTION PARAMETERS    #############
#######################################################
../input/small/30-0.02.csv
30-0.02-8c
8c-100f
20
#######################################################
Connection established.
maxProcsBefore:  8 maxProcsNow:  8  numCPU:  8
rows: ------------>  79918
TotalExecutionTime, 16.938396376s , 16938396 μs, 16938 ms , 16.938396376 s
Finish Program
Connection closed.
___________________________________________________________________________________________________________

Executing experiment 8c-100f run 8...
___________________________________________________________________________________________________________

##############    EXECUTION PARAMETERS    #############
#######################################################
../input/small/30-0.02.csv
30-0.02-8c
8c-100f
20
#######################################################
Connection established.
maxProcsBefore:  8 maxProcsNow:  8  numCPU:  8
rows: ------------>  79918
TotalExecutionTime, 17.42611326s , 17426113 μs, 17426 ms , 17.42611326 s
Finish Program
Connection closed.
___________________________________________________________________________________________________________

Executing experiment 8c-100f run 9...
___________________________________________________________________________________________________________

##############    EXECUTION PARAMETERS    #############
#######################################################
../input/small/30-0.02.csv
30-0.02-8c
8c-100f
20
#######################################################
Connection established.
maxProcsBefore:  8 maxProcsNow:  8  numCPU:  8
rows: ------------>  79918
TotalExecutionTime, 17.004675544s , 17004675 μs, 17004 ms , 17.004675544 s
Finish Program
Connection closed.
___________________________________________________________________________________________________________

Executing experiment 8c-100f run 10...
___________________________________________________________________________________________________________

##############    EXECUTION PARAMETERS    #############
#######################################################
../input/small/30-0.02.csv
30-0.02-8c
8c-100f
20
#######################################################
Connection established.
maxProcsBefore:  8 maxProcsNow:  8  numCPU:  8
rows: ------------>  79918
TotalExecutionTime, 16.664454353s , 16664454 μs, 16664 ms , 16.664454353 s
Finish Program
Connection closed.
Directory 'output/8c-200f-avg' created.
___________________________________________________________________________________________________________

Executing experiment 8c-200f run 1...
___________________________________________________________________________________________________________

##############    EXECUTION PARAMETERS    #############
#######################################################
../input/small/30-0.02.csv
30-0.02-8c
8c-200f
10
#######################################################
Connection established.
maxProcsBefore:  8 maxProcsNow:  8  numCPU:  8
rows: ------------>  79918
TotalExecutionTime, 16.602093017s , 16602093 μs, 16602 ms , 16.602093017 s
Finish Program
Connection closed.
___________________________________________________________________________________________________________

Executing experiment 8c-200f run 2...
___________________________________________________________________________________________________________

##############    EXECUTION PARAMETERS    #############
#######################################################
../input/small/30-0.02.csv
30-0.02-8c
8c-200f
10
#######################################################
Connection established.
maxProcsBefore:  8 maxProcsNow:  8  numCPU:  8
rows: ------------>  79918
TotalExecutionTime, 16.301642007s , 16301642 μs, 16301 ms , 16.301642007 s
Finish Program
Connection closed.
___________________________________________________________________________________________________________

Executing experiment 8c-200f run 3...
___________________________________________________________________________________________________________

##############    EXECUTION PARAMETERS    #############
#######################################################
../input/small/30-0.02.csv
30-0.02-8c
8c-200f
10
#######################################################
Connection established.
maxProcsBefore:  8 maxProcsNow:  8  numCPU:  8
rows: ------------>  79918
TotalExecutionTime, 16.666462887s , 16666462 μs, 16666 ms , 16.666462887 s
Finish Program
Connection closed.
___________________________________________________________________________________________________________

Executing experiment 8c-200f run 4...
___________________________________________________________________________________________________________

##############    EXECUTION PARAMETERS    #############
#######################################################
../input/small/30-0.02.csv
30-0.02-8c
8c-200f
10
#######################################################
Connection established.
maxProcsBefore:  8 maxProcsNow:  8  numCPU:  8
rows: ------------>  79918
TotalExecutionTime, 16.564868346s , 16564868 μs, 16564 ms , 16.564868346 s
Finish Program
Connection closed.
___________________________________________________________________________________________________________

Executing experiment 8c-200f run 5...
___________________________________________________________________________________________________________

##############    EXECUTION PARAMETERS    #############
#######################################################
../input/small/30-0.02.csv
30-0.02-8c
8c-200f
10
#######################################################
Connection established.
maxProcsBefore:  8 maxProcsNow:  8  numCPU:  8
rows: ------------>  79918
TotalExecutionTime, 16.823064152s , 16823064 μs, 16823 ms , 16.823064152 s
Finish Program
Connection closed.
___________________________________________________________________________________________________________

Executing experiment 8c-200f run 6...
___________________________________________________________________________________________________________

##############    EXECUTION PARAMETERS    #############
#######################################################
../input/small/30-0.02.csv
30-0.02-8c
8c-200f
10
#######################################################
Connection established.
maxProcsBefore:  8 maxProcsNow:  8  numCPU:  8
rows: ------------>  79918
TotalExecutionTime, 16.565392003s , 16565392 μs, 16565 ms , 16.565392003 s
Finish Program
Connection closed.
___________________________________________________________________________________________________________

Executing experiment 8c-200f run 7...
___________________________________________________________________________________________________________

##############    EXECUTION PARAMETERS    #############
#######################################################
../input/small/30-0.02.csv
30-0.02-8c
8c-200f
10
#######################################################
Connection established.
maxProcsBefore:  8 maxProcsNow:  8  numCPU:  8
rows: ------------>  79918
TotalExecutionTime, 16.22838669s , 16228386 μs, 16228 ms , 16.22838669 s
Finish Program
Connection closed.
___________________________________________________________________________________________________________

Executing experiment 8c-200f run 8...
___________________________________________________________________________________________________________

##############    EXECUTION PARAMETERS    #############
#######################################################
../input/small/30-0.02.csv
30-0.02-8c
8c-200f
10
#######################################################
Connection established.
maxProcsBefore:  8 maxProcsNow:  8  numCPU:  8
rows: ------------>  79918
TotalExecutionTime, 16.444546244s , 16444546 μs, 16444 ms , 16.444546244 s
Finish Program
Connection closed.
___________________________________________________________________________________________________________

Executing experiment 8c-200f run 9...
___________________________________________________________________________________________________________

##############    EXECUTION PARAMETERS    #############
#######################################################
../input/small/30-0.02.csv
30-0.02-8c
8c-200f
10
#######################################################
Connection established.
maxProcsBefore:  8 maxProcsNow:  8  numCPU:  8
rows: ------------>  79918
TotalExecutionTime, 16.899251184s , 16899251 μs, 16899 ms , 16.899251184 s
Finish Program
Connection closed.
___________________________________________________________________________________________________________

Executing experiment 8c-200f run 10...
___________________________________________________________________________________________________________

##############    EXECUTION PARAMETERS    #############
#######################################################
../input/small/30-0.02.csv
30-0.02-8c
8c-200f
10
#######################################################
Connection established.
maxProcsBefore:  8 maxProcsNow:  8  numCPU:  8
rows: ------------>  79918
TotalExecutionTime, 16.264257762s , 16264257 μs, 16264 ms , 16.264257762 s
Finish Program
Connection closed.
Directory 'output/8c-500f-avg' created.
___________________________________________________________________________________________________________

Executing experiment 8c-500f run 1...
___________________________________________________________________________________________________________

##############    EXECUTION PARAMETERS    #############
#######################################################
../input/small/30-0.02.csv
30-0.02-8c
8c-500f
4
#######################################################
Connection established.
maxProcsBefore:  8 maxProcsNow:  8  numCPU:  8
rows: ------------>  79918
TotalExecutionTime, 17.330885771s , 17330885 μs, 17330 ms , 17.330885771 s
Finish Program
Connection closed.
___________________________________________________________________________________________________________

Executing experiment 8c-500f run 2...
___________________________________________________________________________________________________________

##############    EXECUTION PARAMETERS    #############
#######################################################
../input/small/30-0.02.csv
30-0.02-8c
8c-500f
4
#######################################################
Connection established.
maxProcsBefore:  8 maxProcsNow:  8  numCPU:  8
rows: ------------>  79918
TotalExecutionTime, 17.059132469s , 17059132 μs, 17059 ms , 17.059132469 s
Finish Program
Connection closed.
___________________________________________________________________________________________________________

Executing experiment 8c-500f run 3...
___________________________________________________________________________________________________________

##############    EXECUTION PARAMETERS    #############
#######################################################
../input/small/30-0.02.csv
30-0.02-8c
8c-500f
4
#######################################################
Connection established.
maxProcsBefore:  8 maxProcsNow:  8  numCPU:  8
rows: ------------>  79918
TotalExecutionTime, 16.244365502s , 16244365 μs, 16244 ms , 16.244365502 s
Finish Program
Connection closed.
___________________________________________________________________________________________________________

Executing experiment 8c-500f run 4...
___________________________________________________________________________________________________________

##############    EXECUTION PARAMETERS    #############
#######################################################
../input/small/30-0.02.csv
30-0.02-8c
8c-500f
4
#######################################################
Connection established.
maxProcsBefore:  8 maxProcsNow:  8  numCPU:  8
rows: ------------>  79918
TotalExecutionTime, 16.255123773s , 16255123 μs, 16255 ms , 16.255123773 s
Finish Program
Connection closed.
___________________________________________________________________________________________________________

Executing experiment 8c-500f run 5...
___________________________________________________________________________________________________________

##############    EXECUTION PARAMETERS    #############
#######################################################
../input/small/30-0.02.csv
30-0.02-8c
8c-500f
4
#######################################################
Connection established.
maxProcsBefore:  8 maxProcsNow:  8  numCPU:  8
rows: ------------>  79918
TotalExecutionTime, 16.46932244s , 16469322 μs, 16469 ms , 16.46932244 s
Finish Program
Connection closed.
___________________________________________________________________________________________________________

Executing experiment 8c-500f run 6...
___________________________________________________________________________________________________________

##############    EXECUTION PARAMETERS    #############
#######################################################
../input/small/30-0.02.csv
30-0.02-8c
8c-500f
4
#######################################################
Connection established.
maxProcsBefore:  8 maxProcsNow:  8  numCPU:  8
rows: ------------>  79918
TotalExecutionTime, 16.182503276s , 16182503 μs, 16182 ms , 16.182503276 s
Finish Program
Connection closed.
___________________________________________________________________________________________________________

Executing experiment 8c-500f run 7...
___________________________________________________________________________________________________________

##############    EXECUTION PARAMETERS    #############
#######################################################
../input/small/30-0.02.csv
30-0.02-8c
8c-500f
4
#######################################################
Connection established.
maxProcsBefore:  8 maxProcsNow:  8  numCPU:  8
rows: ------------>  79918
TotalExecutionTime, 16.854854291s , 16854854 μs, 16854 ms , 16.854854291 s
Finish Program
Connection closed.
___________________________________________________________________________________________________________

Executing experiment 8c-500f run 8...
___________________________________________________________________________________________________________

##############    EXECUTION PARAMETERS    #############
#######################################################
../input/small/30-0.02.csv
30-0.02-8c
8c-500f
4
#######################################################
Connection established.
maxProcsBefore:  8 maxProcsNow:  8  numCPU:  8
rows: ------------>  79918
TotalExecutionTime, 16.834447638s , 16834447 μs, 16834 ms , 16.834447638 s
Finish Program
Connection closed.
___________________________________________________________________________________________________________

Executing experiment 8c-500f run 9...
___________________________________________________________________________________________________________

##############    EXECUTION PARAMETERS    #############
#######################################################
../input/small/30-0.02.csv
30-0.02-8c
8c-500f
4
#######################################################
Connection established.
maxProcsBefore:  8 maxProcsNow:  8  numCPU:  8
rows: ------------>  79918
TotalExecutionTime, 16.131610212s , 16131610 μs, 16131 ms , 16.131610212 s
Finish Program
Connection closed.
___________________________________________________________________________________________________________

Executing experiment 8c-500f run 10...
___________________________________________________________________________________________________________

##############    EXECUTION PARAMETERS    #############
#######################################################
../input/small/30-0.02.csv
30-0.02-8c
8c-500f
4
#######################################################
Connection established.
maxProcsBefore:  8 maxProcsNow:  8  numCPU:  8
rows: ------------>  79918
TotalExecutionTime, 16.250198144s , 16250198 μs, 16250 ms , 16.250198144 s
Finish Program
Connection closed.
Directory 'output/8c-1000f-avg' created.
___________________________________________________________________________________________________________

Executing experiment 8c-1000f run 1...
___________________________________________________________________________________________________________

##############    EXECUTION PARAMETERS    #############
#######################################################
../input/small/30-0.02.csv
30-0.02-8c
8c-1000f
2
#######################################################
Connection established.
maxProcsBefore:  8 maxProcsNow:  8  numCPU:  8
rows: ------------>  79918
TotalExecutionTime, 16.4617058s , 16461705 μs, 16461 ms , 16.4617058 s
Finish Program
Connection closed.
___________________________________________________________________________________________________________

Executing experiment 8c-1000f run 2...
___________________________________________________________________________________________________________

##############    EXECUTION PARAMETERS    #############
#######################################################
../input/small/30-0.02.csv
30-0.02-8c
8c-1000f
2
#######################################################
Connection established.
maxProcsBefore:  8 maxProcsNow:  8  numCPU:  8
rows: ------------>  79918
TotalExecutionTime, 16.701165689s , 16701165 μs, 16701 ms , 16.701165689 s
Finish Program
Connection closed.
___________________________________________________________________________________________________________

Executing experiment 8c-1000f run 3...
___________________________________________________________________________________________________________

##############    EXECUTION PARAMETERS    #############
#######################################################
../input/small/30-0.02.csv
30-0.02-8c
8c-1000f
2
#######################################################
Connection established.
maxProcsBefore:  8 maxProcsNow:  8  numCPU:  8
rows: ------------>  79918
TotalExecutionTime, 16.653612261s , 16653612 μs, 16653 ms , 16.653612261 s
Finish Program
Connection closed.
___________________________________________________________________________________________________________

Executing experiment 8c-1000f run 4...
___________________________________________________________________________________________________________

##############    EXECUTION PARAMETERS    #############
#######################################################
../input/small/30-0.02.csv
30-0.02-8c
8c-1000f
2
#######################################################
Connection established.
maxProcsBefore:  8 maxProcsNow:  8  numCPU:  8
rows: ------------>  79918
TotalExecutionTime, 16.828111041s , 16828111 μs, 16828 ms , 16.828111041 s
Finish Program
Connection closed.
___________________________________________________________________________________________________________

Executing experiment 8c-1000f run 5...
___________________________________________________________________________________________________________

##############    EXECUTION PARAMETERS    #############
#######################################################
../input/small/30-0.02.csv
30-0.02-8c
8c-1000f
2
#######################################################
Connection established.
maxProcsBefore:  8 maxProcsNow:  8  numCPU:  8
rows: ------------>  79918
TotalExecutionTime, 16.728032187s , 16728032 μs, 16728 ms , 16.728032187 s
Finish Program
Connection closed.
___________________________________________________________________________________________________________

Executing experiment 8c-1000f run 6...
___________________________________________________________________________________________________________

##############    EXECUTION PARAMETERS    #############
#######################################################
../input/small/30-0.02.csv
30-0.02-8c
8c-1000f
2
#######################################################
Connection established.
maxProcsBefore:  8 maxProcsNow:  8  numCPU:  8
rows: ------------>  79918
TotalExecutionTime, 16.408164278s , 16408164 μs, 16408 ms , 16.408164278 s
Finish Program
Connection closed.
___________________________________________________________________________________________________________

Executing experiment 8c-1000f run 7...
___________________________________________________________________________________________________________

##############    EXECUTION PARAMETERS    #############
#######################################################
../input/small/30-0.02.csv
30-0.02-8c
8c-1000f
2
#######################################################
Connection established.
maxProcsBefore:  8 maxProcsNow:  8  numCPU:  8
rows: ------------>  79918
TotalExecutionTime, 16.712058663s , 16712058 μs, 16712 ms , 16.712058663 s
Finish Program
Connection closed.
___________________________________________________________________________________________________________

Executing experiment 8c-1000f run 8...
___________________________________________________________________________________________________________

##############    EXECUTION PARAMETERS    #############
#######################################################
../input/small/30-0.02.csv
30-0.02-8c
8c-1000f
2
#######################################################
Connection established.
maxProcsBefore:  8 maxProcsNow:  8  numCPU:  8
rows: ------------>  79918
TotalExecutionTime, 17.006458728s , 17006458 μs, 17006 ms , 17.006458728 s
Finish Program
Connection closed.
___________________________________________________________________________________________________________

Executing experiment 8c-1000f run 9...
___________________________________________________________________________________________________________

##############    EXECUTION PARAMETERS    #############
#######################################################
../input/small/30-0.02.csv
30-0.02-8c
8c-1000f
2
#######################################################
Connection established.
maxProcsBefore:  8 maxProcsNow:  8  numCPU:  8
rows: ------------>  79918
TotalExecutionTime, 17.342245304s , 17342245 μs, 17342 ms , 17.342245304 s
Finish Program
Connection closed.
___________________________________________________________________________________________________________

Executing experiment 8c-1000f run 10...
___________________________________________________________________________________________________________

##############    EXECUTION PARAMETERS    #############
#######################################################
../input/small/30-0.02.csv
30-0.02-8c
8c-1000f
2
#######################################################
Connection established.
maxProcsBefore:  8 maxProcsNow:  8  numCPU:  8
rows: ------------>  79918
TotalExecutionTime, 16.7211539s , 16721153 μs, 16721 ms , 16.7211539 s
Finish Program
Connection closed.
Directory 'output/8c-2000f-avg' created.
___________________________________________________________________________________________________________

Executing experiment 8c-2000f run 1...
___________________________________________________________________________________________________________

##############    EXECUTION PARAMETERS    #############
#######################################################
../input/small/30-0.02.csv
30-0.02-8c
8c-2000f
1
#######################################################
Connection established.
maxProcsBefore:  8 maxProcsNow:  8  numCPU:  8
rows: ------------>  79918
TotalExecutionTime, 16.899460107s , 16899460 μs, 16899 ms , 16.899460107 s
Finish Program
Connection closed.
___________________________________________________________________________________________________________

Executing experiment 8c-2000f run 2...
___________________________________________________________________________________________________________

##############    EXECUTION PARAMETERS    #############
#######################################################
../input/small/30-0.02.csv
30-0.02-8c
8c-2000f
1
#######################################################
Connection established.
maxProcsBefore:  8 maxProcsNow:  8  numCPU:  8
rows: ------------>  79918
TotalExecutionTime, 17.092696165s , 17092696 μs, 17092 ms , 17.092696165 s
Finish Program
Connection closed.
___________________________________________________________________________________________________________

Executing experiment 8c-2000f run 3...
___________________________________________________________________________________________________________

##############    EXECUTION PARAMETERS    #############
#######################################################
../input/small/30-0.02.csv
30-0.02-8c
8c-2000f
1
#######################################################
Connection established.
maxProcsBefore:  8 maxProcsNow:  8  numCPU:  8
rows: ------------>  79918
TotalExecutionTime, 16.745591737s , 16745591 μs, 16745 ms , 16.745591737 s
Finish Program
Connection closed.
___________________________________________________________________________________________________________

Executing experiment 8c-2000f run 4...
___________________________________________________________________________________________________________

##############    EXECUTION PARAMETERS    #############
#######################################################
../input/small/30-0.02.csv
30-0.02-8c
8c-2000f
1
#######################################################
Connection established.
maxProcsBefore:  8 maxProcsNow:  8  numCPU:  8
rows: ------------>  79918
TotalExecutionTime, 16.694530617s , 16694530 μs, 16694 ms , 16.694530617 s
Finish Program
Connection closed.
___________________________________________________________________________________________________________

Executing experiment 8c-2000f run 5...
___________________________________________________________________________________________________________

##############    EXECUTION PARAMETERS    #############
#######################################################
../input/small/30-0.02.csv
30-0.02-8c
8c-2000f
1
#######################################################
Connection established.
maxProcsBefore:  8 maxProcsNow:  8  numCPU:  8
rows: ------------>  79918
TotalExecutionTime, 17.03933436s , 17039334 μs, 17039 ms , 17.03933436 s
Finish Program
Connection closed.
___________________________________________________________________________________________________________

Executing experiment 8c-2000f run 6...
___________________________________________________________________________________________________________

##############    EXECUTION PARAMETERS    #############
#######################################################
../input/small/30-0.02.csv
30-0.02-8c
8c-2000f
1
#######################################################
Connection established.
maxProcsBefore:  8 maxProcsNow:  8  numCPU:  8
rows: ------------>  79918
TotalExecutionTime, 17.021786335s , 17021786 μs, 17021 ms , 17.021786335 s
Finish Program
Connection closed.
___________________________________________________________________________________________________________

Executing experiment 8c-2000f run 7...
___________________________________________________________________________________________________________

##############    EXECUTION PARAMETERS    #############
#######################################################
../input/small/30-0.02.csv
30-0.02-8c
8c-2000f
1
#######################################################
Connection established.
maxProcsBefore:  8 maxProcsNow:  8  numCPU:  8
rows: ------------>  79918
TotalExecutionTime, 16.578407907s , 16578407 μs, 16578 ms , 16.578407907 s
Finish Program
Connection closed.
___________________________________________________________________________________________________________

Executing experiment 8c-2000f run 8...
___________________________________________________________________________________________________________

##############    EXECUTION PARAMETERS    #############
#######################################################
../input/small/30-0.02.csv
30-0.02-8c
8c-2000f
1
#######################################################
Connection established.
maxProcsBefore:  8 maxProcsNow:  8  numCPU:  8
rows: ------------>  79918
TotalExecutionTime, 17.191433781s , 17191433 μs, 17191 ms , 17.191433781 s
Finish Program
Connection closed.
___________________________________________________________________________________________________________

Executing experiment 8c-2000f run 9...
___________________________________________________________________________________________________________

##############    EXECUTION PARAMETERS    #############
#######################################################
../input/small/30-0.02.csv
30-0.02-8c
8c-2000f
1
#######################################################
Connection established.
maxProcsBefore:  8 maxProcsNow:  8  numCPU:  8
rows: ------------>  79918
TotalExecutionTime, 18.125973887s , 18125973 μs, 18125 ms , 18.125973887 s
Finish Program
Connection closed.
___________________________________________________________________________________________________________

Executing experiment 8c-2000f run 10...
___________________________________________________________________________________________________________

##############    EXECUTION PARAMETERS    #############
#######################################################
../input/small/30-0.02.csv
30-0.02-8c
8c-2000f
1
#######################################################
Connection established.
maxProcsBefore:  8 maxProcsNow:  8  numCPU:  8
rows: ------------>  79918
TotalExecutionTime, 16.814647482s , 16814647 μs, 16814 ms , 16.814647482 s
Finish Program
Connection closed.
