Directory 'output/1c-1f-avg' created.
___________________________________________________________________________________________________________

Executing experiment 1c-1f run 1...
___________________________________________________________________________________________________________

##############    EXECUTION PARAMETERS    #############
#######################################################
../input/small/30-0.02.csv
30-0.02-1c
1c-1f
2000
#######################################################
Connection established.
maxProcsBefore:  1 maxProcsNow:  1  numCPU:  1
rows: ------------>  79918
TotalExecutionTime, 3m29.840872143s , 209840872 μs, 209840 ms , 209.840872143 s
Finish Program
Connection closed.
___________________________________________________________________________________________________________

Executing experiment 1c-1f run 2...
___________________________________________________________________________________________________________

##############    EXECUTION PARAMETERS    #############
#######################################################
../input/small/30-0.02.csv
30-0.02-1c
1c-1f
2000
#######################################################
Connection established.
maxProcsBefore:  1 maxProcsNow:  1  numCPU:  1
rows: ------------>  79918
TotalExecutionTime, 3m28.889368042s , 208889368 μs, 208889 ms , 208.889368042 s
Finish Program
Connection closed.
___________________________________________________________________________________________________________

Executing experiment 1c-1f run 3...
___________________________________________________________________________________________________________

##############    EXECUTION PARAMETERS    #############
#######################################################
../input/small/30-0.02.csv
30-0.02-1c
1c-1f
2000
#######################################################
Connection established.
maxProcsBefore:  1 maxProcsNow:  1  numCPU:  1
rows: ------------>  79918
TotalExecutionTime, 3m38.721517477s , 218721517 μs, 218721 ms , 218.721517477 s
Finish Program
Connection closed.
___________________________________________________________________________________________________________

Executing experiment 1c-1f run 4...
___________________________________________________________________________________________________________

##############    EXECUTION PARAMETERS    #############
#######################################################
../input/small/30-0.02.csv
30-0.02-1c
1c-1f
2000
#######################################################
Connection established.
maxProcsBefore:  1 maxProcsNow:  1  numCPU:  1
rows: ------------>  79918
TotalExecutionTime, 3m14.379138197s , 194379138 μs, 194379 ms , 194.379138197 s
Finish Program
Connection closed.
___________________________________________________________________________________________________________

Executing experiment 1c-1f run 5...
___________________________________________________________________________________________________________

##############    EXECUTION PARAMETERS    #############
#######################################################
../input/small/30-0.02.csv
30-0.02-1c
1c-1f
2000
#######################################################
Connection established.
maxProcsBefore:  1 maxProcsNow:  1  numCPU:  1
rows: ------------>  79918
TotalExecutionTime, 3m32.888834837s , 212888834 μs, 212888 ms , 212.888834837 s
Finish Program
Connection closed.
___________________________________________________________________________________________________________

Executing experiment 1c-1f run 6...
___________________________________________________________________________________________________________

##############    EXECUTION PARAMETERS    #############
#######################################################
../input/small/30-0.02.csv
30-0.02-1c
1c-1f
2000
#######################################################
Connection established.
maxProcsBefore:  1 maxProcsNow:  1  numCPU:  1
rows: ------------>  79918
TotalExecutionTime, 3m37.221790235s , 217221790 μs, 217221 ms , 217.221790235 s
Finish Program
Connection closed.
___________________________________________________________________________________________________________

Executing experiment 1c-1f run 7...
___________________________________________________________________________________________________________

##############    EXECUTION PARAMETERS    #############
#######################################################
../input/small/30-0.02.csv
30-0.02-1c
1c-1f
2000
#######################################################
Connection established.
maxProcsBefore:  1 maxProcsNow:  1  numCPU:  1
rows: ------------>  79918
TotalExecutionTime, 3m18.822832106s , 198822832 μs, 198822 ms , 198.822832106 s
Finish Program
Connection closed.
___________________________________________________________________________________________________________

Executing experiment 1c-1f run 8...
___________________________________________________________________________________________________________

##############    EXECUTION PARAMETERS    #############
#######################################################
../input/small/30-0.02.csv
30-0.02-1c
1c-1f
2000
#######################################################
Connection established.
maxProcsBefore:  1 maxProcsNow:  1  numCPU:  1
rows: ------------>  79918
TotalExecutionTime, 3m30.572588648s , 210572588 μs, 210572 ms , 210.572588648 s
Finish Program
Connection closed.
___________________________________________________________________________________________________________

Executing experiment 1c-1f run 9...
___________________________________________________________________________________________________________

##############    EXECUTION PARAMETERS    #############
#######################################################
../input/small/30-0.02.csv
30-0.02-1c
1c-1f
2000
#######################################################
Connection established.
maxProcsBefore:  1 maxProcsNow:  1  numCPU:  1
rows: ------------>  79918
TotalExecutionTime, 3m33.694027628s , 213694027 μs, 213694 ms , 213.694027628 s
Finish Program
Connection closed.
___________________________________________________________________________________________________________

Executing experiment 1c-1f run 10...
___________________________________________________________________________________________________________

##############    EXECUTION PARAMETERS    #############
#######################################################
../input/small/30-0.02.csv
30-0.02-1c
1c-1f
2000
#######################################################
Connection established.
maxProcsBefore:  1 maxProcsNow:  1  numCPU:  1
rows: ------------>  79918
TotalExecutionTime, 3m14.106015611s , 194106015 μs, 194106 ms , 194.106015611 s
Finish Program
Connection closed.
Directory 'output/1c-2f-avg' created.
___________________________________________________________________________________________________________

Executing experiment 1c-2f run 1...
___________________________________________________________________________________________________________

##############    EXECUTION PARAMETERS    #############
#######################################################
../input/small/30-0.02.csv
30-0.02-1c
1c-2f
1000
#######################################################
Connection established.
maxProcsBefore:  1 maxProcsNow:  1  numCPU:  1
rows: ------------>  79918
TotalExecutionTime, 1m59.335379125s , 119335379 μs, 119335 ms , 119.335379125 s
Finish Program
Connection closed.
___________________________________________________________________________________________________________

Executing experiment 1c-2f run 2...
___________________________________________________________________________________________________________

##############    EXECUTION PARAMETERS    #############
#######################################################
../input/small/30-0.02.csv
30-0.02-1c
1c-2f
1000
#######################################################
Connection established.
maxProcsBefore:  1 maxProcsNow:  1  numCPU:  1
rows: ------------>  79918
TotalExecutionTime, 1m58.234833779s , 118234833 μs, 118234 ms , 118.234833779 s
Finish Program
Connection closed.
___________________________________________________________________________________________________________

Executing experiment 1c-2f run 3...
___________________________________________________________________________________________________________

##############    EXECUTION PARAMETERS    #############
#######################################################
../input/small/30-0.02.csv
30-0.02-1c
1c-2f
1000
#######################################################
Connection established.
maxProcsBefore:  1 maxProcsNow:  1  numCPU:  1
rows: ------------>  79918
TotalExecutionTime, 1m58.352663907s , 118352663 μs, 118352 ms , 118.352663907 s
Finish Program
Connection closed.
___________________________________________________________________________________________________________

Executing experiment 1c-2f run 4...
___________________________________________________________________________________________________________

##############    EXECUTION PARAMETERS    #############
#######################################################
../input/small/30-0.02.csv
30-0.02-1c
1c-2f
1000
#######################################################
Connection established.
maxProcsBefore:  1 maxProcsNow:  1  numCPU:  1
rows: ------------>  79918
TotalExecutionTime, 1m59.650920805s , 119650920 μs, 119650 ms , 119.650920805 s
Finish Program
Connection closed.
___________________________________________________________________________________________________________

Executing experiment 1c-2f run 5...
___________________________________________________________________________________________________________

##############    EXECUTION PARAMETERS    #############
#######################################################
../input/small/30-0.02.csv
30-0.02-1c
1c-2f
1000
#######################################################
Connection established.
maxProcsBefore:  1 maxProcsNow:  1  numCPU:  1
rows: ------------>  79918
TotalExecutionTime, 1m55.897536747s , 115897536 μs, 115897 ms , 115.897536747 s
Finish Program
Connection closed.
___________________________________________________________________________________________________________

Executing experiment 1c-2f run 6...
___________________________________________________________________________________________________________

##############    EXECUTION PARAMETERS    #############
#######################################################
../input/small/30-0.02.csv
30-0.02-1c
1c-2f
1000
#######################################################
Connection established.
maxProcsBefore:  1 maxProcsNow:  1  numCPU:  1
rows: ------------>  79918
TotalExecutionTime, 1m57.203233289s , 117203233 μs, 117203 ms , 117.203233289 s
Finish Program
Connection closed.
___________________________________________________________________________________________________________

Executing experiment 1c-2f run 7...
___________________________________________________________________________________________________________

##############    EXECUTION PARAMETERS    #############
#######################################################
../input/small/30-0.02.csv
30-0.02-1c
1c-2f
1000
#######################################################
Connection established.
maxProcsBefore:  1 maxProcsNow:  1  numCPU:  1
rows: ------------>  79918
TotalExecutionTime, 1m58.343922508s , 118343922 μs, 118343 ms , 118.343922508 s
Finish Program
Connection closed.
___________________________________________________________________________________________________________

Executing experiment 1c-2f run 8...
___________________________________________________________________________________________________________

##############    EXECUTION PARAMETERS    #############
#######################################################
../input/small/30-0.02.csv
30-0.02-1c
1c-2f
1000
#######################################################
Connection established.
maxProcsBefore:  1 maxProcsNow:  1  numCPU:  1
rows: ------------>  79918
TotalExecutionTime, 2m3.751452502s , 123751452 μs, 123751 ms , 123.751452502 s
Finish Program
Connection closed.
___________________________________________________________________________________________________________

Executing experiment 1c-2f run 9...
___________________________________________________________________________________________________________

##############    EXECUTION PARAMETERS    #############
#######################################################
../input/small/30-0.02.csv
30-0.02-1c
1c-2f
1000
#######################################################
Connection established.
maxProcsBefore:  1 maxProcsNow:  1  numCPU:  1
rows: ------------>  79918
TotalExecutionTime, 1m59.292114915s , 119292114 μs, 119292 ms , 119.292114915 s
Finish Program
Connection closed.
___________________________________________________________________________________________________________

Executing experiment 1c-2f run 10...
___________________________________________________________________________________________________________

##############    EXECUTION PARAMETERS    #############
#######################################################
../input/small/30-0.02.csv
30-0.02-1c
1c-2f
1000
#######################################################
Connection established.
maxProcsBefore:  1 maxProcsNow:  1  numCPU:  1
rows: ------------>  79918
TotalExecutionTime, 1m58.832148867s , 118832148 μs, 118832 ms , 118.832148867 s
Finish Program
Connection closed.
Directory 'output/1c-5f-avg' created.
___________________________________________________________________________________________________________

Executing experiment 1c-5f run 1...
___________________________________________________________________________________________________________

##############    EXECUTION PARAMETERS    #############
#######################################################
../input/small/30-0.02.csv
30-0.02-1c
1c-5f
400
#######################################################
Connection established.
maxProcsBefore:  1 maxProcsNow:  1  numCPU:  1
rows: ------------>  79918
TotalExecutionTime, 40.087715887s , 40087715 μs, 40087 ms , 40.087715887 s
Finish Program
Connection closed.
___________________________________________________________________________________________________________

Executing experiment 1c-5f run 2...
___________________________________________________________________________________________________________

##############    EXECUTION PARAMETERS    #############
#######################################################
../input/small/30-0.02.csv
30-0.02-1c
1c-5f
400
#######################################################
Connection established.
maxProcsBefore:  1 maxProcsNow:  1  numCPU:  1
rows: ------------>  79918
TotalExecutionTime, 40.899021654s , 40899021 μs, 40899 ms , 40.899021654 s
Finish Program
Connection closed.
___________________________________________________________________________________________________________

Executing experiment 1c-5f run 3...
___________________________________________________________________________________________________________

##############    EXECUTION PARAMETERS    #############
#######################################################
../input/small/30-0.02.csv
30-0.02-1c
1c-5f
400
#######################################################
Connection established.
maxProcsBefore:  1 maxProcsNow:  1  numCPU:  1
rows: ------------>  79918
TotalExecutionTime, 40.878157063s , 40878157 μs, 40878 ms , 40.878157063 s
Finish Program
Connection closed.
___________________________________________________________________________________________________________

Executing experiment 1c-5f run 4...
___________________________________________________________________________________________________________

##############    EXECUTION PARAMETERS    #############
#######################################################
../input/small/30-0.02.csv
30-0.02-1c
1c-5f
400
#######################################################
Connection established.
maxProcsBefore:  1 maxProcsNow:  1  numCPU:  1
rows: ------------>  79918
TotalExecutionTime, 40.391931091s , 40391931 μs, 40391 ms , 40.391931091000004 s
Finish Program
Connection closed.
___________________________________________________________________________________________________________

Executing experiment 1c-5f run 5...
___________________________________________________________________________________________________________

##############    EXECUTION PARAMETERS    #############
#######################################################
../input/small/30-0.02.csv
30-0.02-1c
1c-5f
400
#######################################################
Connection established.
maxProcsBefore:  1 maxProcsNow:  1  numCPU:  1
rows: ------------>  79918
TotalExecutionTime, 40.993693536s , 40993693 μs, 40993 ms , 40.993693536 s
Finish Program
Connection closed.
___________________________________________________________________________________________________________

Executing experiment 1c-5f run 6...
___________________________________________________________________________________________________________

##############    EXECUTION PARAMETERS    #############
#######################################################
../input/small/30-0.02.csv
30-0.02-1c
1c-5f
400
#######################################################
Connection established.
maxProcsBefore:  1 maxProcsNow:  1  numCPU:  1
rows: ------------>  79918
TotalExecutionTime, 40.152276165s , 40152276 μs, 40152 ms , 40.152276165 s
Finish Program
Connection closed.
___________________________________________________________________________________________________________

Executing experiment 1c-5f run 7...
___________________________________________________________________________________________________________

##############    EXECUTION PARAMETERS    #############
#######################################################
../input/small/30-0.02.csv
30-0.02-1c
1c-5f
400
#######################################################
Connection established.
maxProcsBefore:  1 maxProcsNow:  1  numCPU:  1
rows: ------------>  79918
TotalExecutionTime, 40.82220381s , 40822203 μs, 40822 ms , 40.82220381 s
Finish Program
Connection closed.
___________________________________________________________________________________________________________

Executing experiment 1c-5f run 8...
___________________________________________________________________________________________________________

##############    EXECUTION PARAMETERS    #############
#######################################################
../input/small/30-0.02.csv
30-0.02-1c
1c-5f
400
#######################################################
Connection established.
maxProcsBefore:  1 maxProcsNow:  1  numCPU:  1
rows: ------------>  79918
TotalExecutionTime, 41.459200995s , 41459200 μs, 41459 ms , 41.459200995 s
Finish Program
Connection closed.
___________________________________________________________________________________________________________

Executing experiment 1c-5f run 9...
___________________________________________________________________________________________________________

##############    EXECUTION PARAMETERS    #############
#######################################################
../input/small/30-0.02.csv
30-0.02-1c
1c-5f
400
#######################################################
Connection established.
maxProcsBefore:  1 maxProcsNow:  1  numCPU:  1
rows: ------------>  79918
TotalExecutionTime, 38.420916492s , 38420916 μs, 38420 ms , 38.420916492 s
Finish Program
Connection closed.
___________________________________________________________________________________________________________

Executing experiment 1c-5f run 10...
___________________________________________________________________________________________________________

##############    EXECUTION PARAMETERS    #############
#######################################################
../input/small/30-0.02.csv
30-0.02-1c
1c-5f
400
#######################################################
Connection established.
maxProcsBefore:  1 maxProcsNow:  1  numCPU:  1
rows: ------------>  79918
TotalExecutionTime, 40.004302484s , 40004302 μs, 40004 ms , 40.004302484 s
Finish Program
Connection closed.
Directory 'output/1c-10f-avg' created.
___________________________________________________________________________________________________________

Executing experiment 1c-10f run 1...
___________________________________________________________________________________________________________

##############    EXECUTION PARAMETERS    #############
#######################################################
../input/small/30-0.02.csv
30-0.02-1c
1c-10f
200
#######################################################
Connection established.
maxProcsBefore:  1 maxProcsNow:  1  numCPU:  1
rows: ------------>  79918
TotalExecutionTime, 26.884628991s , 26884628 μs, 26884 ms , 26.884628991 s
Finish Program
Connection closed.
___________________________________________________________________________________________________________

Executing experiment 1c-10f run 2...
___________________________________________________________________________________________________________

##############    EXECUTION PARAMETERS    #############
#######################################################
../input/small/30-0.02.csv
30-0.02-1c
1c-10f
200
#######################################################
Connection established.
maxProcsBefore:  1 maxProcsNow:  1  numCPU:  1
rows: ------------>  79918
TotalExecutionTime, 29.05932148s , 29059321 μs, 29059 ms , 29.05932148 s
Finish Program
Connection closed.
___________________________________________________________________________________________________________

Executing experiment 1c-10f run 3...
___________________________________________________________________________________________________________

##############    EXECUTION PARAMETERS    #############
#######################################################
../input/small/30-0.02.csv
30-0.02-1c
1c-10f
200
#######################################################
Connection established.
maxProcsBefore:  1 maxProcsNow:  1  numCPU:  1
rows: ------------>  79918
TotalExecutionTime, 28.591617848s , 28591617 μs, 28591 ms , 28.591617848 s
Finish Program
Connection closed.
___________________________________________________________________________________________________________

Executing experiment 1c-10f run 4...
___________________________________________________________________________________________________________

##############    EXECUTION PARAMETERS    #############
#######################################################
../input/small/30-0.02.csv
30-0.02-1c
1c-10f
200
#######################################################
Connection established.
maxProcsBefore:  1 maxProcsNow:  1  numCPU:  1
rows: ------------>  79918
TotalExecutionTime, 27.974097794s , 27974097 μs, 27974 ms , 27.974097794 s
Finish Program
Connection closed.
___________________________________________________________________________________________________________

Executing experiment 1c-10f run 5...
___________________________________________________________________________________________________________

##############    EXECUTION PARAMETERS    #############
#######################################################
../input/small/30-0.02.csv
30-0.02-1c
1c-10f
200
#######################################################
Connection established.
maxProcsBefore:  1 maxProcsNow:  1  numCPU:  1
rows: ------------>  79918
TotalExecutionTime, 29.159739883s , 29159739 μs, 29159 ms , 29.159739883 s
Finish Program
Connection closed.
___________________________________________________________________________________________________________

Executing experiment 1c-10f run 6...
___________________________________________________________________________________________________________

##############    EXECUTION PARAMETERS    #############
#######################################################
../input/small/30-0.02.csv
30-0.02-1c
1c-10f
200
#######################################################
Connection established.
maxProcsBefore:  1 maxProcsNow:  1  numCPU:  1
rows: ------------>  79918
TotalExecutionTime, 29.416844712s , 29416844 μs, 29416 ms , 29.416844712 s
Finish Program
Connection closed.
___________________________________________________________________________________________________________

Executing experiment 1c-10f run 7...
___________________________________________________________________________________________________________

##############    EXECUTION PARAMETERS    #############
#######################################################
../input/small/30-0.02.csv
30-0.02-1c
1c-10f
200
#######################################################
Connection established.
maxProcsBefore:  1 maxProcsNow:  1  numCPU:  1
rows: ------------>  79918
TotalExecutionTime, 28.716761393s , 28716761 μs, 28716 ms , 28.716761393 s
Finish Program
Connection closed.
___________________________________________________________________________________________________________

Executing experiment 1c-10f run 8...
___________________________________________________________________________________________________________

##############    EXECUTION PARAMETERS    #############
#######################################################
../input/small/30-0.02.csv
30-0.02-1c
1c-10f
200
#######################################################
Connection established.
maxProcsBefore:  1 maxProcsNow:  1  numCPU:  1
rows: ------------>  79918
TotalExecutionTime, 27.301658976s , 27301658 μs, 27301 ms , 27.301658976 s
Finish Program
Connection closed.
___________________________________________________________________________________________________________

Executing experiment 1c-10f run 9...
___________________________________________________________________________________________________________

##############    EXECUTION PARAMETERS    #############
#######################################################
../input/small/30-0.02.csv
30-0.02-1c
1c-10f
200
#######################################################
Connection established.
maxProcsBefore:  1 maxProcsNow:  1  numCPU:  1
rows: ------------>  79918
TotalExecutionTime, 28.573764709s , 28573764 μs, 28573 ms , 28.573764709 s
Finish Program
Connection closed.
___________________________________________________________________________________________________________

Executing experiment 1c-10f run 10...
___________________________________________________________________________________________________________

##############    EXECUTION PARAMETERS    #############
#######################################################
../input/small/30-0.02.csv
30-0.02-1c
1c-10f
200
#######################################################
Connection established.
maxProcsBefore:  1 maxProcsNow:  1  numCPU:  1
rows: ------------>  79918
TotalExecutionTime, 28.078688899s , 28078688 μs, 28078 ms , 28.078688899 s
Finish Program
Connection closed.
Directory 'output/1c-20f-avg' created.
___________________________________________________________________________________________________________

Executing experiment 1c-20f run 1...
___________________________________________________________________________________________________________

##############    EXECUTION PARAMETERS    #############
#######################################################
../input/small/30-0.02.csv
30-0.02-1c
1c-20f
100
#######################################################
Connection established.
maxProcsBefore:  1 maxProcsNow:  1  numCPU:  1
rows: ------------>  79918
TotalExecutionTime, 21.853596475s , 21853596 μs, 21853 ms , 21.853596475 s
Finish Program
Connection closed.
___________________________________________________________________________________________________________

Executing experiment 1c-20f run 2...
___________________________________________________________________________________________________________

##############    EXECUTION PARAMETERS    #############
#######################################################
../input/small/30-0.02.csv
30-0.02-1c
1c-20f
100
#######################################################
Connection established.
maxProcsBefore:  1 maxProcsNow:  1  numCPU:  1
rows: ------------>  79918
TotalExecutionTime, 21.149463511s , 21149463 μs, 21149 ms , 21.149463511 s
Finish Program
Connection closed.
___________________________________________________________________________________________________________

Executing experiment 1c-20f run 3...
___________________________________________________________________________________________________________

##############    EXECUTION PARAMETERS    #############
#######################################################
../input/small/30-0.02.csv
30-0.02-1c
1c-20f
100
#######################################################
Connection established.
maxProcsBefore:  1 maxProcsNow:  1  numCPU:  1
rows: ------------>  79918
TotalExecutionTime, 22.405219237s , 22405219 μs, 22405 ms , 22.405219237 s
Finish Program
Connection closed.
___________________________________________________________________________________________________________

Executing experiment 1c-20f run 4...
___________________________________________________________________________________________________________

##############    EXECUTION PARAMETERS    #############
#######################################################
../input/small/30-0.02.csv
30-0.02-1c
1c-20f
100
#######################################################
Connection established.
maxProcsBefore:  1 maxProcsNow:  1  numCPU:  1
rows: ------------>  79918
TotalExecutionTime, 21.799396751s , 21799396 μs, 21799 ms , 21.799396751 s
Finish Program
Connection closed.
___________________________________________________________________________________________________________

Executing experiment 1c-20f run 5...
___________________________________________________________________________________________________________

##############    EXECUTION PARAMETERS    #############
#######################################################
../input/small/30-0.02.csv
30-0.02-1c
1c-20f
100
#######################################################
Connection established.
maxProcsBefore:  1 maxProcsNow:  1  numCPU:  1
rows: ------------>  79918
TotalExecutionTime, 21.55887013s , 21558870 μs, 21558 ms , 21.55887013 s
Finish Program
Connection closed.
___________________________________________________________________________________________________________

Executing experiment 1c-20f run 6...
___________________________________________________________________________________________________________

##############    EXECUTION PARAMETERS    #############
#######################################################
../input/small/30-0.02.csv
30-0.02-1c
1c-20f
100
#######################################################
Connection established.
maxProcsBefore:  1 maxProcsNow:  1  numCPU:  1
rows: ------------>  79918
TotalExecutionTime, 22.694106901s , 22694106 μs, 22694 ms , 22.694106901 s
Finish Program
Connection closed.
___________________________________________________________________________________________________________

Executing experiment 1c-20f run 7...
___________________________________________________________________________________________________________

##############    EXECUTION PARAMETERS    #############
#######################################################
../input/small/30-0.02.csv
30-0.02-1c
1c-20f
100
#######################################################
Connection established.
maxProcsBefore:  1 maxProcsNow:  1  numCPU:  1
rows: ------------>  79918
TotalExecutionTime, 21.916148976s , 21916148 μs, 21916 ms , 21.916148976 s
Finish Program
Connection closed.
___________________________________________________________________________________________________________

Executing experiment 1c-20f run 8...
___________________________________________________________________________________________________________

##############    EXECUTION PARAMETERS    #############
#######################################################
../input/small/30-0.02.csv
30-0.02-1c
1c-20f
100
#######################################################
Connection established.
maxProcsBefore:  1 maxProcsNow:  1  numCPU:  1
rows: ------------>  79918
TotalExecutionTime, 22.250014305s , 22250014 μs, 22250 ms , 22.250014305 s
Finish Program
Connection closed.
___________________________________________________________________________________________________________

Executing experiment 1c-20f run 9...
___________________________________________________________________________________________________________

##############    EXECUTION PARAMETERS    #############
#######################################################
../input/small/30-0.02.csv
30-0.02-1c
1c-20f
100
#######################################################
Connection established.
maxProcsBefore:  1 maxProcsNow:  1  numCPU:  1
rows: ------------>  79918
TotalExecutionTime, 22.580064389s , 22580064 μs, 22580 ms , 22.580064389 s
Finish Program
Connection closed.
___________________________________________________________________________________________________________

Executing experiment 1c-20f run 10...
___________________________________________________________________________________________________________

##############    EXECUTION PARAMETERS    #############
#######################################################
../input/small/30-0.02.csv
30-0.02-1c
1c-20f
100
#######################################################
Connection established.
maxProcsBefore:  1 maxProcsNow:  1  numCPU:  1
rows: ------------>  79918
TotalExecutionTime, 23.002640561s , 23002640 μs, 23002 ms , 23.002640561 s
Finish Program
Connection closed.
Directory 'output/1c-40f-avg' created.
___________________________________________________________________________________________________________

Executing experiment 1c-40f run 1...
___________________________________________________________________________________________________________

##############    EXECUTION PARAMETERS    #############
#######################################################
../input/small/30-0.02.csv
30-0.02-1c
1c-40f
50
#######################################################
Connection established.
maxProcsBefore:  1 maxProcsNow:  1  numCPU:  1
rows: ------------>  79918
TotalExecutionTime, 19.421573816s , 19421573 μs, 19421 ms , 19.421573816 s
Finish Program
Connection closed.
___________________________________________________________________________________________________________

Executing experiment 1c-40f run 2...
___________________________________________________________________________________________________________

##############    EXECUTION PARAMETERS    #############
#######################################################
../input/small/30-0.02.csv
30-0.02-1c
1c-40f
50
#######################################################
Connection established.
maxProcsBefore:  1 maxProcsNow:  1  numCPU:  1
rows: ------------>  79918
TotalExecutionTime, 19.299502689s , 19299502 μs, 19299 ms , 19.299502689 s
Finish Program
Connection closed.
___________________________________________________________________________________________________________

Executing experiment 1c-40f run 3...
___________________________________________________________________________________________________________

##############    EXECUTION PARAMETERS    #############
#######################################################
../input/small/30-0.02.csv
30-0.02-1c
1c-40f
50
#######################################################
Connection established.
maxProcsBefore:  1 maxProcsNow:  1  numCPU:  1
rows: ------------>  79918
TotalExecutionTime, 19.220088036s , 19220088 μs, 19220 ms , 19.220088036 s
Finish Program
Connection closed.
___________________________________________________________________________________________________________

Executing experiment 1c-40f run 4...
___________________________________________________________________________________________________________

##############    EXECUTION PARAMETERS    #############
#######################################################
../input/small/30-0.02.csv
30-0.02-1c
1c-40f
50
#######################################################
Connection established.
maxProcsBefore:  1 maxProcsNow:  1  numCPU:  1
rows: ------------>  79918
TotalExecutionTime, 18.444355052s , 18444355 μs, 18444 ms , 18.444355052 s
Finish Program
Connection closed.
___________________________________________________________________________________________________________

Executing experiment 1c-40f run 5...
___________________________________________________________________________________________________________

##############    EXECUTION PARAMETERS    #############
#######################################################
../input/small/30-0.02.csv
30-0.02-1c
1c-40f
50
#######################################################
Connection established.
maxProcsBefore:  1 maxProcsNow:  1  numCPU:  1
rows: ------------>  79918
TotalExecutionTime, 18.823312449s , 18823312 μs, 18823 ms , 18.823312449 s
Finish Program
Connection closed.
___________________________________________________________________________________________________________

Executing experiment 1c-40f run 6...
___________________________________________________________________________________________________________

##############    EXECUTION PARAMETERS    #############
#######################################################
../input/small/30-0.02.csv
30-0.02-1c
1c-40f
50
#######################################################
Connection established.
maxProcsBefore:  1 maxProcsNow:  1  numCPU:  1
rows: ------------>  79918
TotalExecutionTime, 19.461231633s , 19461231 μs, 19461 ms , 19.461231633 s
Finish Program
Connection closed.
___________________________________________________________________________________________________________

Executing experiment 1c-40f run 7...
___________________________________________________________________________________________________________

##############    EXECUTION PARAMETERS    #############
#######################################################
../input/small/30-0.02.csv
30-0.02-1c
1c-40f
50
#######################################################
Connection established.
maxProcsBefore:  1 maxProcsNow:  1  numCPU:  1
rows: ------------>  79918
TotalExecutionTime, 18.85495541s , 18854955 μs, 18854 ms , 18.85495541 s
Finish Program
Connection closed.
___________________________________________________________________________________________________________

Executing experiment 1c-40f run 8...
___________________________________________________________________________________________________________

##############    EXECUTION PARAMETERS    #############
#######################################################
../input/small/30-0.02.csv
30-0.02-1c
1c-40f
50
#######################################################
Connection established.
maxProcsBefore:  1 maxProcsNow:  1  numCPU:  1
rows: ------------>  79918
TotalExecutionTime, 20.146841378s , 20146841 μs, 20146 ms , 20.146841378 s
Finish Program
Connection closed.
___________________________________________________________________________________________________________

Executing experiment 1c-40f run 9...
___________________________________________________________________________________________________________

##############    EXECUTION PARAMETERS    #############
#######################################################
../input/small/30-0.02.csv
30-0.02-1c
1c-40f
50
#######################################################
Connection established.
maxProcsBefore:  1 maxProcsNow:  1  numCPU:  1
rows: ------------>  79918
TotalExecutionTime, 19.411524239s , 19411524 μs, 19411 ms , 19.411524239 s
Finish Program
Connection closed.
___________________________________________________________________________________________________________

Executing experiment 1c-40f run 10...
___________________________________________________________________________________________________________

##############    EXECUTION PARAMETERS    #############
#######################################################
../input/small/30-0.02.csv
30-0.02-1c
1c-40f
50
#######################################################
Connection established.
maxProcsBefore:  1 maxProcsNow:  1  numCPU:  1
rows: ------------>  79918
TotalExecutionTime, 19.059651083s , 19059651 μs, 19059 ms , 19.059651083 s
Finish Program
Connection closed.
Directory 'output/1c-100f-avg' created.
___________________________________________________________________________________________________________

Executing experiment 1c-100f run 1...
___________________________________________________________________________________________________________

##############    EXECUTION PARAMETERS    #############
#######################################################
../input/small/30-0.02.csv
30-0.02-1c
1c-100f
20
#######################################################
Connection established.
maxProcsBefore:  1 maxProcsNow:  1  numCPU:  1
rows: ------------>  79918
TotalExecutionTime, 18.873133221s , 18873133 μs, 18873 ms , 18.873133221 s
Finish Program
Connection closed.
___________________________________________________________________________________________________________

Executing experiment 1c-100f run 2...
___________________________________________________________________________________________________________

##############    EXECUTION PARAMETERS    #############
#######################################################
../input/small/30-0.02.csv
30-0.02-1c
1c-100f
20
#######################################################
Connection established.
maxProcsBefore:  1 maxProcsNow:  1  numCPU:  1
rows: ------------>  79918
TotalExecutionTime, 18.09505669s , 18095056 μs, 18095 ms , 18.09505669 s
Finish Program
Connection closed.
___________________________________________________________________________________________________________

Executing experiment 1c-100f run 3...
___________________________________________________________________________________________________________

##############    EXECUTION PARAMETERS    #############
#######################################################
../input/small/30-0.02.csv
30-0.02-1c
1c-100f
20
#######################################################
Connection established.
maxProcsBefore:  1 maxProcsNow:  1  numCPU:  1
rows: ------------>  79918
TotalExecutionTime, 18.165171573s , 18165171 μs, 18165 ms , 18.165171573 s
Finish Program
Connection closed.
___________________________________________________________________________________________________________

Executing experiment 1c-100f run 4...
___________________________________________________________________________________________________________

##############    EXECUTION PARAMETERS    #############
#######################################################
../input/small/30-0.02.csv
30-0.02-1c
1c-100f
20
#######################################################
Connection established.
maxProcsBefore:  1 maxProcsNow:  1  numCPU:  1
rows: ------------>  79918
TotalExecutionTime, 18.085478101s , 18085478 μs, 18085 ms , 18.085478101 s
Finish Program
Connection closed.
___________________________________________________________________________________________________________

Executing experiment 1c-100f run 5...
___________________________________________________________________________________________________________

##############    EXECUTION PARAMETERS    #############
#######################################################
../input/small/30-0.02.csv
30-0.02-1c
1c-100f
20
#######################################################
Connection established.
maxProcsBefore:  1 maxProcsNow:  1  numCPU:  1
rows: ------------>  79918
TotalExecutionTime, 18.238033884s , 18238033 μs, 18238 ms , 18.238033884 s
Finish Program
Connection closed.
___________________________________________________________________________________________________________

Executing experiment 1c-100f run 6...
___________________________________________________________________________________________________________

##############    EXECUTION PARAMETERS    #############
#######################################################
../input/small/30-0.02.csv
30-0.02-1c
1c-100f
20
#######################################################
Connection established.
maxProcsBefore:  1 maxProcsNow:  1  numCPU:  1
rows: ------------>  79918
TotalExecutionTime, 19.111176665s , 19111176 μs, 19111 ms , 19.111176665 s
Finish Program
Connection closed.
___________________________________________________________________________________________________________

Executing experiment 1c-100f run 7...
___________________________________________________________________________________________________________

##############    EXECUTION PARAMETERS    #############
#######################################################
../input/small/30-0.02.csv
30-0.02-1c
1c-100f
20
#######################################################
Connection established.
maxProcsBefore:  1 maxProcsNow:  1  numCPU:  1
rows: ------------>  79918
TotalExecutionTime, 19.169727198s , 19169727 μs, 19169 ms , 19.169727198 s
Finish Program
Connection closed.
___________________________________________________________________________________________________________

Executing experiment 1c-100f run 8...
___________________________________________________________________________________________________________

##############    EXECUTION PARAMETERS    #############
#######################################################
../input/small/30-0.02.csv
30-0.02-1c
1c-100f
20
#######################################################
Connection established.
maxProcsBefore:  1 maxProcsNow:  1  numCPU:  1
rows: ------------>  79918
TotalExecutionTime, 18.32488505s , 18324885 μs, 18324 ms , 18.32488505 s
Finish Program
Connection closed.
___________________________________________________________________________________________________________

Executing experiment 1c-100f run 9...
___________________________________________________________________________________________________________

##############    EXECUTION PARAMETERS    #############
#######################################################
../input/small/30-0.02.csv
30-0.02-1c
1c-100f
20
#######################################################
Connection established.
maxProcsBefore:  1 maxProcsNow:  1  numCPU:  1
rows: ------------>  79918
TotalExecutionTime, 18.606187655s , 18606187 μs, 18606 ms , 18.606187655 s
Finish Program
Connection closed.
___________________________________________________________________________________________________________

Executing experiment 1c-100f run 10...
___________________________________________________________________________________________________________

##############    EXECUTION PARAMETERS    #############
#######################################################
../input/small/30-0.02.csv
30-0.02-1c
1c-100f
20
#######################################################
Connection established.
maxProcsBefore:  1 maxProcsNow:  1  numCPU:  1
rows: ------------>  79918
TotalExecutionTime, 18.256662433s , 18256662 μs, 18256 ms , 18.256662433 s
Finish Program
Connection closed.
Directory 'output/1c-200f-avg' created.
___________________________________________________________________________________________________________

Executing experiment 1c-200f run 1...
___________________________________________________________________________________________________________

##############    EXECUTION PARAMETERS    #############
#######################################################
../input/small/30-0.02.csv
30-0.02-1c
1c-200f
10
#######################################################
Connection established.
maxProcsBefore:  1 maxProcsNow:  1  numCPU:  1
rows: ------------>  79918
TotalExecutionTime, 18.754335714s , 18754335 μs, 18754 ms , 18.754335714 s
Finish Program
Connection closed.
___________________________________________________________________________________________________________

Executing experiment 1c-200f run 2...
___________________________________________________________________________________________________________

##############    EXECUTION PARAMETERS    #############
#######################################################
../input/small/30-0.02.csv
30-0.02-1c
1c-200f
10
#######################################################
Connection established.
maxProcsBefore:  1 maxProcsNow:  1  numCPU:  1
rows: ------------>  79918
TotalExecutionTime, 19.129343716s , 19129343 μs, 19129 ms , 19.129343716 s
Finish Program
Connection closed.
___________________________________________________________________________________________________________

Executing experiment 1c-200f run 3...
___________________________________________________________________________________________________________

##############    EXECUTION PARAMETERS    #############
#######################################################
../input/small/30-0.02.csv
30-0.02-1c
1c-200f
10
#######################################################
Connection established.
maxProcsBefore:  1 maxProcsNow:  1  numCPU:  1
rows: ------------>  79918
TotalExecutionTime, 19.067537242s , 19067537 μs, 19067 ms , 19.067537242 s
Finish Program
Connection closed.
___________________________________________________________________________________________________________

Executing experiment 1c-200f run 4...
___________________________________________________________________________________________________________

##############    EXECUTION PARAMETERS    #############
#######################################################
../input/small/30-0.02.csv
30-0.02-1c
1c-200f
10
#######################################################
Connection established.
maxProcsBefore:  1 maxProcsNow:  1  numCPU:  1
rows: ------------>  79918
TotalExecutionTime, 19.030563594s , 19030563 μs, 19030 ms , 19.030563594 s
Finish Program
Connection closed.
___________________________________________________________________________________________________________

Executing experiment 1c-200f run 5...
___________________________________________________________________________________________________________

##############    EXECUTION PARAMETERS    #############
#######################################################
../input/small/30-0.02.csv
30-0.02-1c
1c-200f
10
#######################################################
Connection established.
maxProcsBefore:  1 maxProcsNow:  1  numCPU:  1
rows: ------------>  79918
TotalExecutionTime, 18.932802488s , 18932802 μs, 18932 ms , 18.932802488 s
Finish Program
Connection closed.
___________________________________________________________________________________________________________

Executing experiment 1c-200f run 6...
___________________________________________________________________________________________________________

##############    EXECUTION PARAMETERS    #############
#######################################################
../input/small/30-0.02.csv
30-0.02-1c
1c-200f
10
#######################################################
Connection established.
maxProcsBefore:  1 maxProcsNow:  1  numCPU:  1
rows: ------------>  79918
TotalExecutionTime, 19.67117401s , 19671174 μs, 19671 ms , 19.67117401 s
Finish Program
Connection closed.
___________________________________________________________________________________________________________

Executing experiment 1c-200f run 7...
___________________________________________________________________________________________________________

##############    EXECUTION PARAMETERS    #############
#######################################################
../input/small/30-0.02.csv
30-0.02-1c
1c-200f
10
#######################################################
Connection established.
maxProcsBefore:  1 maxProcsNow:  1  numCPU:  1
rows: ------------>  79918
TotalExecutionTime, 18.807166565s , 18807166 μs, 18807 ms , 18.807166565 s
Finish Program
Connection closed.
___________________________________________________________________________________________________________

Executing experiment 1c-200f run 8...
___________________________________________________________________________________________________________

##############    EXECUTION PARAMETERS    #############
#######################################################
../input/small/30-0.02.csv
30-0.02-1c
1c-200f
10
#######################################################
Connection established.
maxProcsBefore:  1 maxProcsNow:  1  numCPU:  1
rows: ------------>  79918
TotalExecutionTime, 19.194389827s , 19194389 μs, 19194 ms , 19.194389827 s
Finish Program
Connection closed.
___________________________________________________________________________________________________________

Executing experiment 1c-200f run 9...
___________________________________________________________________________________________________________

##############    EXECUTION PARAMETERS    #############
#######################################################
../input/small/30-0.02.csv
30-0.02-1c
1c-200f
10
#######################################################
Connection established.
maxProcsBefore:  1 maxProcsNow:  1  numCPU:  1
rows: ------------>  79918
TotalExecutionTime, 18.933899922s , 18933899 μs, 18933 ms , 18.933899922 s
Finish Program
Connection closed.
___________________________________________________________________________________________________________

Executing experiment 1c-200f run 10...
___________________________________________________________________________________________________________

##############    EXECUTION PARAMETERS    #############
#######################################################
../input/small/30-0.02.csv
30-0.02-1c
1c-200f
10
#######################################################
Connection established.
maxProcsBefore:  1 maxProcsNow:  1  numCPU:  1
rows: ------------>  79918
TotalExecutionTime, 18.986531707s , 18986531 μs, 18986 ms , 18.986531707 s
Finish Program
Connection closed.
Directory 'output/1c-500f-avg' created.
___________________________________________________________________________________________________________

Executing experiment 1c-500f run 1...
___________________________________________________________________________________________________________

##############    EXECUTION PARAMETERS    #############
#######################################################
../input/small/30-0.02.csv
30-0.02-1c
1c-500f
4
#######################################################
Connection established.
maxProcsBefore:  1 maxProcsNow:  1  numCPU:  1
rows: ------------>  79918
TotalExecutionTime, 20.132033429s , 20132033 μs, 20132 ms , 20.132033429 s
Finish Program
Connection closed.
___________________________________________________________________________________________________________

Executing experiment 1c-500f run 2...
___________________________________________________________________________________________________________

##############    EXECUTION PARAMETERS    #############
#######################################################
../input/small/30-0.02.csv
30-0.02-1c
1c-500f
4
#######################################################
Connection established.
maxProcsBefore:  1 maxProcsNow:  1  numCPU:  1
rows: ------------>  79918
TotalExecutionTime, 20.565969694s , 20565969 μs, 20565 ms , 20.565969694 s
Finish Program
Connection closed.
___________________________________________________________________________________________________________

Executing experiment 1c-500f run 3...
___________________________________________________________________________________________________________

##############    EXECUTION PARAMETERS    #############
#######################################################
../input/small/30-0.02.csv
30-0.02-1c
1c-500f
4
#######################################################
Connection established.
maxProcsBefore:  1 maxProcsNow:  1  numCPU:  1
rows: ------------>  79918
TotalExecutionTime, 20.384568547s , 20384568 μs, 20384 ms , 20.384568547 s
Finish Program
Connection closed.
___________________________________________________________________________________________________________

Executing experiment 1c-500f run 4...
___________________________________________________________________________________________________________

##############    EXECUTION PARAMETERS    #############
#######################################################
../input/small/30-0.02.csv
30-0.02-1c
1c-500f
4
#######################################################
Connection established.
maxProcsBefore:  1 maxProcsNow:  1  numCPU:  1
rows: ------------>  79918
TotalExecutionTime, 20.266347217s , 20266347 μs, 20266 ms , 20.266347217 s
Finish Program
Connection closed.
___________________________________________________________________________________________________________

Executing experiment 1c-500f run 5...
___________________________________________________________________________________________________________

##############    EXECUTION PARAMETERS    #############
#######################################################
../input/small/30-0.02.csv
30-0.02-1c
1c-500f
4
#######################################################
Connection established.
maxProcsBefore:  1 maxProcsNow:  1  numCPU:  1
rows: ------------>  79918
TotalExecutionTime, 20.868200465s , 20868200 μs, 20868 ms , 20.868200465 s
Finish Program
Connection closed.
___________________________________________________________________________________________________________

Executing experiment 1c-500f run 6...
___________________________________________________________________________________________________________

##############    EXECUTION PARAMETERS    #############
#######################################################
../input/small/30-0.02.csv
30-0.02-1c
1c-500f
4
#######################################################
Connection established.
maxProcsBefore:  1 maxProcsNow:  1  numCPU:  1
rows: ------------>  79918
TotalExecutionTime, 20.158306914s , 20158306 μs, 20158 ms , 20.158306914 s
Finish Program
Connection closed.
___________________________________________________________________________________________________________

Executing experiment 1c-500f run 7...
___________________________________________________________________________________________________________

##############    EXECUTION PARAMETERS    #############
#######################################################
../input/small/30-0.02.csv
30-0.02-1c
1c-500f
4
#######################################################
Connection established.
maxProcsBefore:  1 maxProcsNow:  1  numCPU:  1
rows: ------------>  79918
TotalExecutionTime, 21.280565115s , 21280565 μs, 21280 ms , 21.280565115 s
Finish Program
Connection closed.
___________________________________________________________________________________________________________

Executing experiment 1c-500f run 8...
___________________________________________________________________________________________________________

##############    EXECUTION PARAMETERS    #############
#######################################################
../input/small/30-0.02.csv
30-0.02-1c
1c-500f
4
#######################################################
Connection established.
maxProcsBefore:  1 maxProcsNow:  1  numCPU:  1
rows: ------------>  79918
TotalExecutionTime, 21.354974879s , 21354974 μs, 21354 ms , 21.354974879 s
Finish Program
Connection closed.
___________________________________________________________________________________________________________

Executing experiment 1c-500f run 9...
___________________________________________________________________________________________________________

##############    EXECUTION PARAMETERS    #############
#######################################################
../input/small/30-0.02.csv
30-0.02-1c
1c-500f
4
#######################################################
Connection established.
maxProcsBefore:  1 maxProcsNow:  1  numCPU:  1
rows: ------------>  79918
TotalExecutionTime, 20.41965209s , 20419652 μs, 20419 ms , 20.41965209 s
Finish Program
Connection closed.
___________________________________________________________________________________________________________

Executing experiment 1c-500f run 10...
___________________________________________________________________________________________________________

##############    EXECUTION PARAMETERS    #############
#######################################################
../input/small/30-0.02.csv
30-0.02-1c
1c-500f
4
#######################################################
Connection established.
maxProcsBefore:  1 maxProcsNow:  1  numCPU:  1
rows: ------------>  79918
TotalExecutionTime, 20.019976329s , 20019976 μs, 20019 ms , 20.019976329 s
Finish Program
Connection closed.
Directory 'output/1c-1000f-avg' created.
___________________________________________________________________________________________________________

Executing experiment 1c-1000f run 1...
___________________________________________________________________________________________________________

##############    EXECUTION PARAMETERS    #############
#######################################################
../input/small/30-0.02.csv
30-0.02-1c
1c-1000f
2
#######################################################
Connection established.
maxProcsBefore:  1 maxProcsNow:  1  numCPU:  1
rows: ------------>  79918
TotalExecutionTime, 22.435638643s , 22435638 μs, 22435 ms , 22.435638643 s
Finish Program
Connection closed.
___________________________________________________________________________________________________________

Executing experiment 1c-1000f run 2...
___________________________________________________________________________________________________________

##############    EXECUTION PARAMETERS    #############
#######################################################
../input/small/30-0.02.csv
30-0.02-1c
1c-1000f
2
#######################################################
Connection established.
maxProcsBefore:  1 maxProcsNow:  1  numCPU:  1
rows: ------------>  79918
TotalExecutionTime, 22.822613286s , 22822613 μs, 22822 ms , 22.822613286 s
Finish Program
Connection closed.
___________________________________________________________________________________________________________

Executing experiment 1c-1000f run 3...
___________________________________________________________________________________________________________

##############    EXECUTION PARAMETERS    #############
#######################################################
../input/small/30-0.02.csv
30-0.02-1c
1c-1000f
2
#######################################################
Connection established.
maxProcsBefore:  1 maxProcsNow:  1  numCPU:  1
rows: ------------>  79918
TotalExecutionTime, 23.534718439s , 23534718 μs, 23534 ms , 23.534718439 s
Finish Program
Connection closed.
___________________________________________________________________________________________________________

Executing experiment 1c-1000f run 4...
___________________________________________________________________________________________________________

##############    EXECUTION PARAMETERS    #############
#######################################################
../input/small/30-0.02.csv
30-0.02-1c
1c-1000f
2
#######################################################
Connection established.
maxProcsBefore:  1 maxProcsNow:  1  numCPU:  1
rows: ------------>  79918
TotalExecutionTime, 23.637099224s , 23637099 μs, 23637 ms , 23.637099224 s
Finish Program
Connection closed.
___________________________________________________________________________________________________________

Executing experiment 1c-1000f run 5...
___________________________________________________________________________________________________________

##############    EXECUTION PARAMETERS    #############
#######################################################
../input/small/30-0.02.csv
30-0.02-1c
1c-1000f
2
#######################################################
Connection established.
maxProcsBefore:  1 maxProcsNow:  1  numCPU:  1
rows: ------------>  79918
TotalExecutionTime, 23.009890301s , 23009890 μs, 23009 ms , 23.009890301 s
Finish Program
Connection closed.
___________________________________________________________________________________________________________

Executing experiment 1c-1000f run 6...
___________________________________________________________________________________________________________

##############    EXECUTION PARAMETERS    #############
#######################################################
../input/small/30-0.02.csv
30-0.02-1c
1c-1000f
2
#######################################################
Connection established.
maxProcsBefore:  1 maxProcsNow:  1  numCPU:  1
rows: ------------>  79918
TotalExecutionTime, 22.335536982s , 22335536 μs, 22335 ms , 22.335536982 s
Finish Program
Connection closed.
___________________________________________________________________________________________________________

Executing experiment 1c-1000f run 7...
___________________________________________________________________________________________________________

##############    EXECUTION PARAMETERS    #############
#######################################################
../input/small/30-0.02.csv
30-0.02-1c
1c-1000f
2
#######################################################
Connection established.
maxProcsBefore:  1 maxProcsNow:  1  numCPU:  1
rows: ------------>  79918
TotalExecutionTime, 22.968049518s , 22968049 μs, 22968 ms , 22.968049518 s
Finish Program
Connection closed.
___________________________________________________________________________________________________________

Executing experiment 1c-1000f run 8...
___________________________________________________________________________________________________________

##############    EXECUTION PARAMETERS    #############
#######################################################
../input/small/30-0.02.csv
30-0.02-1c
1c-1000f
2
#######################################################
Connection established.
maxProcsBefore:  1 maxProcsNow:  1  numCPU:  1
rows: ------------>  79918
TotalExecutionTime, 22.475552599s , 22475552 μs, 22475 ms , 22.475552599 s
Finish Program
Connection closed.
___________________________________________________________________________________________________________

Executing experiment 1c-1000f run 9...
___________________________________________________________________________________________________________

##############    EXECUTION PARAMETERS    #############
#######################################################
../input/small/30-0.02.csv
30-0.02-1c
1c-1000f
2
#######################################################
Connection established.
maxProcsBefore:  1 maxProcsNow:  1  numCPU:  1
rows: ------------>  79918
TotalExecutionTime, 22.783029924s , 22783029 μs, 22783 ms , 22.783029924 s
Finish Program
Connection closed.
___________________________________________________________________________________________________________

Executing experiment 1c-1000f run 10...
___________________________________________________________________________________________________________

##############    EXECUTION PARAMETERS    #############
#######################################################
../input/small/30-0.02.csv
30-0.02-1c
1c-1000f
2
#######################################################
Connection established.
maxProcsBefore:  1 maxProcsNow:  1  numCPU:  1
rows: ------------>  79918
TotalExecutionTime, 22.433200765s , 22433200 μs, 22433 ms , 22.433200765 s
Finish Program
Connection closed.
Directory 'output/1c-2000f-avg' created.
___________________________________________________________________________________________________________

Executing experiment 1c-2000f run 1...
___________________________________________________________________________________________________________

##############    EXECUTION PARAMETERS    #############
#######################################################
../input/small/30-0.02.csv
30-0.02-1c
1c-2000f
1
#######################################################
Connection established.
maxProcsBefore:  1 maxProcsNow:  1  numCPU:  1
rows: ------------>  79918
TotalExecutionTime, 28.680187365s , 28680187 μs, 28680 ms , 28.680187365 s
Finish Program
Connection closed.
___________________________________________________________________________________________________________

Executing experiment 1c-2000f run 2...
___________________________________________________________________________________________________________

##############    EXECUTION PARAMETERS    #############
#######################################################
../input/small/30-0.02.csv
30-0.02-1c
1c-2000f
1
#######################################################
Connection established.
maxProcsBefore:  1 maxProcsNow:  1  numCPU:  1
rows: ------------>  79918
TotalExecutionTime, 27.666560695s , 27666560 μs, 27666 ms , 27.666560695 s
Finish Program
Connection closed.
___________________________________________________________________________________________________________

Executing experiment 1c-2000f run 3...
___________________________________________________________________________________________________________

##############    EXECUTION PARAMETERS    #############
#######################################################
../input/small/30-0.02.csv
30-0.02-1c
1c-2000f
1
#######################################################
Connection established.
maxProcsBefore:  1 maxProcsNow:  1  numCPU:  1
rows: ------------>  79918
TotalExecutionTime, 28.453142418s , 28453142 μs, 28453 ms , 28.453142418 s
Finish Program
Connection closed.
___________________________________________________________________________________________________________

Executing experiment 1c-2000f run 4...
___________________________________________________________________________________________________________

##############    EXECUTION PARAMETERS    #############
#######################################################
../input/small/30-0.02.csv
30-0.02-1c
1c-2000f
1
#######################################################
Connection established.
maxProcsBefore:  1 maxProcsNow:  1  numCPU:  1
rows: ------------>  79918
TotalExecutionTime, 27.321089593s , 27321089 μs, 27321 ms , 27.321089593 s
Finish Program
Connection closed.
___________________________________________________________________________________________________________

Executing experiment 1c-2000f run 5...
___________________________________________________________________________________________________________

##############    EXECUTION PARAMETERS    #############
#######################################################
../input/small/30-0.02.csv
30-0.02-1c
1c-2000f
1
#######################################################
Connection established.
maxProcsBefore:  1 maxProcsNow:  1  numCPU:  1
rows: ------------>  79918
TotalExecutionTime, 27.936407886s , 27936407 μs, 27936 ms , 27.936407886 s
Finish Program
Connection closed.
___________________________________________________________________________________________________________

Executing experiment 1c-2000f run 6...
___________________________________________________________________________________________________________

##############    EXECUTION PARAMETERS    #############
#######################################################
../input/small/30-0.02.csv
30-0.02-1c
1c-2000f
1
#######################################################
Connection established.
maxProcsBefore:  1 maxProcsNow:  1  numCPU:  1
rows: ------------>  79918
TotalExecutionTime, 28.386969216s , 28386969 μs, 28386 ms , 28.386969216 s
Finish Program
Connection closed.
___________________________________________________________________________________________________________

Executing experiment 1c-2000f run 7...
___________________________________________________________________________________________________________

##############    EXECUTION PARAMETERS    #############
#######################################################
../input/small/30-0.02.csv
30-0.02-1c
1c-2000f
1
#######################################################
Connection established.
maxProcsBefore:  1 maxProcsNow:  1  numCPU:  1
rows: ------------>  79918
TotalExecutionTime, 27.866242773s , 27866242 μs, 27866 ms , 27.866242773 s
Finish Program
Connection closed.
___________________________________________________________________________________________________________

Executing experiment 1c-2000f run 8...
___________________________________________________________________________________________________________

##############    EXECUTION PARAMETERS    #############
#######################################################
../input/small/30-0.02.csv
30-0.02-1c
1c-2000f
1
#######################################################
Connection established.
maxProcsBefore:  1 maxProcsNow:  1  numCPU:  1
rows: ------------>  79918
TotalExecutionTime, 28.034821478s , 28034821 μs, 28034 ms , 28.034821478 s
Finish Program
Connection closed.
___________________________________________________________________________________________________________

Executing experiment 1c-2000f run 9...
___________________________________________________________________________________________________________

##############    EXECUTION PARAMETERS    #############
#######################################################
../input/small/30-0.02.csv
30-0.02-1c
1c-2000f
1
#######################################################
Connection established.
maxProcsBefore:  1 maxProcsNow:  1  numCPU:  1
rows: ------------>  79918
TotalExecutionTime, 28.24220584s , 28242205 μs, 28242 ms , 28.24220584 s
Finish Program
Connection closed.
___________________________________________________________________________________________________________

Executing experiment 1c-2000f run 10...
___________________________________________________________________________________________________________

##############    EXECUTION PARAMETERS    #############
#######################################################
../input/small/30-0.02.csv
30-0.02-1c
1c-2000f
1
#######################################################
Connection established.
maxProcsBefore:  1 maxProcsNow:  1  numCPU:  1
rows: ------------>  79918
TotalExecutionTime, 27.385128601s , 27385128 μs, 27385 ms , 27.385128601 s
Finish Program
Connection closed.
